juil. 24, 2019 11:53:33 PM Main preInit
GRAVE: Mon PLUGIN est reveillé!
juil. 24, 2019 11:53:33 PM Main preInit
GRAVE: Mon PLUGIN est reveillé!
SLF4J: Failed to load class "org.slf4j.impl.StaticLoggerBinder".
SLF4J: Defaulting to no-operation (NOP) logger implementation
SLF4J: See http://www.slf4j.org/codes.html#StaticLoggerBinder for further details.
SLF4J: Failed to load class "org.slf4j.impl.StaticMDCBinder".
SLF4J: Defaulting to no-operation MDCAdapter implementation.
SLF4J: See http://www.slf4j.org/codes.html#no_static_mdc_binder for further details.
[main] INFO JDA - Login Successful!
[JDA MainWS-ReadThread] INFO WebSocketClient - Connected to WebSocket
[JDA MainWS-ReadThread] INFO JDA - Finished Loading!
juil. 24, 2019 11:53:35 PM NewCommand init
INFOS: Initializing NewCommand
juil. 24, 2019 11:53:35 PM NewCommand init
INFOS: Initializing NewCommand
juil. 24, 2019 11:53:36 PM Main postInit
GRAVE: Tout est lancé Chef!
juil. 24, 2019 11:53:36 PM Main postInit
GRAVE: Tout est lancé Chef!
960 [DiamsBot-Main] INFO  diamssword.bot.Main : --Loading Commands--
23:53:35:979 [DiamsBot-Main] INFO  diamssword.bot.Main : ...Done!
23:53:35:981 [DiamsBot-Main] INFO  diamssword.bot.Main : --Loading Stored Datas for each guilds--
23:53:35:985 [DiamsBot-Main] INFO  diamssword.bot.storage.Storage : Loaded class com.diamssword.bot.api.actions.storage.GuildStorage for Le domaine des dieux !'s guild!
23:53:35:997 [DiamsBot-Main] INFO  diamssword.bot.storage.Storage : Loaded class com.diamssword.bot.api.actions.storage.GuildStorage for Le domaine des dieux !'s guild!
23:53:36:4 [DiamsBot-Main] INFO  diamssword.bot.storage.Storage : Loaded class com.diamssword.bot.api.actions.storage.GuildStorage for Le domaine des dieux !'s guild!
23:53:36:8 [DiamsBot-Main] INFO  diamssword.bot.storage.Storage : Loaded class com.diamssword.bot.api.actions.storage.GuildStorage for Le domaine des dieux !'s guild!
23:53:36:10 [DiamsBot-Main] INFO  diamssword.bot.storage.Storage : Loaded class com.diamssword.bot.api.actions.storage.GuildStorage for Le domaine des dieux !'s guild!
23:53:36:12 [DiamsBot-Main] INFO  diamssword.bot.storage.Storage : Loaded class com.diamssword.bot.api.actions.storage.GuildStorage for La Secte d'Olüm's guild!
23:53:36:14 [DiamsBot-Main] INFO  diamssword.bot.storage.Storage : Loaded class com.diamssword.bot.api.actions.storage.GuildStorage for La Secte d'Olüm's guild!
23:53:36:16 [DiamsBot-Main] INFO  diamssword.bot.storage.Storage : Loaded class com.diamssword.bot.api.actions.storage.GuildStorage for La Secte d'Olüm's guild!
23:53:36:18 [DiamsBot-Main] INFO  diamssword.bot.storage.Storage : Loaded class com.diamssword.bot.api.actions.storage.GuildStorage for La Secte d'Olüm's guild!
23:53:36:22 [DiamsBot-Main] INFO  diamssword.bot.storage.Storage : Loaded class com.diamssword.bot.api.actions.storage.GuildStorage for La Secte d'Olüm's guild!
23:53:36:25 [DiamsBot-Main] INFO  diamssword.bot.storage.Storage : Loaded class com.diamssword.bot.api.actions.storage.GuildStorage for Jumpers's guild!
23:53:36:27 [DiamsBot-Main] INFO  diamssword.bot.storage.Storage : Loaded class com.diamssword.bot.api.actions.storage.GuildStorage for Jumpers's guild!
23:53:36:30 [DiamsBot-Main] INFO  diamssword.bot.storage.Storage : Loaded class com.diamssword.bot.api.actions.storage.GuildStorage for Jumpers's guild!
23:53:36:32 [DiamsBot-Main] INFO  diamssword.bot.storage.Storage : Loaded class com.diamssword.bot.api.actions.storage.GuildStorage for Jumpers's guild!
23:53:36:34 [DiamsBot-Main] INFO  diamssword.bot.storage.Storage : Loaded class com.diamssword.bot.api.actions.storage.GuildStorage for Jumpers's guild!
23:53:36:39 [DiamsBot-Main] INFO  diamssword.bot.storage.Storage : Loaded class com.diamssword.bot.api.actions.storage.GuildStorage for Les dégénérés's guild!
23:53:36:47 [DiamsBot-Main] INFO  diamssword.bot.storage.Storage : Loaded class com.diamssword.bot.api.actions.storage.GuildStorage for Les dégénérés's guild!
23:53:36:53 [DiamsBot-Main] INFO  diamssword.bot.storage.Storage : Loaded class com.diamssword.bot.api.actions.storage.GuildStorage for Les dégénérés's guild!
23:53:36:60 [DiamsBot-Main] INFO  diamssword.bot.storage.Storage : Loaded class com.diamssword.bot.api.actions.storage.GuildStorage for Les dégénérés's guild!
23:53:36:65 [DiamsBot-Main] INFO  diamssword.bot.storage.Storage : Loaded class com.diamssword.bot.api.actions.storage.GuildStorage for Les dégénérés's guild!
23:53:36:67 [DiamsBot-Main] INFO  diamssword.bot.Main : ...Done!
23:53:36:73 [DiamsBot-Main] INFO  diamssword.bot.Main : --Clearing Caches--
23:53:36:86 [DiamsBot-Main] INFO  diamssword.bot.audio.TTS.TextToSpeechBot : Cleared TTSCache
23:53:36:87 [DiamsBot-Main] INFO  diamssword.bot.Main : ...Done!
23:53:36:92 [DiamsBot-Main] INFO  diamssword.bot.Main : --Initing ticking Thread--
23:53:36:98 [DiamsBot-Main] INFO  diamssword.bot.Main : ...Done!
23:53:36:102 [DiamsBot-Main] INFO  diamssword.bot.Main : --PostInit Plugins--
