SLF4J: Failed to load class "org.slf4j.impl.StaticLoggerBinder".
SLF4J: Defaulting to no-operation (NOP) logger implementation
SLF4J: See http://www.slf4j.org/codes.html#StaticLoggerBinder for further details.
SLF4J: Failed to load class "org.slf4j.impl.StaticMDCBinder".
SLF4J: Defaulting to no-operation MDCAdapter implementation.
SLF4J: See http://www.slf4j.org/codes.html#no_static_mdc_binder for further details.
[main] INFO JDA - Login Successful!
[JDA MainWS-ReadThread] INFO WebSocketClient - Connected to WebSocket
[JDA MainWS-ReadThread] INFO JDA - Finished Loading!
 INFO : diamssword.bot.Main : --Building and loading DiamsBot--
10:0:30:586 [DiamsBot-Main] INFO : diamssword.bot.Main : --Creating Storage and audioManager instance--
10:0:30:646 [DiamsBot-Main] INFO : diamssword.bot.Main : ...DONE!!
10:0:30:647 [DiamsBot-Main] INFO : diamssword.bot.Main : --Init Plugins--
10:0:30:688 [DiamsBot-Main] INFO : diamssword.bot.Main : --Init PermissionManager--
10:0:30:690 [DiamsBot-Main] INFO : diamssword.bot.Main : --Loading Commands--
10:0:30:725 [DiamsBot-Main] INFO : diamssword.bot.Main : ...Done!
10:0:30:726 [DiamsBot-Main] INFO : diamssword.bot.Main : --Loading Stored Datas for each guilds--
10:0:30:792 [DiamsBot-Main] INFO : diamssword.bot.Main : ...Done!
10:0:30:794 [DiamsBot-Main] INFO : diamssword.bot.Main : --Clearing Caches--
10:0:30:800 [DiamsBot-Main] INFO : diamssword.bot.audio.TTS.TextToSpeechBot : Cleared TTSCache
10:0:30:802 [DiamsBot-Main] INFO : diamssword.bot.Main : ...Done!
10:0:30:803 [DiamsBot-Main] INFO : diamssword.bot.Main : --Initing ticking Thread--
10:0:30:805 [DiamsBot-Main] INFO : diamssword.bot.Main : ...Done!
10:0:30:807 [DiamsBot-Main] INFO : diamssword.bot.Main : --PostInit Plugins--
<@210359923337330688>
<@193667428410982401>
