SLF4J: Failed to load class "org.slf4j.impl.StaticLoggerBinder".
SLF4J: Defaulting to no-operation (NOP) logger implementation
SLF4J: See http://www.slf4j.org/codes.html#StaticLoggerBinder for further details.
SLF4J: Failed to load class "org.slf4j.impl.StaticMDCBinder".
SLF4J: Defaulting to no-operation MDCAdapter implementation.
SLF4J: See http://www.slf4j.org/codes.html#no_static_mdc_binder for further details.
[main] INFO JDA - Login Successful!
[JDA MainWS-ReadThread] INFO WebSocketClient - Connected to WebSocket
[JDA MainWS-WriteThread] ERROR WebSocketClient - Encountered IDENTIFY Rate Limit!
[JDA MainWS-WriteThread] WARN WebSoc0:21:39:201 [DiamsBot-Main] INFO : diamssword.bot.Main : --Creating Storage and audioManager instance--
0:21:39:277 [DiamsBot-Main] INFO : diamssword.bot.Main : ...DONE!!
0:21:39:278 [DiamsBot-Main] INFO : diamssword.bot.Main : --Init Plugins--
0:21:39:319 [DiamsBot-Main] INFO : diamssword.bot.Main : --Init PermissionManager--
0:21:39:321 [DiamsBot-Main] INFO : diamssword.bot.Main : --Loading Commands--
0:21:39:350 [DiamsBot-Main] INFO : diamssword.bot.Main : ...Done!
0:21:39:351 [DiamsBot-Main] INFO : diamssword.bot.Main : --Loading Stored Datas for each guilds--
0:21:39:410 [DiamsBot-Main] INFO : diamssword.bot.Main : ...Done!
0:21:39:410 [DiamsBot-Main] INFO : diamssword.bot.Main : --Clearing Caches--
0:21:39:420 [DiamsBot-Main] INFO : diamssword.bot.audio.TTS.TextToSpeechBot : Cleared TTSCache
0:21:39:421 [DiamsBot-Main] INFO : diamssword.bot.Main : ...Done!
0:21:39:421 [DiamsBot-Main] INFO : diamssword.bot.Main : --Initing ticking Thread--
0:21:39:423 [DiamsBot-Main] INFO : diamssword.bot.Main : ...Done!
0:21:39:424 [DiamsBot-Main] INFO : diamssword.bot.Main : --PostInit Plugins--
null
