SLF4J: Failed to load class "org.slf4j.impl.StaticLoggerBinder".
SLF4J: Defaulting to no-operation (NOP) logger implementation
SLF4J: See http://www.slf4j.org/codes.html#StaticLoggerBinder for further details.
SLF4J: Failed to load class "org.slf4j.impl.StaticMDCBinder".
SLF4J: Defaulting to no-operation MDCAdapter implementation.
SLF4J: See http://www.slf4j.org/codes.html#no_static_mdc_binder for further details.
[main] INFO JDA - Login Successful!
[JDA MainWS-WriteThread] INFO WebSocketClient - Connected to WebSocket
[JDA MainWS-ReadThread] INFO JDA - Finished Loading!
diamssword.bot.Main : --Building and loading DiamsBot--
9:49:2:396 [DiamsBot-Main] INFO : diamssword.bot.Main : --Creating Storage and audioManager instance--
9:49:2:495 [DiamsBot-Main] INFO : diamssword.bot.Main : ...DONE!!
9:49:2:496 [DiamsBot-Main] INFO : diamssword.bot.Main : --Init Plugins--
9:49:2:584 [DiamsBot-Main] INFO : diamssword.bot.Main : --Init PermissionManager--
9:49:2:598 [DiamsBot-Main] INFO : diamssword.bot.Main : --Loading Commands--
9:49:2:646 [DiamsBot-Main] INFO : diamssword.bot.Main : ...Done!
9:49:2:647 [DiamsBot-Main] INFO : diamssword.bot.Main : --Loading Stored Datas for each guilds--
9:49:2:823 [DiamsBot-Main] INFO : diamssword.bot.Main : ...Done!
9:49:2:824 [DiamsBot-Main] INFO : diamssword.bot.Main : --Clearing Caches--
9:49:2:830 [DiamsBot-Main] INFO : diamssword.bot.audio.TTS.TextToSpeechBot : Cleared TTSCache
9:49:2:831 [DiamsBot-Main] INFO : diamssword.bot.Main : ...Done!
9:49:2:832 [DiamsBot-Main] INFO : diamssword.bot.Main : --Initing ticking Thread--
9:49:2:846 [DiamsBot-Main] INFO : diamssword.bot.Main : ...Done!
9:49:2:847 [DiamsBot-Main] INFO : diamssword.bot.Main : --PostInit Plugins--
