0:56:45:204 [name] SEVERE  diamssword.bot.plugins.LoadPlugins : Found a Duplicated Plugin ID!   ID: Diams_bot_plugin2    Names:DiamsBot Second Plugin/DiamsBot Second Plugin
0:56:45:206 [name] SEVERE  diamssword.bot.plugins.LoadPlugins : Keeping the plugin instance from: class Main   The new one : class Main (In the jar file 'botdata\plugins\DiamsBotP0:56:45:211 [name] INFO  diamssworjuil. 25, 2019 12:56:45 AM Main preInit
GRAVE: Mon PLUGIN est reveillé!
juil. 25, 2019 12:56:45 AM Main preInit
GRAVE: Mon PLUGIN est reveillé!
SLF4J: Failed to load class "org.slf4j.impl.StaticLoggerBinder".
SLF4J: Defaulting to no-operation (NOP) logger implementation
SLF4J: See http://www.slf4j.org/codes.html#StaticLoggerBinder for further details.
SLF4J: Failed to load class "org.slf4j.impl.StaticMDCBinder".
SLF4J: Defaulting to no-operatio0:56:48:252 [name] INFO  diamssword.bot.Main : --Creating Storage and audioManager instance--
0:56:48:319 [name] INFO  diamssword.bot.Main : ...DONE!!
0:56:48:320 [name] INFO  diamssword.bot.Main : --Init Plugins--
0:56:48:334 [name] INFO  diamssword.bot.Main : --Loading Commjuil. 25, 2019 12:56:48 AM NewCommand init
INFOS: Initializing NewCommand
juil. 25, 2019 12:56:48 AM NewCommand init
INFOS: Initializing NewCommand
juil. 25, 2019 12:56:48 AM Main postInit
GRAVE: Tout est lancé Chef!
juil. 25, 2019 12:56:48 AM Main postInit
GRAVE: Tout est lancé Chef!
FO  com.diamssword.bot.api.actions.Registry : Registering new Command: help
0:56:48:340 [name] INFO  com.diamssword.bot.api.actions.Registry : Registering new Command: help
0:56:48:344 [name] INFO  com.diamssword.bot.api.actions.Registry : Registering new Command: meme
0:56:48:344 [name] INFO  com.diamssword.bot.api.actions.Registry : Registering new Command: meme
0:56:48:347 [name] INFO  com.diamssword.bot.api.actions.Registry : Registering new Command: wordbind
0:56:48:347 [name] INFO  com.diamssword.bot.api.actions.Registry : Registering new Command: wordbind
0:56:48:350 [name] INFO  com.diamssword.bot.api.actions.Registry : Registering new Command: voicebind
0:56:48:350 [name] INFO  com.diamssword.bot.api.actions.Registry : Registering new Command: voicebind
0:56:48:352 [name] INFO  com.diamssword.bot.api.actions.Registry : Registering new Command: IFuck
0:56:48:352 [name] INFO  com.diamssword.bot.api.actions.Registry : Registering new Command: IFuck
0:56:48:357 [name] INFO  com.diamssword.bot.api.actions.Registry : Registering new Command: fact
0:56:48:357 [name] INFO  com.diamssword.bot.api.actions.Registry : Registering new Command: fact
0:56:48:360 [name] INFO  com.diamssword.bot.api.actions.Registry : Registering new Command: roll
0:56:48:360 [name] INFO  com.diamssword.bot.api.actions.Registry : Registering new Command: roll
0:56:48:363 [name] INFO  com.diamssword.bot.api.actions.Registry : Registering new Command: wizz
0:56:48:363 [name] INFO  com.diamssword.bot.api.actions.Registry : Registering new Command: wizz
0:56:48:367 [name] INFO  com.diamssword.bot.api.actions.Registry : Registering new Command: lol
0:56:48:367 [name] INFO  com.diamssword.bot.api.actions.Registry : Registering new Command: lol
0:56:48:369 [name] INFO  com.diamssword.bot.api.actions.Registry : Registering new Command: hell
0:56:48:369 [name] INFO  com.diamssword.bot.api.actions.Registry : Registering new Command: hell
0:56:48:372 [name] INFO  com.diamssword.bot.api.actions.Registry : Registering new Command: pokedex
0:56:48:372 [name] INFO  com.diamssword.bot.api.actions.Registry : Registering new Command: pokedex
0:56:48:375 [name] INFO  com.diamssword.bot.api.actions.Registry : Registering new Command: cyanide
0:56:48:375 [name] INFO  com.diamssword.bot.api.actions.Registry : Registering new Command: cyanide
0:56:48:377 [name] INFO  com.diamssword.bot.api.actions.Registry : Registering new Command: tts
0:56:48:377 [name] INFO  com.diamssword.bot.api.actions.Registry : Registering new Command: tts
0:56:48:380 [name] INFO  com.diamssword.bot.api.actions.Registry : Registering new Command: plugin
0:56:48:380 [name] INFO  com.diamssword.bot.api.actions.Registry : Registering new Command: plugin
0:56:48:386 [name] INFO  com.diamssword.bot.api.actions.Registry : Registering new Command: plugin
0:56:48:386 [name] INFO  com.diamssword.bot.api.actions.Registry : Registering new Command: plugin
0:56:48:391 [name] INFO  com.diamssword.bot.api.actions.Registry : Registering new Action: 'Is This' generator
0:56:48:391 [name] INFO  com.diamssword.bot.api.actions.Registry : Registering new Action: 'Is This' generator
0:56:48:396 [name] INFO  com.diamssword.bot.api.actions.Registry : Registering new Action: Word to Image Binder
0:56:48:396 [name] INFO  com.diamssword.bot.api.actions.Registry : Registering new Action: Word to Image Binder
0:56:48:400 [name] INFO  com.diamssword.bot.api.actions.Registry : Registering new Action: Word to Voice Binder
0:56:48:400 [name] INFO  com.diamssword.bot.api.actions.Registry : Registering new Action: Word to Voice Binder
0:56:48:403 [name] INFO  com.diamssword.bot.api.actions.Registry : Registering new Action: ChatBot
0:56:48:403 [name] INFO  com.diamssword.bot.api.actions.Registry : Registering new Action: ChatBot
0:56:48:406 [name] INFO  diamssword.bot.Main : ...Done!
0:56:48:406 [name] INFO  diamssword.bot.Main : ...Done!
0:56:48:409 [name] INFO  diamssword.bot.Main : --Loading Stored Datas for each guilds--
0:56:48:409 [name] INFO  diamssword.bot.Main : --Loading Stored Datas for each guilds--
0:56:48:413 [name] INFO  diamssword.bot.storage.Storage : Loaded GuildStorage:JudasSavable for Le domaine des dieux !'s guild!
0:56:48:413 [name] INFO  diamssword.bot.storage.Storage : Loaded GuildStorage:JudasSavable for Le domaine des dieux !'s guild!
0:56:48:427 [name] INFO  diamssword.bot.storage.Storage : Loaded GuildStorage:JudasSavableWords for Le domaine des dieux !'s guild!
0:56:48:427 [name] INFO  diamssword.bot.storage.Storage : Loaded GuildStorage:JudasSavableWords for Le domaine des dieux !'s guild!
0:56:48:437 [name] INFO  diamssword.bot.storage.Storage : Loaded GuildStorage:TTSSavable for Le domaine des dieux !'s guild!
0:56:48:437 [name] INFO  diamssword.bot.storage.Storage : Loaded GuildStorage:TTSSavable for Le domaine des dieux !'s guild!
0:56:48:440 [name] INFO  diamssword.bot.storage.Storage : Loaded GuildStorage:WordImgSavable for Le domaine des dieux !'s guild!
0:56:48:440 [name] INFO  diamssword.bot.storage.Storage : Loaded GuildStorage:WordImgSavable for Le domaine des dieux !'s guild!
0:56:48:442 [name] INFO  diamssword.bot.storage.Storage : Loaded GuildStorage:WordVoiceSavable for Le domaine des dieux !'s guild!
0:56:48:442 [name] INFO  diamssword.bot.storage.Storage : Loaded GuildStorage:WordVoiceSavable for Le domaine des dieux !'s guild!
0:56:48:444 [name] INFO  diamssword.bot.storage.Storage : Loaded GuildStorage:JudasSavable for La Secte d'Olüm's guild!
0:56:48:444 [name] INFO  diamssword.bot.storage.Storage : Loaded GuildStorage:JudasSavable for La Secte d'Olüm's guild!
0:56:48:448 [name] INFO  diamssword.bot.storage.Storage : Loaded GuildStorage:JudasSavableWords for La Secte d'Olüm's guild!
0:56:48:448 [name] INFO  diamssword.bot.storage.Storage : Loaded GuildStorage:JudasSavableWords for La Secte d'Olüm's guild!
0:56:48:451 [name] INFO  diamssword.bot.storage.Storage : Loaded GuildStorage:TTSSavable for La Secte d'Olüm's guild!
0:56:48:451 [name] INFO  diamssword.bot.storage.Storage : Loaded GuildStorage:TTSSavable for La Secte d'Olüm's guild!
0:56:48:452 [name] INFO  diamssword.bot.storage.Storage : Loaded GuildStorage:WordImgSavable for La Secte d'Olüm's guild!
0:56:48:452 [name] INFO  diamssword.bot.storage.Storage : Loaded GuildStorage:WordImgSavable for La Secte d'Olüm's guild!
0:56:48:454 [name] INFO  diamssword.bot.storage.Storage : Loaded GuildStorage:WordVoiceSavable for La Secte d'Olüm's guild!
0:56:48:454 [name] INFO  diamssword.bot.storage.Storage : Loaded GuildStorage:WordVoiceSavable for La Secte d'Olüm's guild!
0:56:48:457 [name] INFO  diamssword.bot.storage.Storage : Loaded GuildStorage:JudasSavable for Jumpers's guild!
0:56:48:457 [name] INFO  diamssword.bot.storage.Storage : Loaded GuildStorage:JudasSavable for Jumpers's guild!
0:56:48:459 [name] INFO  diamssword.bot.storage.Storage : Loaded GuildStorage:JudasSavableWords for Jumpers's guild!
0:56:48:459 [name] INFO  diamssword.bot.storage.Storage : Loaded GuildStorage:JudasSavableWords for Jumpers's guild!
0:56:48:462 [name] INFO  diamssword.bot.storage.Storage : Loaded GuildStorage:TTSSavable for Jumpers's guild!
0:56:48:462 [name] INFO  diamssword.bot.storage.Storage : Loaded GuildStorage:TTSSavable for Jumpers's guild!
0:56:48:464 [name] INFO  diamssword.bot.storage.Storage : Loaded GuildStorage:WordImgSavable for Jumpers's guild!
0:56:48:464 [name] INFO  diamssword.bot.storage.Storage : Loaded GuildStorage:WordImgSavable for Jumpers's guild!
0:56:48:467 [name] INFO  diamssword.bot.storage.Storage : Loaded GuildStorage:WordVoiceSavable for Jumpers's guild!
0:56:48:467 [name] INFO  diamssword.bot.storage.Storage : Loaded GuildStorage:WordVoiceSavable for Jumpers's guild!
0:56:48:469 [name] INFO  diamssword.bot.storage.Storage : Loaded GuildStorage:JudasSavable for Les dégénérés's guild!
0:56:48:469 [name] INFO  diamssword.bot.storage.Storage : Loaded GuildStorage:JudasSavable for Les dégénérés's guild!
0:56:48:472 [name] INFO  diamssword.bot.storage.Storage : Loaded GuildStorage:JudasSavableWords for Les dégénérés's guild!
0:56:48:472 [name] INFO  diamssword.bot.storage.Storage : Loaded GuildStorage:JudasSavableWords for Les dégénérés's guild!
0:56:48:476 [name] INFO  diamssword.bot.storage.Storage : Loaded GuildStorage:TTSSavable for Les dégénérés's guild!
0:56:48:476 [name] INFO  diamssword.bot.storage.Storage : Loaded GuildStorage:TTSSavable for Les dégénérés's guild!
0:56:48:479 [name] INFO  diamssword.bot.storage.Storage : Loaded GuildStorage:WordImgSavable for Les dégénérés's guild!
0:56:48:479 [name] INFO  diamssword.bot.storage.Storage : Loaded GuildStorage:WordImgSavable for Les dégénérés's guild!
0:56:48:483 [name] INFO  diamssword.bot.storage.Storage : Loaded GuildStorage:WordVoiceSavable for Les dégénérés's guild!
0:56:48:483 [name] INFO  diamssword.bot.storage.Storage : Loaded GuildStorage:WordVoiceSavable for Les dégénérés's guild!
0:56:48:485 [name] INFO  diamssword.bot.Main : ...Done!
0:56:48:485 [name] INFO  diamssword.bot.Main : ...Done!
0:56:48:486 [name] INFO  diamssword.bot.Main : --Clearing Caches--
0:56:48:486 [name] INFO  diamssword.bot.Main : --Clearing Caches--
0:56:48:493 [name] INFO  diamssword.bot.audio.TTS.TextToSpeechBot : Cleared TTSCache
0:56:48:493 [name] INFO  diamssword.bot.audio.TTS.TextToSpeechBot : Cleared TTSCache
0:56:48:494 [name] INFO  diamssword.bot.Main : ...Done!
0:56:48:494 [name] INFO  diamssword.bot.Main : ...Done!
0:56:48:495 [name] INFO  diamssword.bot.Main : --Initing ticking Thread--
0:56:48:495 [name] INFO  diamssword.bot.Main : --Initing ticking Thread--
0:56:48:497 [name] INFO  diamssword.bot.Main : ...Done!
0:56:48:497 [name] INFO  diamssword.bot.Main : ...Done!
0:56:48:500 [name] INFO  diamssword.bot.Main : --PostInit Plugins--
0:56:48:500 [name] INFO  diamssword.bot.Main : --PostInit Plugins--
