13:56:26:151 [PluginLoader] SEVERE : LoadPlugins : Found a Duplicated Plugin ID!   ID: Diams_bot_plugin2    Names:DiamsBot Second Plugin/DiamsBot Second Plugin
13:56:26:153 [PluginLoader] SEVERE : LoadPlugins : Keeping the plugin instance from: class Main   The new one : class Main (In the jar file 'botdata\plugins\DiamsBotPlugin-1.0.j13:56:26:156 [PluginLoajuil. 29, 2019 1:56:26 PM Main preInit
GRAVE: Mon PLUGIN est reveillé!
juil. 29, 2019 1:56:26 PM Main preInit
GRAVE: Mon PLUGIN est reveillé!
SLF4J: Failed to load class "org.slf4j.impl.StaticLoggerBinder".
SLF4J: Defaulting to no-operation (NOP) logger implementation
SLF4J: See http://www.slf4j.org/codes.html#StaticLoggerBinder for further details.
SLF4J: Failed to load class "org.slf4j.impl.StaticMDCBinder".
SLF4J: Defaulting to no-operation MDCAdapter implementation.
SLF4J: See http://www.slf13:56:28:152 [DiamsBot-Main] INFO : diamssword.bot.Main : --Creating Storage and audioManager instance--
13:56:28:211 [DiamsBot-Main] INFO : diamssword.bot.Main : ...DONE!!
13:56:28:213 [DiamsBot-Main] INFO : diamssword.bjuil. 29, 2019 1:56:28 PM NewCommand init
INFOS: Initializing NewCommand
juil. 29, 2019 1:56:28 PM NewComm13:56:28:283 [DiamsBot-Main] INFO : diamssjuil. 29, 2019 1:56:28 PM Main postInit
GRAVE: Tout est lancé Chef!
juil. 29, 2019 1:56:28 PM Main postInit
GRAVE: Tout est lancé Chef!
amsBot-Main] INFO : diamssword.bot.storage.Storage : Loaded GuildStorage:JudasSavable for Le domaine des dieux !'s guild!
13:56:28:299 [DiamsBot-Main] INFO : diamssword.bot.storage.Storage : Loaded GuildStorage:JudasSavableWords for Le domaine des dieux !'s guild!
13:56:28:306 [DiamsBot-Main] INFO : diamssword.bot.storage.Storage : Loaded GuildStorage:TTSSavable for Le domaine des dieux !'s guild!
13:56:28:309 [DiamsBot-Main] INFO : diamssword.bot.storage.Storage : Loaded GuildStorage:WordImgSavable for Le domaine des dieux !'s guild!
13:56:28:311 [DiamsBot-Main] INFO : diamssword.bot.storage.Storage : Loaded GuildStorage:WordVoiceSavable for Le domaine des dieux !'s guild!
13:56:28:312 [DiamsBot-Main] INFO : diamssword.bot.storage.Storage : Loaded GuildStorage:JudasSavable for La Secte d'Olüm's guild!
13:56:28:314 [DiamsBot-Main] INFO : diamssword.bot.storage.Storage : Loaded GuildStorage:JudasSavableWords for La Secte d'Olüm's guild!
13:56:28:315 [DiamsBot-Main] INFO : diamssword.bot.storage.Storage : Loaded GuildStorage:TTSSavable for La Secte d'Olüm's guild!
13:56:28:316 [DiamsBot-Main] INFO : diamssword.bot.storage.Storage : Loaded GuildStorage:WordImgSavable for La Secte d'Olüm's guild!
13:56:28:318 [DiamsBot-Main] INFO : diamssword.bot.storage.Storage : Loaded GuildStorage:WordVoiceSavable for La Secte d'Olüm's guild!
13:56:28:320 [DiamsBot-Main] INFO : diamssword.bot.storage.Storage : Loaded GuildStorage:JudasSavable for Jumpers's guild!
13:56:28:322 [DiamsBot-Main] INFO : diamssword.bot.storage.Storage : Loaded GuildStorage:JudasSavableWords for Jumpers's guild!
13:56:28:325 [DiamsBot-Main] INFO : diamssword.bot.storage.Storage : Loaded GuildStorage:TTSSavable for Jumpers's guild!
13:56:28:326 [DiamsBot-Main] INFO : diamssword.bot.storage.Storage : Loaded GuildStorage:WordImgSavable for Jumpers's guild!
13:56:28:327 [DiamsBot-Main] INFO : diamssword.bot.storage.Storage : Loaded GuildStorage:WordVoiceSavable for Jumpers's guild!
13:56:28:330 [DiamsBot-Main] INFO : diamssword.bot.storage.Storage : Loaded GuildStorage:JudasSavable for Les dégénérés's guild!
13:56:28:333 [DiamsBot-Main] INFO : diamssword.bot.storage.Storage : Loaded GuildStorage:JudasSavableWords for Les dégénérés's guild!
13:56:28:335 [DiamsBot-Main] INFO : diamssword.bot.storage.Storage : Loaded GuildStorage:TTSSavable for Les dégénérés's guild!
13:56:28:337 [DiamsBot-Main] INFO : diamssword.bot.storage.Storage : Loaded GuildStorage:WordImgSavable for Les dégénérés's guild!
13:56:28:339 [DiamsBot-Main] INFO : diamssword.bot.storage.Storage : Loaded GuildStorage:WordVoiceSavable for Les dégénérés's guild!
13:56:28:341 [DiamsBot-Main] INFO : diamssword.bot.Main : ...Done!
13:56:28:341 [DiamsBot-Main] INFO : diamssword.bot.Main : --Clearing Caches--
13:56:28:347 [DiamsBot-Main] INFO : diamssword.bot.audio.TTS.TextToSpeechBot : Cleared TTSCache
13:56:28:349 [DiamsBot-Main] INFO : diamssword.bot.Main : ...Done!
13:56:28:350 [DiamsBot-Main] INFO : diamssword.bot.Main : --Initing ticking Thread--
13:56:28:352 [DiamsBot-Main] INFO : diamssword.bot.Main : ...Done!
13:56:28:353 [DiamsBot-Main] INFO : diamssword.bot.Main : --PostInit Plugins--
