SLF4J: Failed to load class "org.slf4j.impl.StaticLoggerBinder".
SLF4J: Defaulting to no-operation (NOP) logger implementation
SLF4J: See http://www.slf4j.org/codes.html#StaticLoggerBinder for further details.
SLF4J: Failed to load class "org.slf4j.impl.StaticMDCBinder".
SLF4J: Defaulting to no-operation MDCAdapter implementation.
SLF4J: See http://www.slf4j.org/codes.html#no_static_mdc_binder for further details.
[main] INFO JDA - Login Successful!
[JDA MainWS-ReadThread] INFO WebSocketClient - Connected to WebSocket
[JDA MainWS-ReadThread] INFO JDA - Finished Loading!
[JDA MainWS-WriteThread] WARN WebSocketClient - Got disconnected from WebSocket. Attempting to resume session
[JDA MainWS-ReadThread] INFO JDA - Successfully resumed Session!

12:16:8:770 [DiamsBot-Main] INFO : diamssword.bot.Main : --Creating Storage and audioManager instance--
12:16:12:11 [DiamsBot-Main] INFO : diamssword.bot.Main : ...DONE!!
12:16:12:13 [DiamsBot-Main] INFO : diamssword.bot.Main : --Init Plugins--
12:16:12:31 [DiamsBot-Main] INFO : diamssword.bot.Main : --Loading Commands--
12:16:12:78 [DiamsBot-Main] INFO : diamssword.bot.Main : ...Done!
12:16:12:80 [DiamsBot-Main] INFO : diamssword.bot.Main : --Loading Stored Datas for each guilds--
12:16:12:230 [DiamsBot-Main] INFO : diamssword.bot.Main : ...Done!
12:16:12:232 [DiamsBot-Main] INFO : diamssword.bot.Main : --Clearing Caches--
12:16:12:243 [DiamsBot-Main] INFO : diamssword.bot.audio.TTS.TextToSpeechBot : Cleared TTSCache
12:16:12:245 [DiamsBot-Main] INFO : diamssword.bot.Main : ...Done!
12:16:12:246 [DiamsBot-Main] INFO : diamssword.bot.Main : --Initing ticking Thread--
12:16:12:248 [DiamsBot-Main] INFO : diamssword.bot.Main : ...Done!
12:16:12:250 [DiamsBot-Main] INFO : diamssword.bot.Main : --PostInit Plugins--
15:39:3:859 [DiamsBot-Audio] INFO : diamssword.bot.audio.GuildPlayer : Queuing C:\Users\Diamssword\Documents\java_project\Discord_Bot\botdata\ttsCache\tts0.wav
19:37:47:385 [DiamsBot-Audio] INFO : diamssword.bot.audio.GuildPlayer : Queuing C:\Users\Diamssword\Documents\java_project\Discord_Bot\botdata\ttsCache\tts1.wav
