SLF4J: Failed to load class "org.slf4j.impl.StaticLoggerBinder".
SLF4J: Defaulting to no-operation (NOP) logger implementation
SLF4J: See http://www.slf4j.org/codes.html#StaticLoggerBinder for further details.
SLF4J: Failed to load class "org.slf4j.impl.StaticMDCBinder".
SLF4J: Defaulting to no-operation MDCAdapter implementation.
SLF4J: See http://www.slf4j.org/codes.html#no_static_mdc_binder for further details.
[main] INFO JDA - Login Successful!
[JDA MainWS-WriteThread] INFO WebSocketClient - Connected to WebSocket
[JDA MainWS-ReadThread] INFO JDA - Finished Loading!
-Main] INFO : diamssword.bot.Main : --Building and loading DiamsBot--
11:39:21:416 [DiamsBot-Main] INFO : diamssword.bot.Main : --Creating Storage and audioManager instance--
11:39:21:498 [DiamsBot-Main] INFO : diamssword.bot.Main : ...DONE!!
11:39:21:499 [DiamsBot-Main] INFO : diamssword.bot.Main : --Init Plugins--
11:39:21:543 [DiamsBot-Main] INFO : diamssword.bot.Main : --Loading Commands--
11:39:21:589 [DiamsBot-Main] INFO : diamssword.bot.Main : ...Done!
11:39:21:590 [DiamsBot-Main] INFO : diamssword.bot.Main : --Loading Stored Datas for each guilds--
11:39:21:651 [DiamsBot-Main] INFO : diamssword.bot.Main : ...Done!
11:39:21:652 [DiamsBot-Main] INFO : diamssword.bot.Main : --Clearing Caches--
11:39:21:657 [DiamsBot-Main] INFO : diamssword.bot.audio.TTS.TextToSpeechBot : Cleared TTSCache
11:39:21:659 [DiamsBot-Main] INFO : diamssword.bot.Main : ...Done!
11:39:21:661 [DiamsBot-Main] INFO : diamssword.bot.Main : --Initing ticking Thread--
11:39:21:663 [DiamsBot-Main] INFO : diamssword.bot.Main : ...Done!
11:39:21:664 [DiamsBot-Main] INFO : diamssword.bot.Main : --PostInit Plugins--
