SLF4J: Failed to load class "org.slf4j.impl.StaticLoggerBinder".
SLF4J: Defaulting to no-operation (NOP) logger implementation
SLF4J: See http://www.slf4j.org/codes.html#StaticLoggerBinder for further details.
SLF4J: Failed to load class "org.slf4j.impl.StaticMDCBinder".
SLF4J: Defaulting to no-operation MDCAdapter implementation.
SLF4J: See http://www.slf4j.org/codes.html#no_static_mdc_binder for further details.
[main] INFO JDA - Login Successful!
[JDA MainWS-WriteThread] INFO WebSocketClient - Connected to WebSocket
[JDA MainWS-ReadThread] INFO JDA - Finished Loading!
INFO : diamssword.bot.Main : --Building and loading DiamsBot--
0:51:40:494 [DiamsBot-Main] INFO : diamssword.bot.Main : --Creating Storage and audioManager instance--
0:51:40:575 [DiamsBot-Main] INFO : diamssword.bot.Main : ...DONE!!
0:51:40:575 [DiamsBot-Main] INFO : diamssword.bot.Main : --Init Plugins--
0:51:40:682 [DiamsBot-Main] INFO : diamssword.bot.Main : --Init PermissionManager--
0:51:40:696 [DiamsBot-Main] INFO : diamssword.bot.Main : --Loading Commands--
0:51:40:738 [DiamsBot-Main] INFO : diamssword.bot.Main : ...Done!
0:51:40:740 [DiamsBot-Main] INFO : diamssword.bot.Main : --Loading Stored Datas for each guilds--
0:51:40:873 [DiamsBot-Main] INFO : diamssword.bot.Main : ...Done!
0:51:40:874 [DiamsBot-Main] INFO : diamssword.bot.Main : --Clearing Caches--
0:51:40:880 [DiamsBot-Main] INFO : diamssword.bot.audio.TTS.TextToSpeechBot : Cleared TTSCache
0:51:40:881 [DiamsBot-Main] INFO : diamssword.bot.Main : ...Done!
0:51:40:882 [DiamsBot-Main] INFO : diamssword.bot.Main : --Initing ticking Thread--
0:51:40:897 [DiamsBot-Main] INFO : diamssword.bot.Main : ...Done!
0:51:40:898 [DiamsBot-Main] INFO : diamssword.bot.Main : --PostInit Plugins--
