SLF4J: Failed to load class "org.slf4j.impl.StaticLoggerBinder".
SLF4J: Defaulting to no-operation (NOP) logger implementation
SLF4J: See http://www.slf4j.org/codes.html#StaticLoggerBinder for further details.
SLF4J: Failed to load class "org.slf4j.impl.StaticMDCBinder".
SLF4J: Defaulting to no-operation MDCAdapter implementation.
SLF4J: See http://www.slf4j.org/codes.html#no_static_mdc_binder for further details.
[main] INFO JDA - Login Successful!
[JDA MainWS-ReadThread] INFO WebSocketClient - Connected to WebSocket
[JDA MainWS-ReadThread] INFO JDA - Finished Loading!
t-Main] INFO : diamssword.bot.Main : --Building and loading DiamsBot--
15:28:56:809 [DiamsBot-Main] INFO : diamssword.bot.Main : --Creating Storage and audioManager instance--
15:28:56:877 [DiamsBot-Main] INFO : diamssword.bot.Main : ...DONE!!
15:28:56:878 [DiamsBot-Main] INFO : diamssword.bot.Main : --Init Plugins--
15:28:56:923 [DiamsBot-Main] INFO : diamssword.bot.Main : --Init PermissionManager--
15:28:56:925 [DiamsBot-Main] INFO : diamssword.bot.Main : --Loading Commands--
15:28:56:966 [DiamsBot-Main] INFO : diamssword.bot.Main : ...Done!
15:28:56:967 [DiamsBot-Main] INFO : diamssword.bot.Main : --Loading Stored Datas for each guilds--
15:28:57:28 [DiamsBot-Main] INFO : diamssword.bot.Main : ...Done!
15:28:57:30 [DiamsBot-Main] INFO : diamssword.bot.Main : --Clearing Caches--
15:28:57:36 [DiamsBot-Main] INFO : diamssword.bot.audio.TTS.TextToSpeechBot : Cleared TTSCache
15:28:57:37 [DiamsBot-Main] INFO : diamssword.bot.Main : ...Done!
15:28:57:38 [DiamsBot-Main] INFO : diamssword.bot.Main : --Initing ticking Thread--
15:28:57:40 [DiamsBot-Main] INFO : diamssword.bot.Main : ...Done!
15:28:57:42 [DiamsBot-Main] INFO : diamssword.bot.Main : --PostInit Plugins--
