SLF4J: Failed to load class "org.slf4j.impl.StaticLoggerBinder".
SLF4J: Defaulting to no-operation (NOP) logger implementation
SLF4J: See http://www.slf4j.org/codes.html#StaticLoggerBinder for further details.
SLF4J: Failed to load class "org.slf4j.impl.StaticMDCBinder".
SLF4J: Defaulting to no-operation MDCAdapter implementation.
SLF4J: See http://www.slf4j.org/codes.html#no_static_mdc_binder for further details.
[main] INFO JDA - Login Successful!
[JDA MainWS-WriteThread] INFO WebSocketClient - Connected to WebSocket
[JDA MainWS-ReadThread] INFO JDA - Finished Loading!
[JDA MainWS-WriteThread] WARN WebSocketClient - Got disconnected from WebSocket. Attempting to resume session
[JDA MainWS-ReadThread] INFO JDA - Successfully resumed Session!
1:44:42:404 [DiamsBot-Main] INFO : diamssword.bot.Main : ...DONE!!
11:44:42:405 [DiamsBot-Main] INFO : diamssword.bot.Main : --Init Plugins--
11:44:42:450 [DiamsBot-Main] INFO : diamssword.bot.Main : --Loading Commands--
11:44:42:477 [DiamsBot-Main] INFO : diamssword.bot.Main : ...Done!
11:44:42:477 [DiamsBot-Main] INFO : diamssword.bot.Main : --Loading Stored Datas for each guilds--
11:44:42:551 [DiamsBot-Main] INFO : diamssword.bot.Main : ...Done!
11:44:42:552 [DiamsBot-Main] INFO : diamssword.bot.Main : --Clearing Caches--
11:44:42:560 [DiamsBot-Main] INFO : diamssword.bot.audio.TTS.TextToSpeechBot : Cleared TTSCache
11:44:42:562 [DiamsBot-Main] INFO : diamssword.bot.Main : ...Done!
11:44:42:563 [DiamsBot-Main] INFO : diamssword.bot.Main : --Initing ticking Thread--
11:44:42:566 [DiamsBot-Main] INFO : diamssword.bot.Main : ...Done!
11:44:42:567 [DiamsBot-Main] INFO : diamssword.bot.Main : --PostInit Plugins--
