SLF4J: Failed to load class "org.slf4j.impl.StaticLoggerBinder".
SLF4J: Defaulting to no-operation (NOP) logger implementation
SLF4J: See http://www.slf4j.org/codes.html#StaticLoggerBinder for further details.
SLF4J: Failed to load class "org.slf4j.impl.StaticMDCBinder".
SLF4J: Defaulting to no-operation MDCAdapter implementation.
SLF4J: See http://www.slf4j.org/codes.html#no_static_mdc_binder for further details.
[main] INFO JDA - Login Successful!
[JDA MainWS-ReadThread] INFO WebSocketClient - Connected to WebSocket
[JDA MainWS-ReadThread] INFO JDA - Finished Loading!
Exception in thread "Thread-5" java.lang.NullPointerException
	at net.dv8tion.jda.core.entities.impl.GuildImpl.getMember(GuildImpl.java:297)
	at diamssword.bot.commands.JudasCmd.tick(JudasCmd.java:230)
	at diamssword.bot.tickable.Tickable$1.run(Tickable.java:33)
	at java.lang.Thread.run(Unknown Source)
ugins--
21:50:1:377 [DiamsBot-Main] INFO : diamssword.bot.Main : --Loading Commands--
21:50:1:421 [DiamsBot-Main] INFO : diamssword.bot.Main : ...Done!
21:50:1:422 [DiamsBot-Main] INFO : diamssword.bot.Main : --Loading Stored Datas for each guilds--
21:50:1:608 [DiamsBot-Main] INFO : diamssword.bot.Main : ...Done!
21:50:1:609 [DiamsBot-Main] INFO : diamssword.bot.Main : --Clearing Caches--
21:50:1:619 [DiamsBot-Main] INFO : diamssword.bot.audio.TTS.TextToSpeechBot : Cleared TTSCache
21:50:1:621 [DiamsBot-Main] INFO : diamssword.bot.Main : ...Done!
21:50:1:622 [DiamsBot-Main] INFO : diamssword.bot.Main : --Initing ticking Thread--
21:50:1:625 [DiamsBot-Main] INFO : diamssword.bot.Main : ...Done!
21:50:1:627 [DiamsBot-Main] INFO : diamssword.bot.Main : --PostInit Plugins--
21:53:57:476 [DiamsBot-Audio] INFO : diamssword.bot.audio.GuildPlayer : Queuing https://img-9gag-fun.9cache.com/photo/aQ1PnV2_460svvp9.webm
23:35:55:563 [DiamsBot-Audio] INFO : diamssword.bot.audio.GuildPlayer : Queuing C:\Users\Diamssword\Documents\java_project\Discord_Bot\botdata\ttsCache\tts0.wav
23:36:23:271 [DiamsBot-Audio] INFO : diamssword.bot.audio.GuildPlayer : Queuing C:\Users\Diamssword\Documents\java_project\Discord_Bot\botdata\ttsCache\tts1.wav
23:36:28:248 [DiamsBot-Audio] INFO : diamssword.bot.audio.GuildPlayer : Queuing https://img-9gag-fun.9cache.com/photo/aQ1PnV2_460svvp9.webm
23:36:29:536 [DiamsBot-Audio] INFO : diamssword.bot.audio.GuildPlayer : Queuing https://img-9gag-fun.9cache.com/photo/aQ1PnV2_460svvp9.webm
23:36:30:299 [DiamsBot-Audio] INFO : diamssword.bot.audio.GuildPlayer : Queuing https://img-9gag-fun.9cache.com/photo/aQ1PnV2_460svvp9.webm
