SLF4J: Failed to load class "org.slf4j.impl.StaticLoggerBinder".
SLF4J: Defaulting to no-operation (NOP) logger implementation
SLF4J: See http://www.slf4j.org/codes.html#StaticLoggerBinder for further details.
SLF4J: Failed to load class "org.slf4j.impl.StaticMDCBinder".
SLF4J: Defaulting to no-operation MDCAdapter implementation.
SLF4J: See http://www.slf4j.org/codes.html#no_static_mdc_binder for further details.
[main] INFO JDA - Login Successful!
[JDA MainWS-ReadThread] INFO WebSocketClient - Connected to WebSocket
[JDA MainWS-ReadThread] INFO JDA - Finished Loading!
oved!!)--
14:46:0:786 [DiamsBot-Main] INFO : diamssword.bot.Main : ...Done!
14:46:0:788 [DiamsBot-Main] INFO : diamssword.bot.Main : --Building and loading DiamsBot--
14:46:3:306 [DiamsBot-Main] INFO : diamssword.bot.Main : --Creating Storage and audioManager instance--
14:46:3:367 [DiamsBot-Main] INFO : diamssword.bot.Main : ...DONE!!
14:46:3:369 [DiamsBot-Main] INFO : diamssword.bot.Main : --Init Plugins--
14:46:3:383 [DiamsBot-Main] INFO : diamssword.bot.Main : --Loading Commands--
14:46:3:415 [DiamsBot-Main] INFO : diamssword.bot.Main : ...Done!
14:46:3:417 [DiamsBot-Main] INFO : diamssword.bot.Main : --Loading Stored Datas for each guilds--
14:46:3:463 [DiamsBot-Main] INFO : diamssword.bot.Main : ...Done!
14:46:3:464 [DiamsBot-Main] INFO : diamssword.bot.Main : --Clearing Caches--
14:46:3:470 [DiamsBot-Main] INFO : diamssword.bot.audio.TTS.TextToSpeechBot : Cleared TTSCache
14:46:3:472 [DiamsBot-Main] INFO : diamssword.bot.Main : ...Done!
14:46:3:474 [DiamsBot-Main] INFO : diamssword.bot.Main : --Initing ticking Thread--
14:46:3:476 [DiamsBot-Main] INFO : diamssword.bot.Main : ...Done!
14:46:3:477 [DiamsBot-Main] INFO : diamssword.bot.Main : --PostInit Plugins--
