SLF4J: Failed to load class "org.slf4j.impl.StaticLoggerBinder".
SLF4J: Defaulting to no-operation (NOP) logger implementation
SLF4J: See http://www.slf4j.org/codes.html#StaticLoggerBinder for further details.
SLF4J: Failed to load class "org.slf4j.impl.StaticMDCBinder".
SLF4J: Defaulting to no-operation MDCAdapter implementation.
SLF4J: See http://www.slf4j.org/codes.html#no_static_mdc_binder for further details.
[main] INFO JDA - Login Successful!
[JDA MainWS-ReadThread] INFO WebSocketClient - Connected to WebSocket
[JDA MainWS-ReadThread] INFO JDA - Finished Loading!
oved!!)--
14:45:3:708 [DiamsBot-Main] INFO : diamssword.bot.Main : ...Done!
14:45:3:710 [DiamsBot-Main] INFO : diamssword.bot.Main : --Building and loading DiamsBot--
14:45:5:713 [DiamsBot-Main] INFO : diamssword.bot.Main : --Creating Storage and audioManager instance--
14:45:5:777 [DiamsBot-Main] INFO : diamssword.bot.Main : ...DONE!!
14:45:5:778 [DiamsBot-Main] INFO : diamssword.bot.Main : --Init Plugins--
14:45:5:792 [DiamsBot-Main] INFO : diamssword.bot.Main : --Loading Commands--
14:45:5:827 [DiamsBot-Main] INFO : diamssword.bot.Main : ...Done!
14:45:5:828 [DiamsBot-Main] INFO : diamssword.bot.Main : --Loading Stored Datas for each guilds--
14:45:5:879 [DiamsBot-Main] INFO : diamssword.bot.Main : ...Done!
14:45:5:880 [DiamsBot-Main] INFO : diamssword.bot.Main : --Clearing Caches--
14:45:5:886 [DiamsBot-Main] INFO : diamssword.bot.audio.TTS.TextToSpeechBot : Cleared TTSCache
14:45:5:887 [DiamsBot-Main] INFO : diamssword.bot.Main : ...Done!
14:45:5:888 [DiamsBot-Main] INFO : diamssword.bot.Main : --Initing ticking Thread--
14:45:5:890 [DiamsBot-Main] INFO : diamssword.bot.Main : ...Done!
14:45:5:891 [DiamsBot-Main] INFO : diamssword.bot.Main : --PostInit Plugins--
