SLF4J: Failed to load class "org.slf4j.impl.StaticLoggerBinder".
SLF4J: Defaulting to no-operation (NOP) logger implementation
SLF4J: See http://www.slf4j.org/codes.html#StaticLoggerBinder for further details.
SLF4J: Failed to load class "org.slf4j.impl.StaticMDCBinder".
SLF4J: Defaulting to no-operation MDCAdapter implementation.
SLF4J: See http://www.slf4j.org/codes.html#no_static_mdc_binder for further details.
[main] INFO JDA - Login Successful!
[JDA MainWS-WriteThread] INFO WebSocketClient - Connected to WebSocket
[JDA MainWS-ReadThread] INFO JDA - Finished Loading!
amssword.bot.Main : --Building and loading DiamsBot--
0:47:7:468 [DiamsBot-Main] INFO : diamssword.bot.Main : --Creating Storage and audioManager instance--
0:47:7:579 [DiamsBot-Main] INFO : diamssword.bot.Main : ...DONE!!
0:47:7:580 [DiamsBot-Main] INFO : diamssword.bot.Main : --Init Plugins--
0:47:7:814 [DiamsBot-Main] INFO : diamssword.bot.Main : --Init PermissionManager--
0:47:7:830 [DiamsBot-Main] INFO : diamssword.bot.Main : --Loading Commands--
0:47:7:877 [DiamsBot-Main] INFO : diamssword.bot.Main : ...Done!
0:47:7:878 [DiamsBot-Main] INFO : diamssword.bot.Main : --Loading Stored Datas for each guilds--
0:47:8:56 [DiamsBot-Main] INFO : diamssword.bot.Main : ...Done!
0:47:8:57 [DiamsBot-Main] INFO : diamssword.bot.Main : --Clearing Caches--
0:47:8:63 [DiamsBot-Main] INFO : diamssword.bot.audio.TTS.TextToSpeechBot : Cleared TTSCache
0:47:8:64 [DiamsBot-Main] INFO : diamssword.bot.Main : ...Done!
0:47:8:66 [DiamsBot-Main] INFO : diamssword.bot.Main : --Initing ticking Thread--
0:47:8:82 [DiamsBot-Main] INFO : diamssword.bot.Main : ...Done!
0:47:8:83 [DiamsBot-Main] INFO : diamssword.bot.Main : --PostInit Plugins--
0:47:15:200 [DiamsBot-Audio] INFO : diamssword.bot.audio.GuildPlayer : Queuing C:\Users\Diamssword\Documents\java_project\Discord_Bot\botdata\ttsCache\tts0.wav
1:41:24:833 [DiamsBot-Audio] INFO : diamssword.bot.audio.GuildPlayer : Queuing C:\Users\Diamssword\Documents\java_project\Discord_Bot\botdata\ttsCache\tts1.wav
