22:58:57:289 [DiamsBot-Main] SEVERE : diamssword.bot.plugins.LoadPlugins : Found a Duplicated Plugin ID!   ID: Diams_bot_plugin2    Names:DiamsBot Second Plugin/DiamsBot Second Plugin
22:58:57:291 [DiamsBot-Main] SEVERE : diamssword.bot.plugins.LoadPlugins : Keeping the plugin instance from: class Main   The new one : class Main (In the jar file 'botdata\plugins\DiamsBotPlugin-1.0.j22:58:57:296 [DiamsBot-juil. 26, 2019 10:58:57 PM Main preInit
GRAVE: Mon PLUGIN est reveillé!
juil. 26, 2019 10:58:57 PM Main preInit
GRAVE: Mon PLUGIN est reveillé!
SLF4J: Failed to load class "org.slf4j.impl.StaticLoggerBinder".
SLF4J: Defaulting to no-operation (NOP) logger implementation
SLF4J: See http://www.slf4j.org/codes.html#StaticLoggerBinder for further details.
SLF4J: Failed to load class "org.slf4j.impl.StaticMDCBinder".
SLF4J: Defaulting to no-operation MDCAdapter implementation.
SLF4J: See http://www.slf4j.org/codes.html#no_s22:59:1:251 [DiamsBot-Main] INFO : diamssword.bot.Main : --Creating Storage and audioManager instance--
22:59:1:338 [DiamsBot-Main] INFO : diamssword.bot.Main : ...DONE!!
22:59:1:339 [DiamsBot-Main] Ijuil. 26, 2019 10:59:01 PM NewCommand init
INFOS: Initializing NewCommand
juil. 26, 2019 10:59:01 PM NewCommand init
INFOS: Initializing NewCommand
juil. 26, 2019 10:59:01 PM Main postInit
GRAVE: Tout est lancé Chef!
juil. 26, 2019 10:59:01 PM Main postInit
GRAVE: Tout est lancé Chef!
22:59:10:643 [DiamsBot-Audio] WARNING : diamssword.bot.audio.GPlayerManager$1 : Unknown file format.
sword.bot.api.actions.Registry : Registering new Command: meme
22:59:1:461 [DiamsBot-Registry] INFO : com.diamssword.bot.api.actions.Registry : Registering new Command: wordbind
22:59:1:464 [DiamsBot-Registry] INFO : com.diamssword.bot.api.actions.Registry : Registering new Command: voicebind
22:59:1:465 [DiamsBot-Registry] INFO : com.diamssword.bot.api.actions.Registry : Registering new Command: IFuck
22:59:1:469 [DiamsBot-Registry] INFO : com.diamssword.bot.api.actions.Registry : Registering new Command: fact
22:59:1:471 [DiamsBot-Registry] INFO : com.diamssword.bot.api.actions.Registry : Registering new Command: roll
22:59:1:474 [DiamsBot-Registry] INFO : com.diamssword.bot.api.actions.Registry : Registering new Command: wizz
22:59:1:478 [DiamsBot-Registry] INFO : com.diamssword.bot.api.actions.Registry : Registering new Command: lol
22:59:1:479 [DiamsBot-Registry] INFO : com.diamssword.bot.api.actions.Registry : Registering new Command: hell
22:59:1:480 [DiamsBot-Registry] INFO : com.diamssword.bot.api.actions.Registry : Registering new Command: pokedex
22:59:1:481 [DiamsBot-Registry] INFO : com.diamssword.bot.api.actions.Registry : Registering new Command: cyanide
22:59:1:486 [DiamsBot-Registry] INFO : com.diamssword.bot.api.actions.Registry : Registering new Command: tts
22:59:1:489 [DiamsBot-Registry] INFO : com.diamssword.bot.api.actions.Registry : Registering new Command: plugin
22:59:1:496 [DiamsBot-Registry] INFO : com.diamssword.bot.api.actions.Registry : Registering new Command: plugin
22:59:1:500 [DiamsBot-Registry] INFO : com.diamssword.bot.api.actions.Registry : Registering new Action: 'Is This' generator
22:59:1:501 [DiamsBot-Registry] INFO : com.diamssword.bot.api.actions.Registry : Registering new Action: Word to Image Binder
22:59:1:502 [DiamsBot-Registry] INFO : com.diamssword.bot.api.actions.Registry : Registering new Action: Word to Voice Binder
22:59:1:503 [DiamsBot-Registry] INFO : com.diamssword.bot.api.actions.Registry : Registering new Action: ChatBot
22:59:1:504 [DiamsBot-Main] INFO : diamssword.bot.Main : ...Done!
22:59:1:507 [DiamsBot-Main] INFO : diamssword.bot.Main : --Loading Stored Datas for each guilds--
22:59:1:511 [DiamsBot-Main] INFO : diamssword.bot.storage.Storage : Loaded GuildStorage:JudasSavable for Le domaine des dieux !'s guild!
22:59:1:524 [DiamsBot-Main] INFO : diamssword.bot.storage.Storage : Loaded GuildStorage:JudasSavableWords for Le domaine des dieux !'s guild!
22:59:1:533 [DiamsBot-Main] INFO : diamssword.bot.storage.Storage : Loaded GuildStorage:TTSSavable for Le domaine des dieux !'s guild!
22:59:1:542 [DiamsBot-Main] INFO : diamssword.bot.storage.Storage : Loaded GuildStorage:WordImgSavable for Le domaine des dieux !'s guild!
22:59:1:543 [DiamsBot-Main] INFO : diamssword.bot.storage.Storage : Loaded GuildStorage:WordVoiceSavable for Le domaine des dieux !'s guild!
22:59:1:545 [DiamsBot-Main] INFO : diamssword.bot.storage.Storage : Loaded GuildStorage:JudasSavable for La Secte d'Olüm's guild!
22:59:1:546 [DiamsBot-Main] INFO : diamssword.bot.storage.Storage : Loaded GuildStorage:JudasSavableWords for La Secte d'Olüm's guild!
22:59:1:548 [DiamsBot-Main] INFO : diamssword.bot.storage.Storage : Loaded GuildStorage:TTSSavable for La Secte d'Olüm's guild!
22:59:1:550 [DiamsBot-Main] INFO : diamssword.bot.storage.Storage : Loaded GuildStorage:WordImgSavable for La Secte d'Olüm's guild!
22:59:1:551 [DiamsBot-Main] INFO : diamssword.bot.storage.Storage : Loaded GuildStorage:WordVoiceSavable for La Secte d'Olüm's guild!
22:59:1:553 [DiamsBot-Main] INFO : diamssword.bot.storage.Storage : Loaded GuildStorage:JudasSavable for Jumpers's guild!
22:59:1:554 [DiamsBot-Main] INFO : diamssword.bot.storage.Storage : Loaded GuildStorage:JudasSavableWords for Jumpers's guild!
22:59:1:556 [DiamsBot-Main] INFO : diamssword.bot.storage.Storage : Loaded GuildStorage:TTSSavable for Jumpers's guild!
22:59:1:557 [DiamsBot-Main] INFO : diamssword.bot.storage.Storage : Loaded GuildStorage:WordImgSavable for Jumpers's guild!
22:59:1:559 [DiamsBot-Main] INFO : diamssword.bot.storage.Storage : Loaded GuildStorage:WordVoiceSavable for Jumpers's guild!
22:59:1:565 [DiamsBot-Main] INFO : diamssword.bot.storage.Storage : Loaded GuildStorage:JudasSavable for Les dégénérés's guild!
22:59:1:573 [DiamsBot-Main] INFO : diamssword.bot.storage.Storage : Loaded GuildStorage:JudasSavableWords for Les dégénérés's guild!
22:59:1:576 [DiamsBot-Main] INFO : diamssword.bot.storage.Storage : Loaded GuildStorage:TTSSavable for Les dégénérés's guild!
22:59:1:579 [DiamsBot-Main] INFO : diamssword.bot.storage.Storage : Loaded GuildStorage:WordImgSavable for Les dégénérés's guild!
22:59:1:581 [DiamsBot-Main] INFO : diamssword.bot.storage.Storage : Loaded GuildStorage:WordVoiceSavable for Les dégénérés's guild!
22:59:1:583 [DiamsBot-Main] INFO : diamssword.bot.Main : ...Done!
22:59:1:583 [DiamsBot-Main] INFO : diamssword.bot.Main : --Clearing Caches--
22:59:1:593 [DiamsBot-Main] INFO : diamssword.bot.audio.TTS.TextToSpeechBot : Cleared TTSCache
22:59:1:594 [DiamsBot-Main] INFO : diamssword.bot.Main : ...Done!
22:59:1:595 [DiamsBot-Main] INFO : diamssword.bot.Main : --Initing ticking Thread--
22:59:1:596 [DiamsBot-Main] INFO : diamssword.bot.Main : ...Done!
22:59:1:597 [DiamsBot-Main] INFO : diamssword.bot.Main : --PostInit Plugins--
22:59:10:124 [DiamsBot-Audio] INFO : diamssword.bot.audio.GPlayerManager : https://www.youtube.com/watch?v
22:59:55:384 [DiamsBot-Audio] INFO : diamssword.bot.audio.GPlayerManager : https://www.youtube.com/watch?v=21VopdemljE
22:59:56:589 [DiamsBot-Audio] INFO : diamssword.bot.audio.GuildPlayer : Queuing 21VopdemljE
