SLF4J: Failed to load class "org.slf4j.impl.StaticLoggerBinder".
SLF4J: Defaulting to no-operation (NOP) logger implementation
SLF4J: See http://www.slf4j.org/codes.html#StaticLoggerBinder for further details.
SLF4J: Failed to load class "org.slf4j.impl.StaticMDCBinder".
SLF4J: Defaulting to no-operation MDCAdapter implementation.
SLF4J: See http://www.slf4j.org/codes.html#no_static_mdc_binder for further details.
[main] INFO JDA - Login Successful!
[JDA MainWS-WriteThread] INFO WebSocketClient - Connected to WebSocket
[JDA MainWS-ReadThread] INFO JDA - Finished Loading!
-Main] INFO : diamssword.bot.Main : --Building and loading DiamsBot--
11:40:32:503 [DiamsBot-Main] INFO : diamssword.bot.Main : --Creating Storage and audioManager instance--
11:40:32:563 [DiamsBot-Main] INFO : diamssword.bot.Main : ...DONE!!
11:40:32:564 [DiamsBot-Main] INFO : diamssword.bot.Main : --Init Plugins--
11:40:32:604 [DiamsBot-Main] INFO : diamssword.bot.Main : --Loading Commands--
11:40:32:632 [DiamsBot-Main] INFO : diamssword.bot.Main : ...Done!
11:40:32:633 [DiamsBot-Main] INFO : diamssword.bot.Main : --Loading Stored Datas for each guilds--
11:40:32:689 [DiamsBot-Main] INFO : diamssword.bot.Main : ...Done!
11:40:32:690 [DiamsBot-Main] INFO : diamssword.bot.Main : --Clearing Caches--
11:40:32:695 [DiamsBot-Main] INFO : diamssword.bot.audio.TTS.TextToSpeechBot : Cleared TTSCache
11:40:32:696 [DiamsBot-Main] INFO : diamssword.bot.Main : ...Done!
11:40:32:697 [DiamsBot-Main] INFO : diamssword.bot.Main : --Initing ticking Thread--
11:40:32:699 [DiamsBot-Main] INFO : diamssword.bot.Main : ...Done!
11:40:32:700 [DiamsBot-Main] INFO : diamssword.bot.Main : --PostInit Plugins--
