juil. 21, 2019 12:11:43 AM Main preInit
GRAVE: Mon PLUGIN est reveillé!
juil. 21, 2019 12:11:43 AM Main preInit
GRAVE: Mon PLUGIN est reveillé!
SLF4J: Failed to load class "org.slf4j.impl.StaticLoggerBinder".
SLF4J: Defaulting to no-operation (NOP) logger implementation
SLF4J: See http://www.slf4j.org/codes.html#StaticLoggerBinder for further details.
SLF4J: Failed to load class "org.slf4j.impl.StaticMDCBinder".
SLF4J: Defaulting to no-operation MDCAdapter implementation.
SLF4J: See http://www.slf4j.org/codes.html#no_static_mdc_binder for further details.
[main] INFO JDA - Login Successful!
[JDA MainWS-ReadThread] INFO WebSocketClient - Connected to WebSocket
[JDA MainWS-ReadThread] INFO JDA - Finished Loading!
juil. 21, 2019 12:11:45 AM NewCommand init
INFOS: Initializing NewCommand
juil. 21, 2019 12:11:45 AM NewCommand init
INFOS: Initializing NewCommand
juil. 21, 2019 12:11:46 AM Main postInit
GRAVE: Tout est lancé Chef!
juil. 21, 2019 12:11:46 AM Main postInit
GRAVE: Tout est lancé Chef!
amsBot-Main] INFO  diamssword.bot.Main : --Loading Commands--
0:11:45:987 [DiamsBot-Main] INFO  diamssword.bot.Main : ...Done!
0:11:45:994 [DiamsBot-Main] INFO  diamssword.bot.Main : --Loading Stored Datas for each guilds--
0:11:46:3 [DiamsBot-Main] INFO  diamssword.bot.storage.Storage : Loaded class com.diamssword.bot.api.actions.storage.GuildStorage for Le domaine des dieux !'s guild!
0:11:46:23 [DiamsBot-Main] INFO  diamssword.bot.storage.Storage : Loaded class com.diamssword.bot.api.actions.storage.GuildStorage for Le domaine des dieux !'s guild!
0:11:46:44 [DiamsBot-Main] INFO  diamssword.bot.storage.Storage : Loaded class com.diamssword.bot.api.actions.storage.GuildStorage for Le domaine des dieux !'s guild!
0:11:46:63 [DiamsBot-Main] INFO  diamssword.bot.storage.Storage : Loaded class com.diamssword.bot.api.actions.storage.GuildStorage for Le domaine des dieux !'s guild!
0:11:46:80 [DiamsBot-Main] INFO  diamssword.bot.storage.Storage : Loaded class com.diamssword.bot.api.actions.storage.GuildStorage for Le domaine des dieux !'s guild!
0:11:46:102 [DiamsBot-Main] INFO  diamssword.bot.storage.Storage : Loaded class com.diamssword.bot.api.actions.storage.GuildStorage for La Secte d'Olüm's guild!
0:11:46:115 [DiamsBot-Main] INFO  diamssword.bot.storage.Storage : Loaded class com.diamssword.bot.api.actions.storage.GuildStorage for La Secte d'Olüm's guild!
0:11:46:128 [DiamsBot-Main] INFO  diamssword.bot.storage.Storage : Loaded class com.diamssword.bot.api.actions.storage.GuildStorage for La Secte d'Olüm's guild!
0:11:46:145 [DiamsBot-Main] INFO  diamssword.bot.storage.Storage : Loaded class com.diamssword.bot.api.actions.storage.GuildStorage for La Secte d'Olüm's guild!
0:11:46:158 [DiamsBot-Main] INFO  diamssword.bot.storage.Storage : Loaded class com.diamssword.bot.api.actions.storage.GuildStorage for La Secte d'Olüm's guild!
0:11:46:172 [DiamsBot-Main] INFO  diamssword.bot.storage.Storage : Loaded class com.diamssword.bot.api.actions.storage.GuildStorage for Jumpers's guild!
0:11:46:186 [DiamsBot-Main] INFO  diamssword.bot.storage.Storage : Loaded class com.diamssword.bot.api.actions.storage.GuildStorage for Jumpers's guild!
0:11:46:198 [DiamsBot-Main] INFO  diamssword.bot.storage.Storage : Loaded class com.diamssword.bot.api.actions.storage.GuildStorage for Jumpers's guild!
0:11:46:210 [DiamsBot-Main] INFO  diamssword.bot.storage.Storage : Loaded class com.diamssword.bot.api.actions.storage.GuildStorage for Jumpers's guild!
0:11:46:221 [DiamsBot-Main] INFO  diamssword.bot.storage.Storage : Loaded class com.diamssword.bot.api.actions.storage.GuildStorage for Jumpers's guild!
0:11:46:232 [DiamsBot-Main] INFO  diamssword.bot.storage.Storage : Loaded class com.diamssword.bot.api.actions.storage.GuildStorage for Les dégénérés's guild!
0:11:46:246 [DiamsBot-Main] INFO  diamssword.bot.storage.Storage : Loaded class com.diamssword.bot.api.actions.storage.GuildStorage for Les dégénérés's guild!
0:11:46:261 [DiamsBot-Main] INFO  diamssword.bot.storage.Storage : Loaded class com.diamssword.bot.api.actions.storage.GuildStorage for Les dégénérés's guild!
0:11:46:275 [DiamsBot-Main] INFO  diamssword.bot.storage.Storage : Loaded class com.diamssword.bot.api.actions.storage.GuildStorage for Les dégénérés's guild!
0:11:46:290 [DiamsBot-Main] INFO  diamssword.bot.storage.Storage : Loaded class com.diamssword.bot.api.actions.storage.GuildStorage for Les dégénérés's guild!
0:11:46:304 [DiamsBot-Main] INFO  diamssword.bot.Main : ...Done!
0:11:46:310 [DiamsBot-Main] INFO  diamssword.bot.Main : --Clearing Caches--
0:11:46:322 [DiamsBot-Main] INFO  diamssword.bot.audio.TTS.TextToSpeechBot : Cleared TTSCache
0:11:46:333 [DiamsBot-Main] INFO  diamssword.bot.Main : ...Done!
0:11:46:339 [DiamsBot-Main] INFO  diamssword.bot.Main : --Initing ticking Thread--
0:11:46:347 [DiamsBot-Main] INFO  diamssword.bot.Main : ...Done!
0:11:46:351 [DiamsBot-Main] INFO  diamssword.bot.Main : --PostInit Plugins--
launching
