13:34:48:404 [DiamsBot-Main] SEVERE : diamssword.bot.plugins.LoadPlugins : Found a Duplicated Plugin ID!   ID: Diams_bot_plugin2    Names:DiamsBot Second Plugin/DiamsBot Second Plugin
13:34:48:407 [DiamsBot-Main] SEVERE : diamssword.bot.plugins.LoadPlugins : Keeping the plugin instance from: class Main   The new one : class Main (In the jar file 'botdata\plugins\DiamsBotPlugin-1.0.j13:34:48:412 [DiamsBot-juil. 29, 2019 1:34:48 PM Main preInit
GRAVE: Mon PLUGIN est reveillé!
juil. 29, 2019 1:34:48 PM Main preInit
GRAVE: Mon PLUGIN est reveillé!
SLF4J: Failed to load class "org.slf4j.impl.StaticLoggerBinder".
SLF4J: Defaulting to no-operation (NOP) logger implementation
SLF4J: See http://www.slf4j.org/codes.html#StaticLoggerBinder for further details.
SLF4J: Failed to load class "org.slf4j.impl.StaticMDCBinder".
SLF4J: Defaulting to no-operation MDCAdapter implementation.
SLF4J: See http://www.slf4j.org/codes.html#no_sta13:34:50:494 [DiamsBot-Main] INFO : diamssword.bot.Main : --Creating Storage and audioManager instance--
13:34:50:560 [DiamsBot-Main] INFO : diamssword.bot.Main : ...DONE!!
13:34:50:561 [DiamsBot-Mjuil. 29, 2019 1:34:50 PM NewCommand init
INFOS: Initializing NewCommand
juil. 29, 2019 1:34:50 PM NewCommand init
INFOS: Initializing NewCommand
juil. 29, 2019 1:34:50 PM Main postInit
GRAVE: Tout est lancé Chef!
juil. 29, 2019 1:34:50 PM Main postInit
GRAVE: Tout est lancé Chef!
amssword.bot.api.actions.Registry : Registering new Command: help
13:34:50:683 [DiamsBot-Registry] INFO : com.diamssword.bot.api.actions.Registry : Registering new Command: meme
13:34:50:685 [DiamsBot-Registry] INFO : com.diamssword.bot.api.actions.Registry : Registering new Command: wordbind
13:34:50:687 [DiamsBot-Registry] INFO : com.diamssword.bot.api.actions.Registry : Registering new Command: voicebind
13:34:50:689 [DiamsBot-Registry] INFO : com.diamssword.bot.api.actions.Registry : Registering new Command: IFuck
13:34:50:690 [DiamsBot-Registry] INFO : com.diamssword.bot.api.actions.Registry : Registering new Command: fact
13:34:50:691 [DiamsBot-Registry] INFO : com.diamssword.bot.api.actions.Registry : Registering new Command: roll
13:34:50:693 [DiamsBot-Registry] INFO : com.diamssword.bot.api.actions.Registry : Registering new Command: wizz
13:34:50:695 [DiamsBot-Registry] INFO : com.diamssword.bot.api.actions.Registry : Registering new Command: lol
13:34:50:697 [DiamsBot-Registry] INFO : com.diamssword.bot.api.actions.Registry : Registering new Command: hell
13:34:50:699 [DiamsBot-Registry] INFO : com.diamssword.bot.api.actions.Registry : Registering new Command: pokedex
13:34:50:701 [DiamsBot-Registry] INFO : com.diamssword.bot.api.actions.Registry : Registering new Command: cyanide
13:34:50:703 [DiamsBot-Registry] INFO : com.diamssword.bot.api.actions.Registry : Registering new Command: tts
13:34:50:704 [DiamsBot-Registry] INFO : com.diamssword.bot.api.actions.Registry : Registering new Command: plugin
13:34:50:707 [DiamsBot-Registry] INFO : com.diamssword.bot.api.actions.Registry : Registering new Command: plugin
13:34:50:711 [DiamsBot-Registry] INFO : com.diamssword.bot.api.actions.Registry : Registering new Action: 'Is This' generator
13:34:50:712 [DiamsBot-Registry] INFO : com.diamssword.bot.api.actions.Registry : Registering new Action: Word to Image Binder
13:34:50:714 [DiamsBot-Registry] INFO : com.diamssword.bot.api.actions.Registry : Registering new Action: Word to Voice Binder
13:34:50:717 [DiamsBot-Registry] INFO : com.diamssword.bot.api.actions.Registry : Registering new Action: ChatBot
13:34:50:718 [DiamsBot-Main] INFO : diamssword.bot.Main : ...Done!
13:34:50:719 [DiamsBot-Main] INFO : diamssword.bot.Main : --Loading Stored Datas for each guilds--
13:34:50:722 [DiamsBot-Main] INFO : diamssword.bot.storage.Storage : Loaded GuildStorage:JudasSavable for Le domaine des dieux !'s guild!
13:34:50:729 [DiamsBot-Main] INFO : diamssword.bot.storage.Storage : Loaded GuildStorage:JudasSavableWords for Le domaine des dieux !'s guild!
13:34:50:736 [DiamsBot-Main] INFO : diamssword.bot.storage.Storage : Loaded GuildStorage:TTSSavable for Le domaine des dieux !'s guild!
13:34:50:738 [DiamsBot-Main] INFO : diamssword.bot.storage.Storage : Loaded GuildStorage:WordImgSavable for Le domaine des dieux !'s guild!
13:34:50:740 [DiamsBot-Main] INFO : diamssword.bot.storage.Storage : Loaded GuildStorage:WordVoiceSavable for Le domaine des dieux !'s guild!
13:34:50:741 [DiamsBot-Main] INFO : diamssword.bot.storage.Storage : Loaded GuildStorage:JudasSavable for La Secte d'Olüm's guild!
13:34:50:744 [DiamsBot-Main] INFO : diamssword.bot.storage.Storage : Loaded GuildStorage:JudasSavableWords for La Secte d'Olüm's guild!
13:34:50:747 [DiamsBot-Main] INFO : diamssword.bot.storage.Storage : Loaded GuildStorage:TTSSavable for La Secte d'Olüm's guild!
13:34:50:748 [DiamsBot-Main] INFO : diamssword.bot.storage.Storage : Loaded GuildStorage:WordImgSavable for La Secte d'Olüm's guild!
13:34:50:751 [DiamsBot-Main] INFO : diamssword.bot.storage.Storage : Loaded GuildStorage:WordVoiceSavable for La Secte d'Olüm's guild!
13:34:50:752 [DiamsBot-Main] INFO : diamssword.bot.storage.Storage : Loaded GuildStorage:JudasSavable for Jumpers's guild!
13:34:50:754 [DiamsBot-Main] INFO : diamssword.bot.storage.Storage : Loaded GuildStorage:JudasSavableWords for Jumpers's guild!
13:34:50:757 [DiamsBot-Main] INFO : diamssword.bot.storage.Storage : Loaded GuildStorage:TTSSavable for Jumpers's guild!
13:34:50:758 [DiamsBot-Main] INFO : diamssword.bot.storage.Storage : Loaded GuildStorage:WordImgSavable for Jumpers's guild!
13:34:50:759 [DiamsBot-Main] INFO : diamssword.bot.storage.Storage : Loaded GuildStorage:WordVoiceSavable for Jumpers's guild!
13:34:50:761 [DiamsBot-Main] INFO : diamssword.bot.storage.Storage : Loaded GuildStorage:JudasSavable for Les dégénérés's guild!
13:34:50:764 [DiamsBot-Main] INFO : diamssword.bot.storage.Storage : Loaded GuildStorage:JudasSavableWords for Les dégénérés's guild!
13:34:50:766 [DiamsBot-Main] INFO : diamssword.bot.storage.Storage : Loaded GuildStorage:TTSSavable for Les dégénérés's guild!
13:34:50:768 [DiamsBot-Main] INFO : diamssword.bot.storage.Storage : Loaded GuildStorage:WordImgSavable for Les dégénérés's guild!
13:34:50:770 [DiamsBot-Main] INFO : diamssword.bot.storage.Storage : Loaded GuildStorage:WordVoiceSavable for Les dégénérés's guild!
13:34:50:771 [DiamsBot-Main] INFO : diamssword.bot.Main : ...Done!
13:34:50:773 [DiamsBot-Main] INFO : diamssword.bot.Main : --Clearing Caches--
13:34:50:777 [DiamsBot-Main] INFO : diamssword.bot.audio.TTS.TextToSpeechBot : Cleared TTSCache
13:34:50:778 [DiamsBot-Main] INFO : diamssword.bot.Main : ...Done!
13:34:50:779 [DiamsBot-Main] INFO : diamssword.bot.Main : --Initing ticking Thread--
13:34:50:781 [DiamsBot-Main] INFO : diamssword.bot.Main : ...Done!
13:34:50:782 [DiamsBot-Main] INFO : diamssword.bot.Main : --PostInit Plugins--
