SLF4J: Failed to load class "org.slf4j.impl.StaticLoggerBinder".
SLF4J: Defaulting to no-operation (NOP) logger implementation
SLF4J: See http://www.slf4j.org/codes.html#StaticLoggerBinder for further details.
SLF4J: Failed to load class "org.slf4j.impl.StaticMDCBinder".
SLF4J: Defaulting to no-operation MDCAdapter implementation.
SLF4J: See http://www.slf4j.org/codes.html#no_static_mdc_binder for further details.
[main] INFO JDA - Login Successful!
[JDA MainWS-ReadThread] INFO WebSocketClient - Connected to WebSocket
[JDA MainWS-ReadThread] INFO JDA - Finished Loading!
t-Main] INFO : diamssword.bot.Main : --Building and loading DiamsBot--
11:41:28:167 [DiamsBot-Main] INFO : diamssword.bot.Main : --Creating Storage and audioManager instance--
11:41:28:225 [DiamsBot-Main] INFO : diamssword.bot.Main : ...DONE!!
11:41:28:226 [DiamsBot-Main] INFO : diamssword.bot.Main : --Init Plugins--
11:41:28:266 [DiamsBot-Main] INFO : diamssword.bot.Main : --Loading Commands--
11:41:28:298 [DiamsBot-Main] INFO : diamssword.bot.Main : ...Done!
11:41:28:298 [DiamsBot-Main] INFO : diamssword.bot.Main : --Loading Stored Datas for each guilds--
11:41:28:353 [DiamsBot-Main] INFO : diamssword.bot.Main : ...Done!
11:41:28:354 [DiamsBot-Main] INFO : diamssword.bot.Main : --Clearing Caches--
11:41:28:360 [DiamsBot-Main] INFO : diamssword.bot.audio.TTS.TextToSpeechBot : Cleared TTSCache
11:41:28:362 [DiamsBot-Main] INFO : diamssword.bot.Main : ...Done!
11:41:28:363 [DiamsBot-Main] INFO : diamssword.bot.Main : --Initing ticking Thread--
11:41:28:365 [DiamsBot-Main] INFO : diamssword.bot.Main : ...Done!
11:41:28:366 [DiamsBot-Main] INFO : diamssword.bot.Main : --PostInit Plugins--
