SLF4J: Failed to load class "org.slf4j.impl.StaticLoggerBinder".
SLF4J: Defaulting to no-operation (NOP) logger implementation
SLF4J: See http://www.slf4j.org/codes.html#StaticLoggerBinder for further details.
SLF4J: Failed to load class "org.slf4j.impl.StaticMDCBinder".
SLF4J: Defaulting to no-operation MDCAdapter implementation.
SLF4J: See http://www.slf4j.org/codes.html#no_static_mdc_binder for further details.
[main] INFO JDA - Login Successful!
[JDA MainWS-ReadThread] INFO WebSocketClient - Connected to WebSocket
[JDA MainWS-ReadThread] INFO JDA - Finished Loading!
 INFO : diamssword.bot.Main : --Building and loading DiamsBot--
0:46:0:862 [DiamsBot-Main] INFO : diamssword.bot.Main : --Creating Storage and audioManager instance--
0:46:0:948 [DiamsBot-Main] INFO : diamssword.bot.Main : ...DONE!!
0:46:0:949 [DiamsBot-Main] INFO : diamssword.bot.Main : --Init Plugins--
0:46:1:120 [DiamsBot-Main] INFO : diamssword.bot.Main : --Loading Commands--
0:46:1:163 [DiamsBot-Main] INFO : diamssword.bot.Main : ...Done!
0:46:1:165 [DiamsBot-Main] INFO : diamssword.bot.Main : --Loading Stored Datas for each guilds--
0:46:1:276 [DiamsBot-Main] INFO : diamssword.bot.Main : ...Done!
0:46:1:277 [DiamsBot-Main] INFO : diamssword.bot.Main : --Clearing Caches--
0:46:1:282 [DiamsBot-Main] INFO : diamssword.bot.audio.TTS.TextToSpeechBot : Cleared TTSCache
0:46:1:284 [DiamsBot-Main] INFO : diamssword.bot.Main : ...Done!
0:46:1:286 [DiamsBot-Main] INFO : diamssword.bot.Main : --Initing ticking Thread--
0:46:1:298 [DiamsBot-Main] INFO : diamssword.bot.Main : ...Done!
0:46:1:300 [DiamsBot-Main] INFO : diamssword.bot.Main : --PostInit Plugins--
