SLF4J: Failed to load class "org.slf4j.impl.StaticLoggerBinder".
SLF4J: Defaulting to no-operation (NOP) logger implementation
SLF4J: See http://www.slf4j.org/codes.html#StaticLoggerBinder for further details.
SLF4J: Failed to load class "org.slf4j.impl.StaticMDCBinder".
SLF4J: Defaulting to no-operation MDCAdapter implementation.
SLF4J: See http://www.slf4j.org/codes.html#no_static_mdc_binder for further details.
[main] INFO JDA - Login Successful!
[JDA MainWS-WriteThread] INFO WebSocketClient - Connected to WebSocket
[JDA MainWS-ReadThread] INFO JDA - Finished Loading!
Exception in thread "Thread-5" java.lang.NullPointerException
	at net.dv8tion.jda.core.entities.impl.GuildImpl.getMember(GuildImpl.java:297)
	at diamssword.bot.commands.JudasCmd.tick(JudasCmd.java:230)
	at diamssword.bot.tickable.Tickable$1.run(Tickable.java:33)
	at java.lang.Thread.run(Thread.java:748)
:15:34:985 [DiamsBot-Main] INFO : diamssword.bot.Main : --Init PermissionManager--
1:15:34:987 [DiamsBot-Main] INFO : diamssword.bot.Main : --Loading Commands--
1:15:35:31 [DiamsBot-Main] INFO : diamssword.bot.Main : ...Done!
1:15:35:32 [DiamsBot-Main] INFO : diamssword.bot.Main : --Loading Stored Datas for each guilds--
1:15:35:99 [DiamsBot-Main] INFO : diamssword.bot.Main : ...Done!
1:15:35:100 [DiamsBot-Main] INFO : diamssword.bot.Main : --Clearing Caches--
1:15:35:110 [DiamsBot-Main] INFO : diamssword.bot.audio.TTS.TextToSpeechBot : Cleared TTSCache
1:15:35:111 [DiamsBot-Main] INFO : diamssword.bot.Main : ...Done!
1:15:35:112 [DiamsBot-Main] INFO : diamssword.bot.Main : --Initing ticking Thread--
1:15:35:114 [DiamsBot-Main] INFO : diamssword.bot.Main : ...Done!
1:15:35:114 [DiamsBot-Main] INFO : diamssword.bot.Main : --PostInit Plugins--
