SLF4J: Failed to load class "org.slf4j.impl.StaticLoggerBinder".
SLF4J: Defaulting to no-operation (NOP) logger implementation
SLF4J: See http://www.slf4j.org/codes.html#StaticLoggerBinder for further details.
SLF4J: Failed to load class "org.slf4j.impl.StaticMDCBinder".
SLF4J: Defaulting to no-operation MDCAdapter implementation.
SLF4J: See http://www.slf4j.org/codes.html#no_static_mdc_binder for further details.
[main] INFO JDA - Login Successful!
[JDA MainWS-WriteThread] INFO WebSocketClient - Connected to WebSocket
[JDA MainWS-ReadThread] INFO JDA - Finished Loading!
-Main] INFO : diamssword.bot.Main : --Building and loading DiamsBot--
18:18:53:316 [DiamsBot-Main] INFO : diamssword.bot.Main : --Creating Storage and audioManager instance--
18:18:53:381 [DiamsBot-Main] INFO : diamssword.bot.Main : ...DONE!!
18:18:53:382 [DiamsBot-Main] INFO : diamssword.bot.Main : --Init Plugins--
18:18:53:424 [DiamsBot-Main] INFO : diamssword.bot.Main : --Loading Commands--
18:18:53:463 [DiamsBot-Main] INFO : diamssword.bot.Main : ...Done!
18:18:53:464 [DiamsBot-Main] INFO : diamssword.bot.Main : --Loading Stored Datas for each guilds--
18:18:53:556 [DiamsBot-Main] INFO : diamssword.bot.Main : ...Done!
18:18:53:557 [DiamsBot-Main] INFO : diamssword.bot.Main : --Clearing Caches--
18:18:53:563 [DiamsBot-Main] INFO : diamssword.bot.audio.TTS.TextToSpeechBot : Cleared TTSCache
18:18:53:564 [DiamsBot-Main] INFO : diamssword.bot.Main : ...Done!
18:18:53:565 [DiamsBot-Main] INFO : diamssword.bot.Main : --Initing ticking Thread--
18:18:53:568 [DiamsBot-Main] INFO : diamssword.bot.Main : ...Done!
18:18:53:569 [DiamsBot-Main] INFO : diamssword.bot.Main : --PostInit Plugins--
