juil. 21, 2019 12:09:41 AM Main preInit
GRAVE: Mon PLUGIN est reveillé!
juil. 21, 2019 12:09:41 AM Main preInit
GRAVE: Mon PLUGIN est reveillé!
SLF4J: Failed to load class "org.slf4j.impl.StaticLoggerBinder".
SLF4J: Defaulting to no-operation (NOP) logger implementation
SLF4J: See http://www.slf4j.org/codes.html#StaticLoggerBinder for further details.
SLF4J: Failed to load class "org.slf4j.impl.StaticMDCBinder".
SLF4J: Defaulting to no-operation MDCAdapter implementation.
SLF4J: See http://www.slf4j.org/codes.html#no_static_mdc_binder for further details.
[main] INFO JDA - Login Successful!
[JDA MainWS-WriteThread] INFO WebSocketClient - Connected to WebSocket
[JDA MainWS-ReadThread] INFO JDA - Finished Loading!
juil. 21, 2019 12:09:44 AM NewCommand init
INFOS: Initializing NewCommand
juil. 21, 2019 12:09:44 AM NewCommand init
INFOS: Initializing NewCommand
juil. 21, 2019 12:09:45 AM Main postInit
GRAVE: Tout est lancé Chef!
juil. 21, 2019 12:09:45 AM Main postInit
GRAVE: Tout est lancé Chef!
INFO  diamssword.bot.Main : --Loading Commands--
0:9:44:613 [DiamsBot-Main] INFO  diamssword.bot.Main : ...Done!
0:9:44:620 [DiamsBot-Main] INFO  diamssword.bot.Main : --Loading Stored Datas for each guilds--
0:9:44:634 [DiamsBot-Main] INFO  diamssword.bot.storage.Storage : Loaded class com.diamssword.bot.api.actions.storage.GuildStorage for Le domaine des dieux !'s guild!
0:9:44:664 [DiamsBot-Main] INFO  diamssword.bot.storage.Storage : Loaded class com.diamssword.bot.api.actions.storage.GuildStorage for Le domaine des dieux !'s guild!
0:9:44:685 [DiamsBot-Main] INFO  diamssword.bot.storage.Storage : Loaded class com.diamssword.bot.api.actions.storage.GuildStorage for Le domaine des dieux !'s guild!
0:9:44:708 [DiamsBot-Main] INFO  diamssword.bot.storage.Storage : Loaded class com.diamssword.bot.api.actions.storage.GuildStorage for Le domaine des dieux !'s guild!
0:9:44:729 [DiamsBot-Main] INFO  diamssword.bot.storage.Storage : Loaded class com.diamssword.bot.api.actions.storage.GuildStorage for Le domaine des dieux !'s guild!
0:9:44:748 [DiamsBot-Main] INFO  diamssword.bot.storage.Storage : Loaded class com.diamssword.bot.api.actions.storage.GuildStorage for La Secte d'Olüm's guild!
0:9:44:762 [DiamsBot-Main] INFO  diamssword.bot.storage.Storage : Loaded class com.diamssword.bot.api.actions.storage.GuildStorage for La Secte d'Olüm's guild!
0:9:44:779 [DiamsBot-Main] INFO  diamssword.bot.storage.Storage : Loaded class com.diamssword.bot.api.actions.storage.GuildStorage for La Secte d'Olüm's guild!
0:9:44:801 [DiamsBot-Main] INFO  diamssword.bot.storage.Storage : Loaded class com.diamssword.bot.api.actions.storage.GuildStorage for La Secte d'Olüm's guild!
0:9:44:818 [DiamsBot-Main] INFO  diamssword.bot.storage.Storage : Loaded class com.diamssword.bot.api.actions.storage.GuildStorage for La Secte d'Olüm's guild!
0:9:44:839 [DiamsBot-Main] INFO  diamssword.bot.storage.Storage : Loaded class com.diamssword.bot.api.actions.storage.GuildStorage for Jumpers's guild!
0:9:44:854 [DiamsBot-Main] INFO  diamssword.bot.storage.Storage : Loaded class com.diamssword.bot.api.actions.storage.GuildStorage for Jumpers's guild!
0:9:44:871 [DiamsBot-Main] INFO  diamssword.bot.storage.Storage : Loaded class com.diamssword.bot.api.actions.storage.GuildStorage for Jumpers's guild!
0:9:44:889 [DiamsBot-Main] INFO  diamssword.bot.storage.Storage : Loaded class com.diamssword.bot.api.actions.storage.GuildStorage for Jumpers's guild!
0:9:44:904 [DiamsBot-Main] INFO  diamssword.bot.storage.Storage : Loaded class com.diamssword.bot.api.actions.storage.GuildStorage for Jumpers's guild!
0:9:44:923 [DiamsBot-Main] INFO  diamssword.bot.storage.Storage : Loaded class com.diamssword.bot.api.actions.storage.GuildStorage for Les dégénérés's guild!
0:9:44:941 [DiamsBot-Main] INFO  diamssword.bot.storage.Storage : Loaded class com.diamssword.bot.api.actions.storage.GuildStorage for Les dégénérés's guild!
0:9:44:961 [DiamsBot-Main] INFO  diamssword.bot.storage.Storage : Loaded class com.diamssword.bot.api.actions.storage.GuildStorage for Les dégénérés's guild!
0:9:44:975 [DiamsBot-Main] INFO  diamssword.bot.storage.Storage : Loaded class com.diamssword.bot.api.actions.storage.GuildStorage for Les dégénérés's guild!
0:9:44:989 [DiamsBot-Main] INFO  diamssword.bot.storage.Storage : Loaded class com.diamssword.bot.api.actions.storage.GuildStorage for Les dégénérés's guild!
0:9:45:2 [DiamsBot-Main] INFO  diamssword.bot.Main : ...Done!
0:9:45:8 [DiamsBot-Main] INFO  diamssword.bot.Main : --Clearing Caches--
0:9:45:21 [DiamsBot-Main] INFO  diamssword.bot.audio.TTS.TextToSpeechBot : Cleared TTSCache
0:9:45:31 [DiamsBot-Main] INFO  diamssword.bot.Main : ...Done!
0:9:45:37 [DiamsBot-Main] INFO  diamssword.bot.Main : --Initing ticking Thread--
0:9:45:46 [DiamsBot-Main] INFO  diamssword.bot.Main : ...Done!
0:9:45:53 [DiamsBot-Main] INFO  diamssword.bot.Main : --PostInit Plugins--
