16:22:42:162 [DiamsBot-Registry] INFO : Registering new Command: judas
16:22:42:164 [DiamsBot-Registry] INFO : Registering new Command: help
16:22:42:166 [DiamsBot-Registry] INFO : Registering new Command: meme
16:22:42:168 [DiamsBot-Registry] INFO : Registering new Command: wordbind
16:22:42:169 [DiamsBot-Registry] INFO : Registering new Command: voicebind
16:22:42:171 [DiamsBot-Registry] INFO : Registering new Command: IFuck
16:22:42:173 [DiamsBot-Registry] INFO : Registering new Command: fact
16:22:42:175 [DiamsBot-Registry] INFO : Registering new Command: roll
16:22:42:177 [DiamsBot-Registry] INFO : Registering new Command: wizz
16:22:42:178 [DiamsBot-Registry] INFO : Registering new Command: lol
16:22:42:180 [DiamsBot-Registry] INFO : Registering new Command: hell
16:22:42:181 [DiamsBot-Registry] INFO : Registering new Command: pokedex
16:22:42:182 [DiamsBot-Registry] INFO : Registering new Command: cyanide
16:22:42:184 [DiamsBot-Registry] INFO : Registering new Command: tts
16:22:42:184 [DiamsBot-Registry] INFO : Registering new Command: op
16:22:42:185 [DiamsBot-Registry] INFO : Registering new Command: perms
16:22:42:190 [DiamsBot-Registry] INFO : Registering new Command: triggered
16:22:42:191 [DiamsBot-Registry] INFO : Registering new Action: 'Is This' generator
16:22:42:192 [DiamsBot-Registry] INFO : Registering new Action: Word to Image Binder
16:22:42:194 [DiamsBot-Registry] INFO : Registering new Action: Word to Voice Binder
16:22:42:194 [DiamsBot-Registry] INFO : Registering new Action: ChatBot
