SLF4J: Failed to load class "org.slf4j.impl.StaticLoggerBinder".
SLF4J: Defaulting to no-operation (NOP) logger implementation
SLF4J: See http://www.slf4j.org/codes.html#StaticLoggerBinder for further details.
SLF4J: Failed to load class "org.slf4j.impl.StaticMDCBinder".
SLF4J: Defaulting to no-operation MDCAdapter implementation.
SLF4J: See http://www.slf4j.org/codes.html#no_static_mdc_binder for further details.
[main] INFO JDA - Login Successful!
[JDA MainWS-ReadThread] INFO WebSocketClient - Connected to WebSocket
[JDA MainWS-ReadThread] INFO JDA - Finished Loading!
t-Main] INFO : diamssword.bot.Main : --Building and loading DiamsBot--
15:14:37:134 [DiamsBot-Main] INFO : diamssword.bot.Main : --Creating Storage and audioManager instance--
15:14:37:202 [DiamsBot-Main] INFO : diamssword.bot.Main : ...DONE!!
15:14:37:203 [DiamsBot-Main] INFO : diamssword.bot.Main : --Init Plugins--
15:14:37:246 [DiamsBot-Main] INFO : diamssword.bot.Main : --Init PermissionManager--
15:14:37:248 [DiamsBot-Main] INFO : diamssword.bot.Main : --Loading Commands--
15:14:37:281 [DiamsBot-Main] INFO : diamssword.bot.Main : ...Done!
15:14:37:284 [DiamsBot-Main] INFO : diamssword.bot.Main : --Loading Stored Datas for each guilds--
15:14:37:352 [DiamsBot-Main] INFO : diamssword.bot.Main : ...Done!
15:14:37:353 [DiamsBot-Main] INFO : diamssword.bot.Main : --Clearing Caches--
15:14:37:361 [DiamsBot-Main] INFO : diamssword.bot.audio.TTS.TextToSpeechBot : Cleared TTSCache
15:14:37:362 [DiamsBot-Main] INFO : diamssword.bot.Main : ...Done!
15:14:37:363 [DiamsBot-Main] INFO : diamssword.bot.Main : --Initing ticking Thread--
15:14:37:365 [DiamsBot-Main] INFO : diamssword.bot.Main : ...Done!
15:14:37:366 [DiamsBot-Main] INFO : diamssword.bot.Main : --PostInit Plugins--
