SLF4J: Failed to load class "org.slf4j.impl.StaticLoggerBinder".
SLF4J: Defaulting to no-operation (NOP) logger implementation
SLF4J: See http://www.slf4j.org/codes.html#StaticLoggerBinder for further details.
SLF4J: Failed to load class "org.slf4j.impl.StaticMDCBinder".
SLF4J: Defaulting to no-operation MDCAdapter implementation.
SLF4J: See http://www.slf4j.org/codes.html#no_static_mdc_binder for further details.
[main] INFO JDA - Login Successful!
[JDA MainWS-ReadThread] INFO WebSocketClient - Connected to WebSocket
[JDA MainWS-ReadThread] INFO JDA - Finished Loading!
[JDA MainWS-WriteThread] WARN WebSocketClient - Got disconnected from WebSocket. Attempting to resume session
[JDA MainWS-ReadThread] INFO JDA - Successfully resumed Session!
536 [DiamsBot-Main] INFO : diamssword.bot.Main : --Creating Storage and audioManager instance--
22:4:4:69 [DiamsBot-Main] INFO : diamssword.bot.Main : ...DONE!!
22:4:4:71 [DiamsBot-Main] INFO : diamssword.bot.Main : --Init Plugins--
22:4:4:96 [DiamsBot-Main] INFO : diamssword.bot.Main : --Loading Commands--
22:4:4:140 [DiamsBot-Main] INFO : diamssword.bot.Main : ...Done!
22:4:4:141 [DiamsBot-Main] INFO : diamssword.bot.Main : --Loading Stored Datas for each guilds--
22:4:4:266 [DiamsBot-Main] INFO : diamssword.bot.Main : ...Done!
22:4:4:267 [DiamsBot-Main] INFO : diamssword.bot.Main : --Clearing Caches--
22:4:4:272 [DiamsBot-Main] INFO : diamssword.bot.audio.TTS.TextToSpeechBot : Cleared TTSCache
22:4:4:273 [DiamsBot-Main] INFO : diamssword.bot.Main : ...Done!
22:4:4:274 [DiamsBot-Main] INFO : diamssword.bot.Main : --Initing ticking Thread--
22:4:4:276 [DiamsBot-Main] INFO : diamssword.bot.Main : ...Done!
22:4:4:277 [DiamsBot-Main] INFO : diamssword.bot.Main : --PostInit Plugins--
22:42:21:881 [DiamsBot-Audio] INFO : diamssword.bot.audio.GuildPlayer : Queuing C:\Users\Diamssword\Documents\java_project\Discord_Bot\botdata\ttsCache\tts0.wav
22:43:57:604 [DiamsBot-Audio] INFO : diamssword.bot.audio.GuildPlayer : Queuing C:\Users\Diamssword\Documents\java_project\Discord_Bot\botdata\ttsCache\tts1.wav
