0:46:10:474 [DiamsBot-Main] SEVERE  diamssword.bot.plugins.LoadPlugins : Found a Duplicated Plugin ID!   ID: Diams_bot_plugin2    Names:DiamsBot Second Plugin/DiamsBot Second Plugin
0:46:10:476 [DiamsBot-Main] SEVERE  diamssword.bot.plugins.LoadPlugins : Keeping the plugin instance from: class Main   The new one : class Main (In the jar file 'botdata\plugins\DiamsBotPlugin-1.00:46:10:483 [DiamsBot-Maijuil. 25, 2019 12:46:10 AM Main preInit
GRAVE: Mon PLUGIN est reveillé!
juil. 25, 2019 12:46:10 AM Main preInit
GRAVE: Mon PLUGIN est reveillé!
SLF4J: Failed to load class "org.slf4j.impl.StaticLoggerBinder".
SLF4J: Defaulting to no-operation (NOP) logger implementation
SLF4J: See http://www.slf4j.org/codes.html#StaticLoggerBinder for further details.
SLF4J: Failed to load class "org.slf4j.impl.StaticMDCBinder".
SLF4J: Defaulting to no-operation MDCAdapter implementation.
SLF4J: See http://www.slf4j.org/c0:46:12:558 [DiamsBot-Main] INFO  diamssword.bot.Main : --Creating Storage and audioManager instance--
0:46:12:625 [DiamsBot-Main] INFO  diamssword.bot.Main : ...DONE!!
0:46:12:626 [DiamsBot-Main] INFO  diamsswordjuil. 25, 2019 12:46:12 AM com.diamssword.bot.api.actions.Registry init
INFOS: Registering new Command: jud0:46:12:696 [DiamsBot-Main] INFO  diamssword.bot.Main : ...Done!
0:46:12:698 [DiamsBot-Main] INFO  diamssword.bot.Main : --Loading Stored Datas for each guilds--
0:46:12:700 [DiamsBot-Main] INFO  diamssword.bot.storage.Storage : Loaded GuildStorage:JudasSavable for Le domaine des dieux !'s guild!
0:46:12:710 [DiamsBot-Main] INFO  diamssword.bot.storage.Storage : Loaded GuildStorage:JudasSavableWords for Le domaine des dieux !'s guild!
0:46:12:717 [DiamsBot-Main] INFO  diamssword.bot.storage.Storage : Loaded GuildStorage:TTSSavable for Le domaine des dieux !'s guild!
0:46:12:719 [DiamsBot-Main] INFO  diamssword.bot.storage.Storage : Loaded GuildStorage:WordImgSavable for Le domaine des dieux !'s guild!
0:46:12:721 [DiamsBot-Main] INFO  diamssword.bot.storage.Storage : Loaded GuildStorage:WordVoiceSavable for Le domaine des dieux !'s guild!
0:46:12:722 [DiamsBot-Main] INFO  diamssword.bot.storage.Storage : Loaded GuildStorage:JudasSavable for La Secte d'Olüm's guild!
0:46:12:723 [DiamsBot-Main] INFO  diamssword.bot.storage.Storage : Loaded GuildStorage:JudasSavableWords for La Secte d'Olüm's guild!
0:46:12:726 [DiamsBot-Main] INFO  diamssword.bot.storage.Storage : Loaded GuildStorage:TTSSavable for La Secte d'Olüm's guild!
0:46:12:728 [DiamsBot-Main] INFO  diamssword.bot.storage.Storage : Loaded GuildStorage:WordImgSavable for La Secte d'Olüm's guild!
0:46:12:729 [DiamsBot-Main] INFO  diamssword.bot.storage.Storage : Loaded GuildStorage:WordVoiceSavable for La Secte d'Olüm's guild!
0:46:12:730 [DiamsBot-Main] INFO  diamssword.bot.storage.Storage : Loaded GuildStorage:JudasSavable for Jumpers's guild!
0:46:12:731 [DiamsBot-Main] INFO  diamssword.bot.storage.Storage : Loaded GuildStorage:JudasSavableWords for Jumpers's guild!
0:46:12:733 [DiamsBot-Main] INFO  diamssword.bot.storage.Storage : Loaded GuildStorage:TTSSavable for Jumpers's guild!
0:46:12:735 [DiamsBot-Main] INFO  diamssword.bot.storage.Storage : Loaded GuildStorage:WordImgSavable for Jumpers's guild!
0:46:12:736 [DiamsBot-Main] INFO  diamssword.bot.storage.Storage : Loaded GuildStorage:WordVoiceSavable for Jumpers's guild!
0:46:12:737 [DiamsBot-Main] INFO  diamssword.bot.storage.Storage : Loaded GuildStorage:JudasSavable for Les dégénérés's guild!
0:46:12:739 [DiamsBot-Main] INFO  diamssword.bot.storage.Storage : Loaded GuildStorajuil. 25, 2019 12:46:12 AM Main postInit
GRAVE: Tout est lancé Chef!
juil. 25, 2019 12:46:12 AM Main postInit
GRAVE: Tout est lancé Chef!
[JDA RateLimit-Worker 2] WARN RateLimiter - Encountered 429 on route /guilds/584111089357160448/members/{user_id}
ildStorage:WordImgSavable for Les dégénérés's guild!
0:46:12:745 [DiamsBot-Main] INFO  diamssword.bot.storage.Storage : Loaded GuildStorage:WordVoiceSavable for Les dégénérés's guild!
0:46:12:746 [DiamsBot-Main] INFO  diamssword.bot.Main : ...Done!
0:46:12:746 [DiamsBot-Main] INFO  diamssword.bot.Main : --Clearing Caches--
0:46:12:752 [DiamsBot-Main] INFO  diamssword.bot.audio.TTS.TextToSpeechBot : Cleared TTSCache
0:46:12:753 [DiamsBot-Main] INFO  diamssword.bot.Main : ...Done!
0:46:12:754 [DiamsBot-Main] INFO  diamssword.bot.Main : --Initing ticking Thread--
0:46:12:755 [DiamsBot-Main] INFO  diamssword.bot.Main : ...Done!
0:46:12:756 [DiamsBot-Main] INFO  diamssword.bot.Main : --PostInit Plugins--
