SLF4J: Failed to load class "org.slf4j.impl.StaticLoggerBinder".
SLF4J: Defaulting to no-operation (NOP) logger implementation
SLF4J: See http://www.slf4j.org/codes.html#StaticLoggerBinder for further details.
SLF4J: Failed to load class "org.slf4j.impl.StaticMDCBinder".
SLF4J: Defaulting to no-operation MDCAdapter implementation.
SLF4J: See http://www.slf4j.org/codes.html#no_static_mdc_binder for further details.
[main] INFO JDA - Login Successful!
[JDA MainWS-WriteThread] INFO WebSocketClient - Connected to WebSocket
[JDA MainWS-ReadThread] INFO JDA - Finished Loading!
-Main] INFO : diamssword.bot.Main : --Building and loading DiamsBot--
10:11:58:617 [DiamsBot-Main] INFO : diamssword.bot.Main : --Creating Storage and audioManager instance--
10:11:58:679 [DiamsBot-Main] INFO : diamssword.bot.Main : ...DONE!!
10:11:58:680 [DiamsBot-Main] INFO : diamssword.bot.Main : --Init Plugins--
10:11:58:722 [DiamsBot-Main] INFO : diamssword.bot.Main : --Init PermissionManager--
10:11:58:724 [DiamsBot-Main] INFO : diamssword.bot.Main : --Loading Commands--
10:11:58:768 [DiamsBot-Main] INFO : diamssword.bot.Main : ...Done!
10:11:58:769 [DiamsBot-Main] INFO : diamssword.bot.Main : --Loading Stored Datas for each guilds--
10:11:58:840 [DiamsBot-Main] INFO : diamssword.bot.Main : ...Done!
10:11:58:842 [DiamsBot-Main] INFO : diamssword.bot.Main : --Clearing Caches--
10:11:58:847 [DiamsBot-Main] INFO : diamssword.bot.audio.TTS.TextToSpeechBot : Cleared TTSCache
10:11:58:848 [DiamsBot-Main] INFO : diamssword.bot.Main : ...Done!
10:11:58:849 [DiamsBot-Main] INFO : diamssword.bot.Main : --Initing ticking Thread--
10:11:58:851 [DiamsBot-Main] INFO : diamssword.bot.Main : ...Done!
10:11:58:852 [DiamsBot-Main] INFO : diamssword.bot.Main : --PostInit Plugins--
Diamss
roku telephone du pauvre
roku tel
mitch
mitch
helryzers
helryzers
zericck
zericck
meretorn
meretorn
castiros
castiros
asta
asta
diamsbot
diamsbot
sora
sora
theo/subb
theo/subb
jukebot
jukebot
marethyu
marethyu
trax
trax
nmdalex
zouky zob
ramondinho del palomino
 ramonda kamzou iv
aylie
aylie
eat lego
eat lego
heaxys 
heaxys 
candy music
candy music
snowluxray
snowluxray
avaire
avaire
thelostpig
thelostpig
fromx
fromx
ethiopien arabe illuminati jaune
phoenix126(ditcrashman)
 ormabeuden 
 ormabeuden 
frost
frost
teupeurouere
awungshi
nin's
nin's
jesfot
jesfot
horoyame
horoyame
tatsumi
tatsumi
kiritow
kiritow
frances
frances
praise the partner
praise the partner
zarakay
zarakay
banane
tokio
teki
morgan
helios34 (les tongues)
tnbd helios
roi_des_nord034
roi_des_nord034
kirrian
kirrian
diamssword
diamssword
fliche
fliche
helios
helios
destro
destro
danypower34
danypower34
playmox
playmox
diablotine30
diablotine30
trancperce ( le casque )
faldrix
makedu34
makedu34
dylan breccia ( le sabre)
dylan breccia
rokutpa
rokutpa
kellar
kellar
azalinne
azalinne
denji
denji
ptitmat
ptitmat
youki31
youki31


 \\=()=//
 \\=()=//
mororats
mororats
yato
yato
alrick
alrick
lydiadrew
lydiadrew
kenshiin_kbl
kenshiin_kbl
mee6
mee6
auroth
auroth
lifisgame
lifisgame
darckos78
darckos78
alex raftak
alex raftak
woo jin-chul
rizvenin
imajhination
imajhination
.
.
diamond
diamond
Lydia
roku telephone du pauvre
roku tel
mitch
mitch
helryzers
helryzers
zericck
zericck
meretorn
meretorn
castiros
castiros
asta
asta
diamsbot
diamsbot
sora
sora
theo/subb
theo/subb
jukebot
jukebot
marethyu
marethyu
trax
trax
nmdalex
zouky zob
ramondinho del palomino
 ramonda kamzou iv
aylie
aylie
eat lego
eat lego
heaxys 
heaxys 
candy music
candy music
snowluxray
snowluxray
avaire
avaire
thelostpig
thelostpig
fromx
fromx
ethiopien arabe illuminati jaune
phoenix126(ditcrashman)
 ormabeuden 
 ormabeuden 
frost
frost
teupeurouere
awungshi
nin's
nin's
jesfot
jesfot
horoyame
horoyame
tatsumi
tatsumi
kiritow
kiritow
frances
frances
praise the partner
praise the partner
zarakay
zarakay
banane
tokio
teki
morgan
helios34 (les tongues)
tnbd helios
roi_des_nord034
roi_des_nord034
kirrian
kirrian
diamssword
diamssword
fliche
fliche
helios
helios
destro
destro
danypower34
danypower34
playmox
playmox
diablotine30
diablotine30
trancperce ( le casque )
faldrix
makedu34
makedu34
dylan breccia ( le sabre)
dylan breccia
rokutpa
rokutpa
kellar
kellar
azalinne
azalinne
denji
denji
ptitmat
ptitmat
youki31
youki31


 \\=()=//
 \\=()=//
mororats
mororats
yato
yato
alrick
alrick
lydiadrew
lydiadrew
kenshiin_kbl
kenshiin_kbl
mee6
mee6
auroth
auroth
lifisgame
lifisgame
darckos78
darckos78
alex raftak
alex raftak
woo jin-chul
rizvenin
imajhination
imajhination
.
.
diamond
diamond
