SLF4J: Failed to load class "org.slf4j.impl.StaticLoggerBinder".
SLF4J: Defaulting to no-operation (NOP) logger implementation
SLF4J: See http://www.slf4j.org/codes.html#StaticLoggerBinder for further details.
SLF4J: Failed to load class "org.slf4j.impl.StaticMDCBinder".
SLF4J: Defaulting to no-operation MDCAdapter implementation.
SLF4J: See http://www.slf4j.org/codes.html#no_static_mdc_binder for further details.
[main] INFO JDA - Login Successful!
[JDA MainWS-ReadThread] INFO WebSocketClient - Connected to WebSocket
[JDA MainWS-ReadThread] INFO JDA - Finished Loading!
 diamssword.bot.Main : --Building and loading DiamsBot--
1:3:37:754 [DiamsBot-Main] INFO : diamssword.bot.Main : --Creating Storage and audioManager instance--
1:3:37:829 [DiamsBot-Main] INFO : diamssword.bot.Main : ...DONE!!
1:3:37:830 [DiamsBot-Main] INFO : diamssword.bot.Main : --Init Plugins--
1:3:37:904 [DiamsBot-Main] INFO : diamssword.bot.Main : --Init PermissionManager--
1:3:37:906 [DiamsBot-Main] INFO : diamssword.bot.Main : --Loading Commands--
1:3:37:961 [DiamsBot-Main] INFO : diamssword.bot.Main : ...Done!
1:3:37:963 [DiamsBot-Main] INFO : diamssword.bot.Main : --Loading Stored Datas for each guilds--
1:3:38:30 [DiamsBot-Main] INFO : diamssword.bot.Main : ...Done!
1:3:38:30 [DiamsBot-Main] INFO : diamssword.bot.Main : --Clearing Caches--
1:3:38:37 [DiamsBot-Main] INFO : diamssword.bot.audio.TTS.TextToSpeechBot : Cleared TTSCache
1:3:38:38 [DiamsBot-Main] INFO : diamssword.bot.Main : ...Done!
1:3:38:39 [DiamsBot-Main] INFO : diamssword.bot.Main : --Initing ticking Thread--
1:3:38:42 [DiamsBot-Main] INFO : diamssword.bot.Main : ...Done!
1:3:38:43 [DiamsBot-Main] INFO : diamssword.bot.Main : --PostInit Plugins--
1:3:49:485 [DiamsBot-Audio] INFO : diamssword.bot.audio.GuildPlayer : Queuing C:\Users\Diamssword\Documents\java_project\Discord_Bot\botdata\ttsCache\tts0.wav
