SLF4J: Failed to load class "org.slf4j.impl.StaticLoggerBinder".
SLF4J: Defaulting to no-operation (NOP) logger implementation
SLF4J: See http://www.slf4j.org/codes.html#StaticLoggerBinder for further details.
SLF4J: Failed to load class "org.slf4j.impl.StaticMDCBinder".
SLF4J: Defaulting to no-operation MDCAdapter implementation.
SLF4J: See http://www.slf4j.org/codes.html#no_static_mdc_binder for further details.
[main] INFO JDA - Login Successful!
[JDA MainWS-ReadThread] INFO WebSocketClient - Connected to WebSocket
[JDA MainWS-ReadThread] INFO JDA - Finished Loading!
be removed!!)--
14:52:38:229 [DiamsBot-Main] INFO : diamssword.bot.Main : ...Done!
14:52:38:231 [DiamsBot-Main] INFO : diamssword.bot.Main : --Building and loading DiamsBot--
14:52:40:809 [DiamsBot-Main] INFO : diamssword.bot.Main : --Creating Storage and audioManager instance--
14:52:40:879 [DiamsBot-Main] INFO : diamssword.bot.Main : ...DONE!!
14:52:40:880 [DiamsBot-Main] INFO : diamssword.bot.Main : --Init Plugins--
14:52:40:897 [DiamsBot-Main] INFO : diamssword.bot.Main : --Loading Commands--
14:52:40:939 [DiamsBot-Main] INFO : diamssword.bot.Main : ...Done!
14:52:40:940 [DiamsBot-Main] INFO : diamssword.bot.Main : --Loading Stored Datas for each guilds--
14:52:40:988 [DiamsBot-Main] INFO : diamssword.bot.Main : ...Done!
14:52:40:989 [DiamsBot-Main] INFO : diamssword.bot.Main : --Clearing Caches--
14:52:40:996 [DiamsBot-Main] INFO : diamssword.bot.audio.TTS.TextToSpeechBot : Cleared TTSCache
14:52:40:997 [DiamsBot-Main] INFO : diamssword.bot.Main : ...Done!
14:52:40:998 [DiamsBot-Main] INFO : diamssword.bot.Main : --Initing ticking Thread--
14:52:41:1 [DiamsBot-Main] INFO : diamssword.bot.Main : ...Done!
14:52:41:2 [DiamsBot-Main] INFO : diamssword.bot.Main : --PostInit Plugins--
