juil. 25, 2019 12:09:41 AM Main preInit
GRAVE: Mon PLUGIN est reveillé!
juil. 25, 2019 12:09:41 AM Main preInit
GRAVE: Mon PLUGIN est reveillé!
SLF4J: Failed to load class "org.slf4j.impl.StaticLoggerBinder".
SLF4J: Defaulting to no-operation (NOP) logger implementation
SLF4J: See http://www.slf4j.org/codes.html#StaticLoggerBinder for further details.
SLF4J: Failed to load class "org.slf4j.impl.StaticMDCBinder".
SLF4J: Defaulting to no-operation MDCAdapter implementation.
SLF4J: See http://www.slf4j.org/codes.html#no_static_mdc_binder for further details.
[main] INFO JDA - Login Successful!
[JDA MainWS-ReadThread] INFO WebSocketClient - Connected to WebSocket
[JDA MainWS-ReadThread] ERROR WebSocketClient - Encountered IDENTIFY Rate Limi0:9:51:838 [DiamsBot-Main] INFO  diamssword.bot.Main : --Creating Storage and audioManager instance--
0:9:51:980 [DiamsBot-Main] INFO  diamssword.bot.Main : ...DONE!!
0:9:51:981 [DiamsBot-Main] INFO  diamssword.bot.Main : --Init Plugins--
0:9:51:985 [DiamsBot-Main] INFO  diamsswordjuil. 25, 2019 12:09:52 AM NewComm0:9:52:30 [DiamsBot-Main] INFO  diamssword.bot.Main : ...Done!
0:9:52:33 [DiamsBot-Main] INFO  diamssword.bot.Main : juil. 25, 2019 12:09:52 AM Main postInit
GRAVE: Tout est lancé Chef!
juil. 25, 2019 12:09:52 AM Main postInit
GRAVE: Tout est lancé Chef!
ctions.storage.GuildStorage for Le domaine des dieux !'s guild!
0:9:52:46 [DiamsBot-Main] INFO  diamssword.bot.storage.Storage : Loaded class com.diamssword.bot.api.actions.storage.GuildStorage for Le domaine des dieux !'s guild!
0:9:52:64 [DiamsBot-Main] INFO  diamssword.bot.storage.Storage : Loaded class com.diamssword.bot.api.actions.storage.GuildStorage for Le domaine des dieux !'s guild!
0:9:52:69 [DiamsBot-Main] INFO  diamssword.bot.storage.Storage : Loaded class com.diamssword.bot.api.actions.storage.GuildStorage for Le domaine des dieux !'s guild!
0:9:52:73 [DiamsBot-Main] INFO  diamssword.bot.storage.Storage : Loaded class com.diamssword.bot.api.actions.storage.GuildStorage for Le domaine des dieux !'s guild!
0:9:52:77 [DiamsBot-Main] INFO  diamssword.bot.storage.Storage : Loaded class com.diamssword.bot.api.actions.storage.GuildStorage for La Secte d'Olüm's guild!
0:9:52:81 [DiamsBot-Main] INFO  diamssword.bot.storage.Storage : Loaded class com.diamssword.bot.api.actions.storage.GuildStorage for La Secte d'Olüm's guild!
0:9:52:87 [DiamsBot-Main] INFO  diamssword.bot.storage.Storage : Loaded class com.diamssword.bot.api.actions.storage.GuildStorage for La Secte d'Olüm's guild!
0:9:52:90 [DiamsBot-Main] INFO  diamssword.bot.storage.Storage : Loaded class com.diamssword.bot.api.actions.storage.GuildStorage for La Secte d'Olüm's guild!
0:9:52:96 [DiamsBot-Main] INFO  diamssword.bot.storage.Storage : Loaded class com.diamssword.bot.api.actions.storage.GuildStorage for La Secte d'Olüm's guild!
0:9:52:101 [DiamsBot-Main] INFO  diamssword.bot.storage.Storage : Loaded class com.diamssword.bot.api.actions.storage.GuildStorage for Jumpers's guild!
0:9:52:107 [DiamsBot-Main] INFO  diamssword.bot.storage.Storage : Loaded class com.diamssword.bot.api.actions.storage.GuildStorage for Jumpers's guild!
0:9:52:115 [DiamsBot-Main] INFO  diamssword.bot.storage.Storage : Loaded class com.diamssword.bot.api.actions.storage.GuildStorage for Jumpers's guild!
0:9:52:121 [DiamsBot-Main] INFO  diamssword.bot.storage.Storage : Loaded class com.diamssword.bot.api.actions.storage.GuildStorage for Jumpers's guild!
0:9:52:127 [DiamsBot-Main] INFO  diamssword.bot.storage.Storage : Loaded class com.diamssword.bot.api.actions.storage.GuildStorage for Jumpers's guild!
0:9:52:134 [DiamsBot-Main] INFO  diamssword.bot.storage.Storage : Loaded class com.diamssword.bot.api.actions.storage.GuildStorage for Les dégénérés's guild!
0:9:52:142 [DiamsBot-Main] INFO  diamssword.bot.storage.Storage : Loaded class com.diamssword.bot.api.actions.storage.GuildStorage for Les dégénérés's guild!
0:9:52:148 [DiamsBot-Main] INFO  diamssword.bot.storage.Storage : Loaded class com.diamssword.bot.api.actions.storage.GuildStorage for Les dégénérés's guild!
0:9:52:157 [DiamsBot-Main] INFO  diamssword.bot.storage.Storage : Loaded class com.diamssword.bot.api.actions.storage.GuildStorage for Les dégénérés's guild!
0:9:52:164 [DiamsBot-Main] INFO  diamssword.bot.storage.Storage : Loaded class com.diamssword.bot.api.actions.storage.GuildStorage for Les dégénérés's guild!
0:9:52:171 [DiamsBot-Main] INFO  diamssword.bot.Main : ...Done!
0:9:52:178 [DiamsBot-Main] INFO  diamssword.bot.Main : --Clearing Caches--
0:9:52:203 [DiamsBot-Main] INFO  diamssword.bot.audio.TTS.TextToSpeechBot : Cleared TTSCache
0:9:52:207 [DiamsBot-Main] INFO  diamssword.bot.Main : ...Done!
0:9:52:215 [DiamsBot-Main] INFO  diamssword.bot.Main : --Initing ticking Thread--
0:9:52:224 [DiamsBot-Main] INFO  diamssword.bot.Main : ...Done!
0:9:52:233 [DiamsBot-Main] INFO  diamssword.bot.Main : --PostInit Plugins--
nit Plugins--
