SLF4J: Failed to load class "org.slf4j.impl.StaticLoggerBinder".
SLF4J: Defaulting to no-operation (NOP) logger implementation
SLF4J: See http://www.slf4j.org/codes.html#StaticLoggerBinder for further details.
SLF4J: Failed to load class "org.slf4j.impl.StaticMDCBinder".
SLF4J: Defaulting to no-operation MDCAdapter implementation.
SLF4J: See http://www.slf4j.org/codes.html#no_static_mdc_binder for further details.
[main] INFO JDA - Login Successful!
[JDA MainWS-ReadThread] INFO WebSocketClient - Connected to WebSocket
[JDA MainWS-ReadThread] INFO JDA - Finished Loading!
Exception in thread "Thread-5" java.lang.NullPointerException
	at net.dv8tion.jda.core.entities.impl.GuildImpl.getMember(GuildImpl.java:297)
	at diamssword.bot.commands.JudasCmd.tick(JudasCmd.java:230)
	at diamssword.bot.tickable.Tickable$1.run(Tickable.java:33)
	at java.lang.Thread.run(Unknown Source)
ugins--
18:55:50:489 [DiamsBot-Main] INFO : diamssword.bot.Main : --Loading Commands--
18:55:50:524 [DiamsBot-Main] INFO : diamssword.bot.Main : ...Done!
18:55:50:525 [DiamsBot-Main] INFO : diamssword.bot.Main : --Loading Stored Datas for each guilds--
18:55:50:678 [DiamsBot-Main] INFO : diamssword.bot.Main : ...Done!
18:55:50:679 [DiamsBot-Main] INFO : diamssword.bot.Main : --Clearing Caches--
18:55:50:688 [DiamsBot-Main] INFO : diamssword.bot.audio.TTS.TextToSpeechBot : Cleared TTSCache
18:55:50:689 [DiamsBot-Main] INFO : diamssword.bot.Main : ...Done!
18:55:50:691 [DiamsBot-Main] INFO : diamssword.bot.Main : --Initing ticking Thread--
18:55:50:694 [DiamsBot-Main] INFO : diamssword.bot.Main : ...Done!
18:55:50:695 [DiamsBot-Main] INFO : diamssword.bot.Main : --PostInit Plugins--
