SLF4J: Failed to load class "org.slf4j.impl.StaticLoggerBinder".
SLF4J: Defaulting to no-operation (NOP) logger implementation
SLF4J: See http://www.slf4j.org/codes.html#StaticLoggerBinder for further details.
SLF4J: Failed to load class "org.slf4j.impl.StaticMDCBinder".
SLF4J: Defaulting to no-operation MDCAdapter implementation.
SLF4J: See http://www.slf4j.org/codes.html#no_static_mdc_binder for further details.
[main] INFO JDA - Login Successful!
[JDA MainWS-WriteThread] INFO WebSocketClient - Connected to WebSocket
[JDA MainWS-ReadThread] INFO JDA - Finished Loading!
e removed!!)--
19:50:26:404 [DiamsBot-Main] INFO : diamssword.bot.Main : ...Done!
19:50:26:406 [DiamsBot-Main] INFO : diamssword.bot.Main : --Building and loading DiamsBot--
19:50:28:415 [DiamsBot-Main] INFO : diamssword.bot.Main : --Creating Storage and audioManager instance--
19:50:28:477 [DiamsBot-Main] INFO : diamssword.bot.Main : ...DONE!!
19:50:28:479 [DiamsBot-Main] INFO : diamssword.bot.Main : --Init Plugins--
19:50:28:493 [DiamsBot-Main] INFO : diamssword.bot.Main : --Loading Commands--
19:50:28:524 [DiamsBot-Main] INFO : diamssword.bot.Main : ...Done!
19:50:28:525 [DiamsBot-Main] INFO : diamssword.bot.Main : --Loading Stored Datas for each guilds--
19:50:28:572 [DiamsBot-Main] INFO : diamssword.bot.Main : ...Done!
19:50:28:574 [DiamsBot-Main] INFO : diamssword.bot.Main : --Clearing Caches--
19:50:28:581 [DiamsBot-Main] INFO : diamssword.bot.audio.TTS.TextToSpeechBot : Cleared TTSCache
19:50:28:583 [DiamsBot-Main] INFO : diamssword.bot.Main : ...Done!
19:50:28:584 [DiamsBot-Main] INFO : diamssword.bot.Main : --Initing ticking Thread--
19:50:28:586 [DiamsBot-Main] INFO : diamssword.bot.Main : ...Done!
19:50:28:587 [DiamsBot-Main] INFO : diamssword.bot.Main : --PostInit Plugins--
