juil. 21, 2019 8:30:33 PM Main preInit
GRAVE: Mon PLUGIN est reveillé!
juil. 21, 2019 8:30:33 PM Main preInit
GRAVE: Mon PLUGIN est reveillé!
SLF4J: Failed to load class "org.slf4j.impl.StaticLoggerBinder".
SLF4J: Defaulting to no-operation (NOP) logger implementation
SLF4J: See http://www.slf4j.org/codes.html#StaticLoggerBinder for further details.
SLF4J: Failed to load class "org.slf4j.impl.StaticMDCBinder".
SLF4J: Defaulting to no-operation MDCAdapter implementation.
SLF4J: See http://www.slf4j.org/codes.html#no_static_mdc_binder for further details.
[main] INFO JDA - Login Successful!
[JDA MainWS-WriteThread] INFO WebSocketClient - Connected to WebSocket
[JDA MainWS-ReadThread] INFO JDA - Finished Loading!
juil. 21, 2019 8:30:46 PM NewCommand init
INFOS: Initializing NewCommand
juil. 21, 2019 8:30:46 PM NewCommand init
INFOS: Initializing NewCommand
juil. 21, 2019 8:30:46 PM Main postInit
GRAVE: Tout est lancé Chef!
juil. 21, 2019 8:30:46 PM Main postInit
GRAVE: Tout est lancé Chef!
--
20:30:46:110 [DiamsBot-Main] INFO  diamssword.bot.Main : --Loading Commands--
20:30:46:148 [DiamsBot-Main] INFO  diamssword.bot.Main : ...Done!
20:30:46:155 [DiamsBot-Main] INFO  diamssword.bot.Main : --Loading Stored Datas for each guilds--
20:30:46:171 [DiamsBot-Main] INFO  diamssword.bot.storage.Storage : Loaded class com.diamssword.bot.api.actions.storage.GuildStorage for Le domaine des dieux !'s guild!
20:30:46:203 [DiamsBot-Main] INFO  diamssword.bot.storage.Storage : Loaded class com.diamssword.bot.api.actions.storage.GuildStorage for Le domaine des dieux !'s guild!
20:30:46:229 [DiamsBot-Main] INFO  diamssword.bot.storage.Storage : Loaded class com.diamssword.bot.api.actions.storage.GuildStorage for Le domaine des dieux !'s guild!
20:30:46:249 [DiamsBot-Main] INFO  diamssword.bot.storage.Storage : Loaded class com.diamssword.bot.api.actions.storage.GuildStorage for Le domaine des dieux !'s guild!
20:30:46:264 [DiamsBot-Main] INFO  diamssword.bot.storage.Storage : Loaded class com.diamssword.bot.api.actions.storage.GuildStorage for Le domaine des dieux !'s guild!
20:30:46:284 [DiamsBot-Main] INFO  diamssword.bot.storage.Storage : Loaded class com.diamssword.bot.api.actions.storage.GuildStorage for La Secte d'Olüm's guild!
20:30:46:300 [DiamsBot-Main] INFO  diamssword.bot.storage.Storage : Loaded class com.diamssword.bot.api.actions.storage.GuildStorage for La Secte d'Olüm's guild!
20:30:46:322 [DiamsBot-Main] INFO  diamssword.bot.storage.Storage : Loaded class com.diamssword.bot.api.actions.storage.GuildStorage for La Secte d'Olüm's guild!
20:30:46:338 [DiamsBot-Main] INFO  diamssword.bot.storage.Storage : Loaded class com.diamssword.bot.api.actions.storage.GuildStorage for La Secte d'Olüm's guild!
20:30:46:350 [DiamsBot-Main] INFO  diamssword.bot.storage.Storage : Loaded class com.diamssword.bot.api.actions.storage.GuildStorage for La Secte d'Olüm's guild!
20:30:46:365 [DiamsBot-Main] INFO  diamssword.bot.storage.Storage : Loaded class com.diamssword.bot.api.actions.storage.GuildStorage for Jumpers's guild!
20:30:46:377 [DiamsBot-Main] INFO  diamssword.bot.storage.Storage : Loaded class com.diamssword.bot.api.actions.storage.GuildStorage for Jumpers's guild!
20:30:46:389 [DiamsBot-Main] INFO  diamssword.bot.storage.Storage : Loaded class com.diamssword.bot.api.actions.storage.GuildStorage for Jumpers's guild!
20:30:46:400 [DiamsBot-Main] INFO  diamssword.bot.storage.Storage : Loaded class com.diamssword.bot.api.actions.storage.GuildStorage for Jumpers's guild!
20:30:46:412 [DiamsBot-Main] INFO  diamssword.bot.storage.Storage : Loaded class com.diamssword.bot.api.actions.storage.GuildStorage for Jumpers's guild!
20:30:46:429 [DiamsBot-Main] INFO  diamssword.bot.storage.Storage : Loaded class com.diamssword.bot.api.actions.storage.GuildStorage for Les dégénérés's guild!
20:30:46:450 [DiamsBot-Main] INFO  diamssword.bot.storage.Storage : Loaded class com.diamssword.bot.api.actions.storage.GuildStorage for Les dégénérés's guild!
20:30:46:462 [DiamsBot-Main] INFO  diamssword.bot.storage.Storage : Loaded class com.diamssword.bot.api.actions.storage.GuildStorage for Les dégénérés's guild!
20:30:46:480 [DiamsBot-Main] INFO  diamssword.bot.storage.Storage : Loaded class com.diamssword.bot.api.actions.storage.GuildStorage for Les dégénérés's guild!
20:30:46:496 [DiamsBot-Main] INFO  diamssword.bot.storage.Storage : Loaded class com.diamssword.bot.api.actions.storage.GuildStorage for Les dégénérés's guild!
20:30:46:505 [DiamsBot-Main] INFO  diamssword.bot.Main : ...Done!
20:30:46:510 [DiamsBot-Main] INFO  diamssword.bot.Main : --Clearing Caches--
20:30:46:528 [DiamsBot-Main] INFO  diamssword.bot.audio.TTS.TextToSpeechBot : Cleared TTSCache
20:30:46:532 [DiamsBot-Main] INFO  diamssword.bot.Main : ...Done!
20:30:46:536 [DiamsBot-Main] INFO  diamssword.bot.Main : --Initing ticking Thread--
20:30:46:544 [DiamsBot-Main] INFO  diamssword.bot.Main : ...Done!
20:30:46:549 [DiamsBot-Main] INFO  diamssword.bot.Main : --PostInit Plugins--
launching
launching
launching
launching
launching
launching
launching
launching
