SLF4J: Failed to load class "org.slf4j.impl.StaticLoggerBinder".
SLF4J: Defaulting to no-operation (NOP) logger implementation
SLF4J: See http://www.slf4j.org/codes.html#StaticLoggerBinder for further details.
SLF4J: Failed to load class "org.slf4j.impl.StaticMDCBinder".
SLF4J: Defaulting to no-operation MDCAdapter implementation.
SLF4J: See http://www.slf4j.org/codes.html#no_static_mdc_binder for further details.
[main] INFO JDA - Login Successful!
[JDA MainWS-WriteThread] INFO WebSocketClient - Connected to WebSocket
[JDA MainWS-ReadThread] INFO JDA - Finished Loading!
e removed!!)--
14:54:44:387 [DiamsBot-Main] INFO : diamssword.bot.Main : ...Done!
14:54:44:389 [DiamsBot-Main] INFO : diamssword.bot.Main : --Building and loading DiamsBot--
14:54:46:398 [DiamsBot-Main] INFO : diamssword.bot.Main : --Creating Storage and audioManager instance--
14:54:46:462 [DiamsBot-Main] INFO : diamssword.bot.Main : ...DONE!!
14:54:46:464 [DiamsBot-Main] INFO : diamssword.bot.Main : --Init Plugins--
14:54:46:478 [DiamsBot-Main] INFO : diamssword.bot.Main : --Loading Commands--
14:54:46:513 [DiamsBot-Main] INFO : diamssword.bot.Main : ...Done!
14:54:46:515 [DiamsBot-Main] INFO : diamssword.bot.Main : --Loading Stored Datas for each guilds--
14:54:46:566 [DiamsBot-Main] INFO : diamssword.bot.Main : ...Done!
14:54:46:568 [DiamsBot-Main] INFO : diamssword.bot.Main : --Clearing Caches--
14:54:46:574 [DiamsBot-Main] INFO : diamssword.bot.audio.TTS.TextToSpeechBot : Cleared TTSCache
14:54:46:575 [DiamsBot-Main] INFO : diamssword.bot.Main : ...Done!
14:54:46:577 [DiamsBot-Main] INFO : diamssword.bot.Main : --Initing ticking Thread--
14:54:46:578 [DiamsBot-Main] INFO : diamssword.bot.Main : ...Done!
14:54:46:579 [DiamsBot-Main] INFO : diamssword.bot.Main : --PostInit Plugins--
