23:0:30:441 [DiamsBot-Main] SEVERE : diamssword.bot.plugins.LoadPlugins : Found a Duplicated Plugin ID!   ID: Diams_bot_plugin2    Names:DiamsBot Second Plugin/DiamsBot Second Plugin
23:0:30:443 [DiamsBot-Main] SEVERE : diamssword.bot.plugins.LoadPlugins : Keeping the plugin instance from: class Main   The new one : class Main (In the jar file 'botdata\plugins\DiamsBotPlugin-1.0.23:0:30:448 [DiamsBot-Majuil. 26, 2019 11:00:30 PM Main preInit
GRAVE: Mon PLUGIN est reveillé!
juil. 26, 2019 11:00:30 PM Main preInit
GRAVE: Mon PLUGIN est reveillé!
SLF4J: Failed to load class "org.slf4j.impl.StaticLoggerBinder".
SLF4J: Defaulting to no-operation (NOP) logger implementation
SLF4J: See http://www.slf4j.org/codes.html#StaticLoggerBinder for further details.
SLF4J: Failed to load class "org.slf4j.impl.StaticMDCBinder".
SLF4J: Defaulting to no-operation MDCAdapter implementation.
SLF4J: See http://www.slf4j.org/codes.ht23:0:32:995 [DiamsBot-Main] INFO : diamssword.bot.Main : --Creating Storage and audioManager instance--
23:0:33:64 [DiamsBot-Main] INFO : diamssword.bot.Main : ...DONE!!
23:0:33:66 [DiamsBot-Main] INFO : dijuil. 26, 2019 11:00:33 PM NewCommand init
INFOS: Initializing NewCommand
juil. 26, 2019 11:00:33 PM NewCommand init
INFOS: Initializing NewCommand
juil. 26, 2019 11:00:33 PM Main postInit
GRAVE: Tout est lancé Chef!
juil. 26, 2019 11:00:33 PM Main postInit
GRAVE: Tout est lancé Chef!
ons.Registry : Registering new Command: help
23:0:33:124 [DiamsBot-Registry] INFO : com.diamssword.bot.api.actions.Registry : Registering new Command: meme
23:0:33:125 [DiamsBot-Registry] INFO : com.diamssword.bot.api.actions.Registry : Registering new Command: wordbind
23:0:33:126 [DiamsBot-Registry] INFO : com.diamssword.bot.api.actions.Registry : Registering new Command: voicebind
23:0:33:129 [DiamsBot-Registry] INFO : com.diamssword.bot.api.actions.Registry : Registering new Command: IFuck
23:0:33:131 [DiamsBot-Registry] INFO : com.diamssword.bot.api.actions.Registry : Registering new Command: fact
23:0:33:132 [DiamsBot-Registry] INFO : com.diamssword.bot.api.actions.Registry : Registering new Command: roll
23:0:33:134 [DiamsBot-Registry] INFO : com.diamssword.bot.api.actions.Registry : Registering new Command: wizz
23:0:33:135 [DiamsBot-Registry] INFO : com.diamssword.bot.api.actions.Registry : Registering new Command: lol
23:0:33:137 [DiamsBot-Registry] INFO : com.diamssword.bot.api.actions.Registry : Registering new Command: hell
23:0:33:140 [DiamsBot-Registry] INFO : com.diamssword.bot.api.actions.Registry : Registering new Command: pokedex
23:0:33:141 [DiamsBot-Registry] INFO : com.diamssword.bot.api.actions.Registry : Registering new Command: cyanide
23:0:33:144 [DiamsBot-Registry] INFO : com.diamssword.bot.api.actions.Registry : Registering new Command: tts
23:0:33:146 [DiamsBot-Registry] INFO : com.diamssword.bot.api.actions.Registry : Registering new Command: plugin
23:0:33:150 [DiamsBot-Registry] INFO : com.diamssword.bot.api.actions.Registry : Registering new Command: plugin
23:0:33:154 [DiamsBot-Registry] INFO : com.diamssword.bot.api.actions.Registry : Registering new Action: 'Is This' generator
23:0:33:156 [DiamsBot-Registry] INFO : com.diamssword.bot.api.actions.Registry : Registering new Action: Word to Image Binder
23:0:33:158 [DiamsBot-Registry] INFO : com.diamssword.bot.api.actions.Registry : Registering new Action: Word to Voice Binder
23:0:33:159 [DiamsBot-Registry] INFO : com.diamssword.bot.api.actions.Registry : Registering new Action: ChatBot
23:0:33:161 [DiamsBot-Main] INFO : diamssword.bot.Main : ...Done!
23:0:33:162 [DiamsBot-Main] INFO : diamssword.bot.Main : --Loading Stored Datas for each guilds--
23:0:33:170 [DiamsBot-Main] INFO : diamssword.bot.storage.Storage : Loaded GuildStorage:JudasSavable for Le domaine des dieux !'s guild!
23:0:33:180 [DiamsBot-Main] INFO : diamssword.bot.storage.Storage : Loaded GuildStorage:JudasSavableWords for Le domaine des dieux !'s guild!
23:0:33:190 [DiamsBot-Main] INFO : diamssword.bot.storage.Storage : Loaded GuildStorage:TTSSavable for Le domaine des dieux !'s guild!
23:0:33:194 [DiamsBot-Main] INFO : diamssword.bot.storage.Storage : Loaded GuildStorage:WordImgSavable for Le domaine des dieux !'s guild!
23:0:33:196 [DiamsBot-Main] INFO : diamssword.bot.storage.Storage : Loaded GuildStorage:WordVoiceSavable for Le domaine des dieux !'s guild!
23:0:33:199 [DiamsBot-Main] INFO : diamssword.bot.storage.Storage : Loaded GuildStorage:JudasSavable for La Secte d'Olüm's guild!
23:0:33:201 [DiamsBot-Main] INFO : diamssword.bot.storage.Storage : Loaded GuildStorage:JudasSavableWords for La Secte d'Olüm's guild!
23:0:33:204 [DiamsBot-Main] INFO : diamssword.bot.storage.Storage : Loaded GuildStorage:TTSSavable for La Secte d'Olüm's guild!
23:0:33:206 [DiamsBot-Main] INFO : diamssword.bot.storage.Storage : Loaded GuildStorage:WordImgSavable for La Secte d'Olüm's guild!
23:0:33:208 [DiamsBot-Main] INFO : diamssword.bot.storage.Storage : Loaded GuildStorage:WordVoiceSavable for La Secte d'Olüm's guild!
23:0:33:211 [DiamsBot-Main] INFO : diamssword.bot.storage.Storage : Loaded GuildStorage:JudasSavable for Jumpers's guild!
23:0:33:213 [DiamsBot-Main] INFO : diamssword.bot.storage.Storage : Loaded GuildStorage:JudasSavableWords for Jumpers's guild!
23:0:33:215 [DiamsBot-Main] INFO : diamssword.bot.storage.Storage : Loaded GuildStorage:TTSSavable for Jumpers's guild!
23:0:33:216 [DiamsBot-Main] INFO : diamssword.bot.storage.Storage : Loaded GuildStorage:WordImgSavable for Jumpers's guild!
23:0:33:219 [DiamsBot-Main] INFO : diamssword.bot.storage.Storage : Loaded GuildStorage:WordVoiceSavable for Jumpers's guild!
23:0:33:221 [DiamsBot-Main] INFO : diamssword.bot.storage.Storage : Loaded GuildStorage:JudasSavable for Les dégénérés's guild!
23:0:33:229 [DiamsBot-Main] INFO : diamssword.bot.storage.Storage : Loaded GuildStorage:JudasSavableWords for Les dégénérés's guild!
23:0:33:230 [DiamsBot-Main] INFO : diamssword.bot.storage.Storage : Loaded GuildStorage:TTSSavable for Les dégénérés's guild!
23:0:33:233 [DiamsBot-Main] INFO : diamssword.bot.storage.Storage : Loaded GuildStorage:WordImgSavable for Les dégénérés's guild!
23:0:33:237 [DiamsBot-Main] INFO : diamssword.bot.storage.Storage : Loaded GuildStorage:WordVoiceSavable for Les dégénérés's guild!
23:0:33:238 [DiamsBot-Main] INFO : diamssword.bot.Main : ...Done!
23:0:33:240 [DiamsBot-Main] INFO : diamssword.bot.Main : --Clearing Caches--
23:0:33:245 [DiamsBot-Main] INFO : diamssword.bot.audio.TTS.TextToSpeechBot : Cleared TTSCache
23:0:33:246 [DiamsBot-Main] INFO : diamssword.bot.Main : ...Done!
23:0:33:247 [DiamsBot-Main] INFO : diamssword.bot.Main : --Initing ticking Thread--
23:0:33:251 [DiamsBot-Main] INFO : diamssword.bot.Main : ...Done!
23:0:33:252 [DiamsBot-Main] INFO : diamssword.bot.Main : --PostInit Plugins--
23:1:30:864 [DiamsBot-Audio] INFO : diamssword.bot.audio.GPlayerManager : https://youtu.be/403tAdvkSTA
23:1:32:656 [DiamsBot-Audio] INFO : diamssword.bot.audio.GuildPlayer : Queuing 403tAdvkSTA
23:2:31:746 [DiamsBot-Audio] INFO : diamssword.bot.audio.GPlayerManager : https://www.youtube.com/watch?v=VtzvlXL9gXk
23:2:32:975 [DiamsBot-Audio] INFO : diamssword.bot.audio.GuildPlayer : Queuing VtzvlXL9gXk
