0:36:15:480 [DiamsBot-Main] SEVERE  diamssword.bot.plugins.LoadPlugins : Found a Duplicated Plugin ID!   ID: Diams_bot_plugin2    Names:DiamsBot Second Plugin/DiamsBot Second Plugin
0:36:15:482 [DiamsBot-Main] SEVERE  diamssword.bot.plugins.LoadPlugins : Keeping the plugin instance from: class Main   The new one :class Main(In the jar file 'C:\Users\Diamssword\Documents\java_p0:36:15:487 [DiamsBot-Main] INFO  diamssword.bot.plugins.LoadPlugins : Found ajuil. 25, 2019 12:36:15 AM Main preInit
GRAVE: Mon PLUGIN est reveillé!
juil. 25, 2019 12:36:15 AM Main preInit
GRAVE: Mon PLUGIN est reveillé!
SLF4J: Failed to load class "org.slf4j.impl.StaticLoggerBinder".
SLF4J: Defaulting to no-operation (NOP) logger implementation
SLF4J: See http://www.slf4j.org/codes.html#StaticLoggerBinder for further details.
SLF4J: Failed to load class "org.slf4j.impl.StaticMDCBinder".
SLF4J: Defaulting to no-operation MDCAdapt0:36:17:550 [DiamsBot-Main] INFO  diamssword.bot.Main : --Creating Storage and audioManager instance--
0:36:17:609 [DiamsBot-Main] INFO  diamssword.bot.Main : ...DONE!!
0:36:17:611 [DiamsBot-Main] INFO  diamssword.bot.Main : --Init Plugins--
0:36:17:613 [DiamsBot-Mjuil. 25, 2019 12:36:17 AM NewCommand init
INFOS: Init0:36:17:635 [DiamsBot-Main] INFO  diamssword.bot.Main : ...Done!
0:36:17:637 [DiamsBot-Main] INFjuil. 25, 2019 12:36:17 AM Main postInit
GRAVE: Tout est lancé Chef!
juil. 25, 2019 12:36:17 AM Main postInit
GRAVE: Tout est lancé Chef!
ldStorage:JudasSavable for Le domaine des dieux !'s guild!
0:36:17:648 [DiamsBot-Main] INFO  diamssword.bot.storage.Storage : Loaded GuildStorage:JudasSavableWords for Le domaine des dieux !'s guild!
0:36:17:655 [DiamsBot-Main] INFO  diamssword.bot.storage.Storage : Loaded GuildStorage:TTSSavable for Le domaine des dieux !'s guild!
0:36:17:657 [DiamsBot-Main] INFO  diamssword.bot.storage.Storage : Loaded GuildStorage:WordImgSavable for Le domaine des dieux !'s guild!
0:36:17:658 [DiamsBot-Main] INFO  diamssword.bot.storage.Storage : Loaded GuildStorage:WordVoiceSavable for Le domaine des dieux !'s guild!
0:36:17:660 [DiamsBot-Main] INFO  diamssword.bot.storage.Storage : Loaded GuildStorage:JudasSavable for La Secte d'Olüm's guild!
0:36:17:662 [DiamsBot-Main] INFO  diamssword.bot.storage.Storage : Loaded GuildStorage:JudasSavableWords for La Secte d'Olüm's guild!
0:36:17:665 [DiamsBot-Main] INFO  diamssword.bot.storage.Storage : Loaded GuildStorage:TTSSavable for La Secte d'Olüm's guild!
0:36:17:666 [DiamsBot-Main] INFO  diamssword.bot.storage.Storage : Loaded GuildStorage:WordImgSavable for La Secte d'Olüm's guild!
0:36:17:667 [DiamsBot-Main] INFO  diamssword.bot.storage.Storage : Loaded GuildStorage:WordVoiceSavable for La Secte d'Olüm's guild!
0:36:17:669 [DiamsBot-Main] INFO  diamssword.bot.storage.Storage : Loaded GuildStorage:JudasSavable for Jumpers's guild!
0:36:17:671 [DiamsBot-Main] INFO  diamssword.bot.storage.Storage : Loaded GuildStorage:JudasSavableWords for Jumpers's guild!
0:36:17:673 [DiamsBot-Main] INFO  diamssword.bot.storage.Storage : Loaded GuildStorage:TTSSavable for Jumpers's guild!
0:36:17:675 [DiamsBot-Main] INFO  diamssword.bot.storage.Storage : Loaded GuildStorage:WordImgSavable for Jumpers's guild!
0:36:17:676 [DiamsBot-Main] INFO  diamssword.bot.storage.Storage : Loaded GuildStorage:WordVoiceSavable for Jumpers's guild!
0:36:17:678 [DiamsBot-Main] INFO  diamssword.bot.storage.Storage : Loaded GuildStorage:JudasSavable for Les dégénérés's guild!
0:36:17:681 [DiamsBot-Main] INFO  diamssword.bot.storage.Storage : Loaded GuildStorage:JudasSavableWords for Les dégénérés's guild!
0:36:17:683 [DiamsBot-Main] INFO  diamssword.bot.storage.Storage : Loaded GuildStorage:TTSSavable for Les dégénérés's guild!
0:36:17:686 [DiamsBot-Main] INFO  diamssword.bot.storage.Storage : Loaded GuildStorage:WordImgSavable for Les dégénérés's guild!
0:36:17:688 [DiamsBot-Main] INFO  diamssword.bot.storage.Storage : Loaded GuildStorage:WordVoiceSavable for Les dégénérés's guild!
0:36:17:690 [DiamsBot-Main] INFO  diamssword.bot.Main : ...Done!
0:36:17:692 [DiamsBot-Main] INFO  diamssword.bot.Main : --Clearing Caches--
0:36:17:699 [DiamsBot-Main] INFO  diamssword.bot.audio.TTS.TextToSpeechBot : Cleared TTSCache
0:36:17:700 [DiamsBot-Main] INFO  diamssword.bot.Main : ...Done!
0:36:17:701 [DiamsBot-Main] INFO  diamssword.bot.Main : --Initing ticking Thread--
0:36:17:703 [DiamsBot-Main] INFO  diamssword.bot.Main : ...Done!
0:36:17:704 [DiamsBot-Main] INFO  diamssword.bot.Main : --PostInit Plugins--
