SLF4J: Failed to load class "org.slf4j.impl.StaticLoggerBinder".
SLF4J: Defaulting to no-operation (NOP) logger implementation
SLF4J: See http://www.slf4j.org/codes.html#StaticLoggerBinder for further details.
SLF4J: Failed to load class "org.slf4j.impl.StaticMDCBinder".
SLF4J: Defaulting to no-operation MDCAdapter implementation.
SLF4J: See http://www.slf4j.org/codes.html#no_static_mdc_binder for further details.
[main] INFO JDA - Login Successful!
[JDA MainWS-ReadThread] INFO WebSocketClient - Connected to WebSocket
[JDA MainWS-ReadThread] INFO JDA - Finished Loading!
t-Main] INFO : diamssword.bot.Main : --Building and loading DiamsBot--
20:35:57:228 [DiamsBot-Main] INFO : diamssword.bot.Main : --Creating Storage and audioManager instance--
20:35:57:332 [DiamsBot-Main] INFO : diamssword.bot.Main : ...DONE!!
20:35:57:333 [DiamsBot-Main] INFO : diamssword.bot.Main : --Init Plugins--
20:35:57:551 [DiamsBot-Main] INFO : diamssword.bot.Main : --Init PermissionManager--
20:35:57:563 [DiamsBot-Main] INFO : diamssword.bot.Main : --Loading Commands--
20:35:57:595 [DiamsBot-Main] INFO : diamssword.bot.Main : ...Done!
20:35:57:596 [DiamsBot-Main] INFO : diamssword.bot.Main : --Loading Stored Datas for each guilds--
20:35:57:747 [DiamsBot-Main] INFO : diamssword.bot.Main : ...Done!
20:35:57:748 [DiamsBot-Main] INFO : diamssword.bot.Main : --Clearing Caches--
20:35:57:754 [DiamsBot-Main] INFO : diamssword.bot.audio.TTS.TextToSpeechBot : Cleared TTSCache
20:35:57:754 [DiamsBot-Main] INFO : diamssword.bot.Main : ...Done!
20:35:57:756 [DiamsBot-Main] INFO : diamssword.bot.Main : --Initing ticking Thread--
20:35:57:769 [DiamsBot-Main] INFO : diamssword.bot.Main : ...Done!
20:35:57:770 [DiamsBot-Main] INFO : diamssword.bot.Main : --PostInit Plugins--
>fact
```bash
"Bamboo reaches its flowering cycle every 30-120 years. After bamboo flowers, the entire species of bamboo dies in a process called bamboo dieback. It can take up to 10-15 years for the bamboo to grow back. Pandas have usually been able to migrate to other areas, but they have lost so much of thier habitant to humans that migration has become increasingly difficult."
```
