SLF4J: Failed to load class "org.slf4j.impl.StaticLoggerBinder".
SLF4J: Defaulting to no-operation (NOP) logger implementation
SLF4J: See http://www.slf4j.org/codes.html#StaticLoggerBinder for further details.
SLF4J: Failed to load class "org.slf4j.impl.StaticMDCBinder".
SLF4J: Defaulting to no-operation MDCAdapter implementation.
SLF4J: See http://www.slf4j.org/codes.html#no_static_mdc_binder for further details.
[main] INFO JDA - Login Successful!
[JDA MainWS-ReadThread] INFO WebSocketClient - Connected to WebSocket
[JDA MainWS-ReadThread] INFO JDA - Finished Loading!
oved!!)--
14:38:6:356 [DiamsBot-Main] INFO : diamssword.bot.Main : ...Done!
14:38:6:358 [DiamsBot-Main] INFO : diamssword.bot.Main : --Building and loading DiamsBot--
14:38:9:315 [DiamsBot-Main] INFO : diamssword.bot.Main : --Creating Storage and audioManager instance--
14:38:9:379 [DiamsBot-Main] INFO : diamssword.bot.Main : ...DONE!!
14:38:9:380 [DiamsBot-Main] INFO : diamssword.bot.Main : --Init Plugins--
14:38:9:394 [DiamsBot-Main] INFO : diamssword.bot.Main : --Loading Commands--
14:38:9:434 [DiamsBot-Main] INFO : diamssword.bot.Main : ...Done!
14:38:9:436 [DiamsBot-Main] INFO : diamssword.bot.Main : --Loading Stored Datas for each guilds--
14:38:9:485 [DiamsBot-Main] INFO : diamssword.bot.Main : ...Done!
14:38:9:486 [DiamsBot-Main] INFO : diamssword.bot.Main : --Clearing Caches--
14:38:9:492 [DiamsBot-Main] INFO : diamssword.bot.audio.TTS.TextToSpeechBot : Cleared TTSCache
14:38:9:494 [DiamsBot-Main] INFO : diamssword.bot.Main : ...Done!
14:38:9:495 [DiamsBot-Main] INFO : diamssword.bot.Main : --Initing ticking Thread--
14:38:9:497 [DiamsBot-Main] INFO : diamssword.bot.Main : ...Done!
14:38:9:498 [DiamsBot-Main] INFO : diamssword.bot.Main : --PostInit Plugins--
