juil. 20, 2019 11:49:21 PM Main preInit
GRAVE: Mon PLUGIN est reveillé!
juil. 20, 2019 11:49:21 PM Main preInit
GRAVE: Mon PLUGIN est reveillé!
SLF4J: Failed to load class "org.slf4j.impl.StaticLoggerBinder".
SLF4J: Defaulting to no-operation (NOP) logger implementation
SLF4J: See http://www.slf4j.org/codes.html#StaticLoggerBinder for further details.
SLF4J: Failed to load class "org.slf4j.impl.StaticMDCBinder".
SLF4J: Defaulting to no-operation MDCAdapter implementation.
SLF4J: See http://www.slf4j.org/codes.html#no_static_mdc_binder for further details.
[main] INFO JDA - Login Successful!
[JDA MainWS-ReadThread] INFO WebSocketClient - Connected to WebSocket
[JDA MainWS-ReadThread] INFO JDA - Finished Loading!
juil. 20, 2019 11:49:23 PM NewCommand init
INFOS: Initializing NewCommand
juil. 20, 2019 11:49:23 PM NewCommand init
INFOS: Initializing NewCommand
Exception in thread "main" net.dv8tion.jda.core.exceptions.AccountTypeException: The current AccountType is not valid for the attempted action. Required AccountType: CLIENT
	at net.dv8tion.jda.core.exceptions.AccountTypeException.check(AccountTypeException.java:67)
	at net.dv8tion.jda.core.entities.impl.JDAImpl.asClient(JDAImpl.java:653)
	at net.dv8tion.jda.core.entities.impl.JDAImpl.asClient(JDAImpl.java:63)
	at diamssword.bot.Main.Statut(Main.java:117)
	at diamssword.bot.Main.main(Main.java:90)
Storage for Le domaine des dieux !'s guild!
23:49:23:781 [DiamsBot-Main] INFO  diamssword.bot.storage.Storage : Loaded class com.diamssword.bot.api.actions.storage.GuildStorage for Le domaine des dieux !'s guild!
23:49:23:811 [DiamsBot-Main] INFO  diamssword.bot.storage.Storage : Loaded class com.diamssword.bot.api.actions.storage.GuildStorage for Le domaine des dieux !'s guild!
23:49:23:827 [DiamsBot-Main] INFO  diamssword.bot.storage.Storage : Loaded class com.diamssword.bot.api.actions.storage.GuildStorage for Le domaine des dieux !'s guild!
23:49:23:844 [DiamsBot-Main] INFO  diamssword.bot.storage.Storage : Loaded class com.diamssword.bot.api.actions.storage.GuildStorage for Le domaine des dieux !'s guild!
23:49:23:861 [DiamsBot-Main] INFO  diamssword.bot.storage.Storage : Loaded class com.diamssword.bot.api.actions.storage.GuildStorage for La Secte d'Olüm's guild!
23:49:23:875 [DiamsBot-Main] INFO  diamssword.bot.storage.Storage : Loaded class com.diamssword.bot.api.actions.storage.GuildStorage for La Secte d'Olüm's guild!
23:49:23:890 [DiamsBot-Main] INFO  diamssword.bot.storage.Storage : Loaded class com.diamssword.bot.api.actions.storage.GuildStorage for La Secte d'Olüm's guild!
23:49:23:903 [DiamsBot-Main] INFO  diamssword.bot.storage.Storage : Loaded class com.diamssword.bot.api.actions.storage.GuildStorage for La Secte d'Olüm's guild!
23:49:23:915 [DiamsBot-Main] INFO  diamssword.bot.storage.Storage : Loaded class com.diamssword.bot.api.actions.storage.GuildStorage for La Secte d'Olüm's guild!
23:49:23:929 [DiamsBot-Main] INFO  diamssword.bot.storage.Storage : Loaded class com.diamssword.bot.api.actions.storage.GuildStorage for Jumpers's guild!
23:49:23:944 [DiamsBot-Main] INFO  diamssword.bot.storage.Storage : Loaded class com.diamssword.bot.api.actions.storage.GuildStorage for Jumpers's guild!
23:49:23:958 [DiamsBot-Main] INFO  diamssword.bot.storage.Storage : Loaded class com.diamssword.bot.api.actions.storage.GuildStorage for Jumpers's guild!
23:49:23:969 [DiamsBot-Main] INFO  diamssword.bot.storage.Storage : Loaded class com.diamssword.bot.api.actions.storage.GuildStorage for Jumpers's guild!
23:49:23:980 [DiamsBot-Main] INFO  diamssword.bot.storage.Storage : Loaded class com.diamssword.bot.api.actions.storage.GuildStorage for Jumpers's guild!
23:49:23:989 [DiamsBot-Main] INFO  diamssword.bot.storage.Storage : Loaded class com.diamssword.bot.api.actions.storage.GuildStorage for Les dégénérés's guild!
23:49:24:1 [DiamsBot-Main] INFO  diamssword.bot.storage.Storage : Loaded class com.diamssword.bot.api.actions.storage.GuildStorage for Les dégénérés's guild!
23:49:24:14 [DiamsBot-Main] INFO  diamssword.bot.storage.Storage : Loaded class com.diamssword.bot.api.actions.storage.GuildStorage for Les dégénérés's guild!
23:49:24:27 [DiamsBot-Main] INFO  diamssword.bot.storage.Storage : Loaded class com.diamssword.bot.api.actions.storage.GuildStorage for Les dégénérés's guild!
23:49:24:39 [DiamsBot-Main] INFO  diamssword.bot.storage.Storage : Loaded class com.diamssword.bot.api.actions.storage.GuildStorage for Les dégénérés's guild!
23:49:24:51 [DiamsBot-Main] INFO  diamssword.bot.Main : ...Done!
23:49:24:57 [DiamsBot-Main] INFO  diamssword.bot.Main : --Clearing Caches--
23:49:24:69 [DiamsBot-Main] INFO  diamssword.bot.audio.TTS.TextToSpeechBot : Cleared TTSCache
23:49:24:76 [DiamsBot-Main] INFO  diamssword.bot.Main : ...Done!
23:49:24:82 [DiamsBot-Main] INFO  diamssword.bot.Main : --Initing ticking Thread--
23:49:24:88 [DiamsBot-Main] INFO  diamssword.bot.Main : ...Done!
23:49:24:93 [DiamsBot-Main] INFO  diamssword.bot.Main : --PostInit Plugins--
