SLF4J: Failed to load class "org.slf4j.impl.StaticLoggerBinder".
SLF4J: Defaulting to no-operation (NOP) logger implementation
SLF4J: See http://www.slf4j.org/codes.html#StaticLoggerBinder for further details.
SLF4J: Failed to load class "org.slf4j.impl.StaticMDCBinder".
SLF4J: Defaulting to no-operation MDCAdapter implementation.
SLF4J: See http://www.slf4j.org/codes.html#no_static_mdc_binder for further details.
[main] INFO JDA - Login Successful!
[JDA MainWS-ReadThread] INFO WebSocketClient - Connected to WebSocket
[JDA MainWS-ReadThread] INFO JDA - Finished Loading!
[JDA MainWS-ReadThread] ERROR JDA - One of the EventListeners had an uncaught exception
java.lang.NullPointerException
	at com.DiamsBotExtended.commands.TrigCmd.execute(TrigCmd.java:93)
	at diamssword.bot.BotEventsHandler.onMessageReceived(BotEventsHandler.java:59)
	at net.dv8tion.jda.core.hooks.ListenerAdapter.onEvent(ListenerAdapter.java:411)
	at net.dv8tion.jda.core.hooks.InterfacedEventManager.handle(InterfacedEventManager.java:84)
	at net.dv8tion.jda.core.handle.MessageCreateHandler.handleInternally(MessageCreateHandler.java:127)
	at net.dv8tion.jda.core.handle.SocketHandler.handle(SocketHandler.java:37)
	at net.dv8tion.jda.core.requests.WebSocketClient.onDispatch(WebSocketClient.java:868)
	at net.dv8tion.jda.core.requests.WebSocketClient.onEvent(WebSocketClient.java:766)
	at net.dv8tion.jda.core.requests.WebSocketClient.handleEvent(WebSocketClient.java:745)
	at net.dv8tion.jda.core.requests.WebSocketClient.onBinaryMessage(WebSocketClient.java:903)
	at com.neovisionaries.ws.client.ListenerManager.callOnBinaryMessage(ListenerManager.java:368)
	at com.neovisionaries.ws.client.ReadingThread.callOnBinaryMessage(ReadingThread.java:270)
	at com.neovisionaries.ws.client.ReadingThread.handleBinaryFrame(ReadingThread.java:990)
	at com.neovisionaries.ws.client.ReadingThread.handleFrame(ReadingThread.java:749)
	at com.neovisionaries.ws.client.ReadingThread.main(ReadingThread.java:108)
	at com.neovisionaries.ws.client.ReadingThread.runMain(ReadingThread.java:64)
	at com.neovisionaries.ws.client.WebSocketThread.run(WebSocketThread.java:45)
%2Fdp%2FB000H6W47Y&psig=AOvVaw2sChvBJ6DEyW1OLBAQFUAX&ust=1564510448513570
20:16:51:855 [DiamsBotEX] INFO : com.DiamsBotExtended.commands.TrigCmd : arg : COIN
20:16:51:862 [DiamsBotEX] INFO : com.DiamsBotExtended.commands.TrigCmd : arg : blue
20:16:51:863 [DiamsBotEX] INFO : com.DiamsBotExtended.commands.TrigCmd : arg : red
20:17:47:577 [DiamsBotEX] INFO : com.DiamsBotExtended.commands.TrigCmd : args : 4
20:17:47:578 [DiamsBotEX] INFO : com.DiamsBotExtended.commands.TrigCmd : arg : https://images-na.ssl-images-amazon.com/images/I/41sfz8dKX1L.jpg
20:17:47:580 [DiamsBotEX] INFO : com.DiamsBotExtended.commands.TrigCmd : arg : COIN
20:17:47:581 [DiamsBotEX] INFO : com.DiamsBotExtended.commands.TrigCmd : arg : blue
20:17:47:583 [DiamsBotEX] INFO : com.DiamsBotExtended.commands.TrigCmd : arg : red
20:18:58:264 [DiamsBotEX] INFO : com.DiamsBotExtended.commands.TrigCmd : args : 4
20:18:58:265 [DiamsBotEX] INFO : com.DiamsBotExtended.commands.TrigCmd : arg : https://images-na.ssl-images-amazon.com/images/I/41sfz8dKX1L.jpg
20:18:58:267 [DiamsBotEX] INFO : com.DiamsBotExtended.commands.TrigCmd : arg : COIN
20:18:58:268 [DiamsBotEX] INFO : com.DiamsBotExtended.commands.TrigCmd : arg : white
20:18:58:269 [DiamsBotEX] INFO : com.DiamsBotExtended.commands.TrigCmd : arg : red
