SLF4J: Failed to load class "org.slf4j.impl.StaticLoggerBinder".
SLF4J: Defaulting to no-operation (NOP) logger implementation
SLF4J: See http://www.slf4j.org/codes.html#StaticLoggerBinder for further details.
SLF4J: Failed to load class "org.slf4j.impl.StaticMDCBinder".
SLF4J: Defaulting to no-operation MDCAdapter implementation.
SLF4J: See http://www.slf4j.org/codes.html#no_static_mdc_binder for further details.
[main] INFO JDA - Login Successful!
[JDA MainWS-ReadThread] INFO WebSocketClient - Connected to WebSocket
[JDA MainWS-ReadThread] INFO JDA - Finished Loading!
 INFO : diamssword.bot.Main : --Building and loading DiamsBot--
9:59:48:155 [DiamsBot-Main] INFO : diamssword.bot.Main : --Creating Storage and audioManager instance--
9:59:48:217 [DiamsBot-Main] INFO : diamssword.bot.Main : ...DONE!!
9:59:48:218 [DiamsBot-Main] INFO : diamssword.bot.Main : --Init Plugins--
9:59:48:260 [DiamsBot-Main] INFO : diamssword.bot.Main : --Init PermissionManager--
9:59:48:262 [DiamsBot-Main] INFO : diamssword.bot.Main : --Loading Commands--
9:59:48:303 [DiamsBot-Main] INFO : diamssword.bot.Main : ...Done!
9:59:48:306 [DiamsBot-Main] INFO : diamssword.bot.Main : --Loading Stored Datas for each guilds--
9:59:48:378 [DiamsBot-Main] INFO : diamssword.bot.Main : ...Done!
9:59:48:379 [DiamsBot-Main] INFO : diamssword.bot.Main : --Clearing Caches--
9:59:48:385 [DiamsBot-Main] INFO : diamssword.bot.audio.TTS.TextToSpeechBot : Cleared TTSCache
9:59:48:386 [DiamsBot-Main] INFO : diamssword.bot.Main : ...Done!
9:59:48:387 [DiamsBot-Main] INFO : diamssword.bot.Main : --Initing ticking Thread--
9:59:48:389 [DiamsBot-Main] INFO : diamssword.bot.Main : ...Done!
9:59:48:390 [DiamsBot-Main] INFO : diamssword.bot.Main : --PostInit Plugins--
<@210359923337330688>
<@193667428410982401>
