SLF4J: Failed to load class "org.slf4j.impl.StaticLoggerBinder".
SLF4J: Defaulting to no-operation (NOP) logger implementation
SLF4J: See http://www.slf4j.org/codes.html#StaticLoggerBinder for further details.
SLF4J: Failed to load class "org.slf4j.impl.StaticMDCBinder".
SLF4J: Defaulting to no-operation MDCAdapter implementation.
SLF4J: See http://www.slf4j.org/codes.html#no_static_mdc_binder for further details.
[main] INFO JDA - Login Successful!
[JDA MainWS-WriteThread] INFO WebSocketClient - Connected to WebSocket
[JDA MainWS-ReadThread] INFO JDA - Finished Loading!
[JDA MainWS-WriteThread] WARN WebSocketClient - Got disconnected from WebSocket. Attempting to resume session
[JDA MainWS-ReadThread] INFO JDA - Successfully resumed Session!
5:22:44 [DiamsBot-Main] INFO : diamssword.bot.Main : --Creating Storage and audioManager instance--
12:25:25:747 [DiamsBot-Main] INFO : diamssword.bot.Main : ...DONE!!
12:25:25:749 [DiamsBot-Main] INFO : diamssword.bot.Main : --Init Plugins--
12:25:25:767 [DiamsBot-Main] INFO : diamssword.bot.Main : --Loading Commands--
12:25:25:808 [DiamsBot-Main] INFO : diamssword.bot.Main : ...Done!
12:25:25:811 [DiamsBot-Main] INFO : diamssword.bot.Main : --Loading Stored Datas for each guilds--
12:25:25:954 [DiamsBot-Main] INFO : diamssword.bot.Main : ...Done!
12:25:25:955 [DiamsBot-Main] INFO : diamssword.bot.Main : --Clearing Caches--
12:25:26:155 [DiamsBot-Main] INFO : diamssword.bot.audio.TTS.TextToSpeechBot : Cleared TTSCache
12:25:26:157 [DiamsBot-Main] INFO : diamssword.bot.Main : ...Done!
12:25:26:159 [DiamsBot-Main] INFO : diamssword.bot.Main : --Initing ticking Thread--
12:25:26:250 [DiamsBot-Main] INFO : diamssword.bot.Main : ...Done!
12:25:26:252 [DiamsBot-Main] INFO : diamssword.bot.Main : --PostInit Plugins--
23:52:7:870 [DiamsBot-Audio] INFO : diamssword.bot.audio.GuildPlayer : Queuing C:\Users\Diamssword\Documents\java_project\Discord_Bot\botdata\ttsCache\tts0.wav
23:53:29:866 [DiamsBot-Audio] INFO : diamssword.bot.audio.GuildPlayer : Queuing C:\Users\Diamssword\Documents\java_project\Discord_Bot\botdata\ttsCache\tts1.wav
23:53:31:136 [DiamsBot-Audio] INFO : diamssword.bot.audio.GuildPlayer : Queuing C:\Users\Diamssword\Documents\java_project\Discord_Bot\botdata\ttsCache\tts2.wav
23:53:32:420 [DiamsBot-Audio] INFO : diamssword.bot.audio.GuildPlayer : Queuing C:\Users\Diamssword\Documents\java_project\Discord_Bot\botdata\ttsCache\tts3.wav
23:53:33:682 [DiamsBot-Audio] INFO : diamssword.bot.audio.GuildPlayer : Queuing C:\Users\Diamssword\Documents\java_project\Discord_Bot\botdata\ttsCache\tts4.wav
23:53:34:997 [DiamsBot-Audio] INFO : diamssword.bot.audio.GuildPlayer : Queuing C:\Users\Diamssword\Documents\java_project\Discord_Bot\botdata\ttsCache\tts5.wav
23:54:36:992 [DiamsBot-Audio] INFO : diamssword.bot.audio.GuildPlayer : Queuing C:\Users\Diamssword\Documents\java_project\Discord_Bot\botdata\ttsCache\tts6.wav
