SLF4J: Failed to load class "org.slf4j.impl.StaticLoggerBinder".
SLF4J: Defaulting to no-operation (NOP) logger implementation
SLF4J: See http://www.slf4j.org/codes.html#StaticLoggerBinder for further details.
SLF4J: Failed to load class "org.slf4j.impl.StaticMDCBinder".
SLF4J: Defaulting to no-operation MDCAdapter implementation.
SLF4J: See http://www.slf4j.org/codes.html#no_static_mdc_binder for further details.
[main] INFO JDA - Login Successful!
[JDA MainWS-ReadThread] INFO WebSocketClient - Connected to WebSocket
[JDA MainWS-ReadThread] INFO JDA - Finished Loading!
23:8:0:423 [DiamsBot-Audio] WARNING : diamssword.bot.audio.GPlayerManager$1 : Loading information for a YouTube track failed.
ot.Main : --Building and loading DiamsBot--
22:36:13:417 [DiamsBot-Main] INFO : diamssword.bot.Main : --Creating Storage and audioManager instance--
22:36:16:928 [DiamsBot-Main] INFO : diamssword.bot.Main : ...DONE!!
22:36:16:929 [DiamsBot-Main] INFO : diamssword.bot.Main : --Init Plugins--
22:36:16:948 [DiamsBot-Main] INFO : diamssword.bot.Main : --Loading Commands--
22:36:16:989 [DiamsBot-Main] INFO : diamssword.bot.Main : ...Done!
22:36:16:990 [DiamsBot-Main] INFO : diamssword.bot.Main : --Loading Stored Datas for each guilds--
22:36:17:152 [DiamsBot-Main] INFO : diamssword.bot.Main : ...Done!
22:36:17:152 [DiamsBot-Main] INFO : diamssword.bot.Main : --Clearing Caches--
22:36:17:160 [DiamsBot-Main] INFO : diamssword.bot.audio.TTS.TextToSpeechBot : Cleared TTSCache
22:36:17:161 [DiamsBot-Main] INFO : diamssword.bot.Main : ...Done!
22:36:17:162 [DiamsBot-Main] INFO : diamssword.bot.Main : --Initing ticking Thread--
22:36:17:164 [DiamsBot-Main] INFO : diamssword.bot.Main : ...Done!
22:36:17:165 [DiamsBot-Main] INFO : diamssword.bot.Main : --PostInit Plugins--
22:36:47:65 [DiamsBotEX] INFO : com.DiamsBotExtended.commands.TrigCmd : args : 3
22:36:47:67 [DiamsBotEX] INFO : com.DiamsBotExtended.commands.TrigCmd : arg : https://cdn.discordapp.com/attachments/584421190785826828/605859800378769456/FB_IMG_1564201445721.jpg
22:36:47:70 [DiamsBotEX] INFO : com.DiamsBotExtended.commands.TrigCmd : arg : red
22:36:47:72 [DiamsBotEX] INFO : com.DiamsBotExtended.commands.TrigCmd : arg : 
