18:26:16:175 [DiamsBot-Main] INFO : diamssword.bot.Main : --Searching for Plugins--
18:26:16:187 [PluginLoader] INFO : LoadPlugins : Loading internal plugin!   ID: diamsbot_internal    Name:DiamsBot Internal Plugin
18:26:19:999 [PluginLoader] INFO : LoadPlugins : Found a Plugin!   ID: DiamsBot_Extended    Name:DiamsBot Extended Functions Plugin
18:26:20:13 [DiamsBot-Main] INFO : diamssword.bot.Main : ...Done!
18:26:20:17 [DiamsBot-Main] INFO : diamssword.bot.Main : --PreInit Plugins--
18:26:20:22 [DiamsBot-Main] INFO : diamssword.bot.Main : --Loading Old Save Systeme (to be removed!!)--
18:26:20:99 [DiamsBot-Main] INFO : diamssword.bot.Main : ...Done!
18:26:20:101 [DiamsBot-Main] INFO : diamssword.bot.Main : --Building and loading DiamsBot--
18:26:30:906 [DiamsBot-Main] INFO : diamssword.bot.Main : --Creating Storage and audioManager instance--
18:26:34:661 [DiamsBot-Main] INFO : diamssword.bot.Main : ...DONE!!
18:26:34:662 [DiamsBot-Main] INFO : diamssword.bot.Main : --Init Plugins--
18:26:34:678 [DiamsBot-Main] INFO : diamssword.bot.Main : --Loading Commands--
18:26:34:723 [DiamsBot-Main] INFO : diamssword.bot.Main : ...Done!
18:26:34:724 [DiamsBot-Main] INFO : diamssword.bot.Main : --Loading Stored Datas for each guilds--
18:26:34:857 [DiamsBot-Main] INFO : diamssword.bot.Main : ...Done!
18:26:34:858 [DiamsBot-Main] INFO : diamssword.bot.Main : --Clearing Caches--
18:26:34:864 [DiamsBot-Main] INFO : diamssword.bot.audio.TTS.TextToSpeechBot : Cleared TTSCache
18:26:34:865 [DiamsBot-Main] INFO : diamssword.bot.Main : ...Done!
18:26:34:866 [DiamsBot-Main] INFO : diamssword.bot.Main : --Initing ticking Thread--
18:26:34:868 [DiamsBot-Main] INFO : diamssword.bot.Main : ...Done!
18:26:34:869 [DiamsBot-Main] INFO : diamssword.bot.Main : --PostInit Plugins--
18:27:38:140 [DiamsBot-Audio] INFO : diamssword.bot.audio.GuildPlayer : Queuing https://img-9gag-fun.9cache.com/photo/aQ1PnV2_460svvp9.webm
18:28:19:40 [DiamsBot-Audio] INFO : diamssword.bot.audio.GuildPlayer : Queuing https://img-9gag-fun.9cache.com/photo/aQ1PnV2_460svvp9.webm
18:29:32:772 [DiamsBot-Audio] INFO : diamssword.bot.audio.GuildPlayer : Queuing C:\Users\Diamssword\Documents\java_project\Discord_Bot\botdata\ttsCache\tts0.wav
18:30:9:856 [DiamsBot-Audio] INFO : diamssword.bot.audio.GuildPlayer : Queuing C:\Users\Diamssword\Documents\java_project\Discord_Bot\botdata\ttsCache\tts1.wav
18:31:18:949 [DiamsBot-Audio] INFO : diamssword.bot.audio.GuildPlayer : Queuing C:\Users\Diamssword\Documents\java_project\Discord_Bot\botdata\ttsCache\tts2.wav
18:31:19:450 [DiamsBot-Audio] INFO : diamssword.bot.audio.GuildPlayer : Queuing https://img-9gag-fun.9cache.com/photo/aQ1PnV2_460svvp9.webm
18:31:19:551 [DiamsBot-Audio] INFO : diamssword.bot.audio.GuildPlayer : Queuing https://img-9gag-fun.9cache.com/photo/aQ1PnV2_460svvp9.webm
18:31:19:717 [DiamsBot-Audio] INFO : diamssword.bot.audio.GuildPlayer : Queuing https://img-9gag-fun.9cache.com/photo/aQ1PnV2_460svvp9.webm
