juil. 25, 2019 12:12:29 AM Main preInit
GRAVE: Mon PLUGIN est reveillé!
juil. 25, 2019 12:12:29 AM Main preInit
GRAVE: Mon PLUGIN est reveillé!
SLF4J: Failed to load class "org.slf4j.impl.StaticLoggerBinder".
SLF4J: Defaulting to no-operation (NOP) logger implementation
SLF4J: See http://www.slf4j.org/codes.html#StaticLoggerBinder for further details.
SLF4J: Failed to load class "org.slf4j.impl.StaticMDCBinder".
SLF4J: Defaulting to no-operation MDCAdapter implementation.
SLF4J: See http://www.slf4j.org/codes.html#no_static_mdc_binder for further details.
[main] INFO JDA - Login Successful!
[JDA MainWS-ReadThread] INFO WebSocketClient - Connected to WebSocket
[JDA MainWS-ReadThread] INFO JDA - Finished Loading!
juil. 25, 2019 12:12:31 AM NewCommand init
INFOS: Initializing NewCommand
juil. 25, 2019 12:12:31 AM NewCommand init
INFOS: Initializing NewCommand
juil. 25, 2019 12:12:31 AM Main postInit
GRAVE: Tout est lancé Chef!
juil. 25, 2019 12:12:31 AM Main postInit
GRAVE: Tout est lancé Chef!
Bot-Main] INFO  diamssword.bot.Main : --Loading Commands--
0:12:31:406 [DiamsBot-Main] INFO  diamssword.bot.Main : ...Done!
0:12:31:408 [DiamsBot-Main] INFO  diamssword.bot.Main : --Loading Stored Datas for each guilds--
0:12:31:410 [DiamsBot-Main] INFO  diamssword.bot.storage.Storage : Loaded GuildStorage:diamssword.bot.storage.savable.JudasSavable for Le domaine des dieux !'s guild!
0:12:31:419 [DiamsBot-Main] INFO  diamssword.bot.storage.Storage : Loaded GuildStorage:diamssword.bot.storage.savable.JudasSavable$JudasSavableWords for Le domaine des dieux !'s guild!
0:12:31:427 [DiamsBot-Main] INFO  diamssword.bot.storage.Storage : Loaded GuildStorage:diamssword.bot.commands.TTSCmd$TTSSavable for Le domaine des dieux !'s guild!
0:12:31:429 [DiamsBot-Main] INFO  diamssword.bot.storage.Storage : Loaded GuildStorage:diamssword.bot.storage.savable.WordImgSavable for Le domaine des dieux !'s guild!
0:12:31:431 [DiamsBot-Main] INFO  diamssword.bot.storage.Storage : Loaded GuildStorage:diamssword.bot.storage.savable.WordVoiceSavable for Le domaine des dieux !'s guild!
0:12:31:433 [DiamsBot-Main] INFO  diamssword.bot.storage.Storage : Loaded GuildStorage:diamssword.bot.storage.savable.JudasSavable for La Secte d'Olüm's guild!
0:12:31:434 [DiamsBot-Main] INFO  diamssword.bot.storage.Storage : Loaded GuildStorage:diamssword.bot.storage.savable.JudasSavable$JudasSavableWords for La Secte d'Olüm's guild!
0:12:31:436 [DiamsBot-Main] INFO  diamssword.bot.storage.Storage : Loaded GuildStorage:diamssword.bot.commands.TTSCmd$TTSSavable for La Secte d'Olüm's guild!
0:12:31:437 [DiamsBot-Main] INFO  diamssword.bot.storage.Storage : Loaded GuildStorage:diamssword.bot.storage.savable.WordImgSavable for La Secte d'Olüm's guild!
0:12:31:439 [DiamsBot-Main] INFO  diamssword.bot.storage.Storage : Loaded GuildStorage:diamssword.bot.storage.savable.WordVoiceSavable for La Secte d'Olüm's guild!
0:12:31:440 [DiamsBot-Main] INFO  diamssword.bot.storage.Storage : Loaded GuildStorage:diamssword.bot.storage.savable.JudasSavable for Jumpers's guild!
0:12:31:442 [DiamsBot-Main] INFO  diamssword.bot.storage.Storage : Loaded GuildStorage:diamssword.bot.storage.savable.JudasSavable$JudasSavableWords for Jumpers's guild!
0:12:31:444 [DiamsBot-Main] INFO  diamssword.bot.storage.Storage : Loaded GuildStorage:diamssword.bot.commands.TTSCmd$TTSSavable for Jumpers's guild!
0:12:31:446 [DiamsBot-Main] INFO  diamssword.bot.storage.Storage : Loaded GuildStorage:diamssword.bot.storage.savable.WordImgSavable for Jumpers's guild!
0:12:31:447 [DiamsBot-Main] INFO  diamssword.bot.storage.Storage : Loaded GuildStorage:diamssword.bot.storage.savable.WordVoiceSavable for Jumpers's guild!
0:12:31:449 [DiamsBot-Main] INFO  diamssword.bot.storage.Storage : Loaded GuildStorage:diamssword.bot.storage.savable.JudasSavable for Les dégénérés's guild!
0:12:31:452 [DiamsBot-Main] INFO  diamssword.bot.storage.Storage : Loaded GuildStorage:diamssword.bot.storage.savable.JudasSavable$JudasSavableWords for Les dégénérés's guild!
0:12:31:454 [DiamsBot-Main] INFO  diamssword.bot.storage.Storage : Loaded GuildStorage:diamssword.bot.commands.TTSCmd$TTSSavable for Les dégénérés's guild!
0:12:31:459 [DiamsBot-Main] INFO  diamssword.bot.storage.Storage : Loaded GuildStorage:diamssword.bot.storage.savable.WordImgSavable for Les dégénérés's guild!
0:12:31:461 [DiamsBot-Main] INFO  diamssword.bot.storage.Storage : Loaded GuildStorage:diamssword.bot.storage.savable.WordVoiceSavable for Les dégénérés's guild!
0:12:31:465 [DiamsBot-Main] INFO  diamssword.bot.Main : ...Done!
0:12:31:467 [DiamsBot-Main] INFO  diamssword.bot.Main : --Clearing Caches--
0:12:31:473 [DiamsBot-Main] INFO  diamssword.bot.audio.TTS.TextToSpeechBot : Cleared TTSCache
0:12:31:475 [DiamsBot-Main] INFO  diamssword.bot.Main : ...Done!
0:12:31:475 [DiamsBot-Main] INFO  diamssword.bot.Main : --Initing ticking Thread--
0:12:31:477 [DiamsBot-Main] INFO  diamssword.bot.Main : ...Done!
0:12:31:478 [DiamsBot-Main] INFO  diamssword.bot.Main : --PostInit Plugins--
