SLF4J: Failed to load class "org.slf4j.impl.StaticLoggerBinder".
SLF4J: Defaulting to no-operation (NOP) logger implementation
SLF4J: See http://www.slf4j.org/codes.html#StaticLoggerBinder for further details.
SLF4J: Failed to load class "org.slf4j.impl.StaticMDCBinder".
SLF4J: Defaulting to no-operation MDCAdapter implementation.
SLF4J: See http://www.slf4j.org/codes.html#no_static_mdc_binder for further details.
[main] INFO JDA - Login Successful!
[JDA MainWS-WriteThread] INFO WebSocketClient - Connected to WebSocket
[JDA MainWS-ReadThread] INFO JDA - Finished Loading!
--Building and loading DiamsBot--
14:36:14:23 [DiamsBot-Main] INFO : diamssword.bot.Main : --Creating Storage and audioManager instance--
14:36:17:595 [DiamsBot-Main] INFO : diamssword.bot.Main : ...DONE!!
14:36:17:596 [DiamsBot-Main] INFO : diamssword.bot.Main : --Init Plugins--
14:36:17:609 [DiamsBot-Main] INFO : diamssword.bot.Main : --Loading Commands--
14:36:17:651 [DiamsBot-Main] INFO : diamssword.bot.Main : ...Done!
14:36:17:652 [DiamsBot-Main] INFO : diamssword.bot.Main : --Loading Stored Datas for each guilds--
14:36:17:717 [DiamsBot-Main] INFO : diamssword.bot.Main : ...Done!
14:36:17:719 [DiamsBot-Main] INFO : diamssword.bot.Main : --Clearing Caches--
14:36:17:730 [DiamsBot-Main] INFO : diamssword.bot.audio.TTS.TextToSpeechBot : Cleared TTSCache
14:36:17:731 [DiamsBot-Main] INFO : diamssword.bot.Main : ...Done!
14:36:17:733 [DiamsBot-Main] INFO : diamssword.bot.Main : --Initing ticking Thread--
14:36:17:736 [DiamsBot-Main] INFO : diamssword.bot.Main : ...Done!
14:36:17:737 [DiamsBot-Main] INFO : diamssword.bot.Main : --PostInit Plugins--
