11:37:34:577 [DiamsBot-Storage] INFO : Loaded GuildStorage:JudasSavable for Le domaine des dieux !'s guild!
11:37:34:589 [DiamsBot-Storage] INFO : Loaded GuildStorage:JudasSavableWords for Le domaine des dieux !'s guild!
11:37:34:595 [DiamsBot-Storage] INFO : Loaded GuildStorage:TTSSavable for Le domaine des dieux !'s guild!
11:37:34:599 [DiamsBot-Storage] INFO : Loaded GuildStorage:WordImgSavable for Le domaine des dieux !'s guild!
11:37:34:601 [DiamsBot-Storage] INFO : Loaded GuildStorage:WordVoiceSavable for Le domaine des dieux !'s guild!
11:37:34:603 [DiamsBot-Storage] INFO : Loaded GuildStorage:JudasSavable for La Secte d'Olüm's guild!
11:37:34:604 [DiamsBot-Storage] INFO : Loaded GuildStorage:JudasSavableWords for La Secte d'Olüm's guild!
11:37:34:606 [DiamsBot-Storage] INFO : Loaded GuildStorage:TTSSavable for La Secte d'Olüm's guild!
11:37:34:608 [DiamsBot-Storage] INFO : Loaded GuildStorage:WordImgSavable for La Secte d'Olüm's guild!
11:37:34:611 [DiamsBot-Storage] INFO : Loaded GuildStorage:WordVoiceSavable for La Secte d'Olüm's guild!
11:37:34:612 [DiamsBot-Storage] INFO : Loaded GuildStorage:JudasSavable for Jumpers's guild!
11:37:34:614 [DiamsBot-Storage] INFO : Loaded GuildStorage:JudasSavableWords for Jumpers's guild!
11:37:34:616 [DiamsBot-Storage] INFO : Loaded GuildStorage:TTSSavable for Jumpers's guild!
11:37:34:619 [DiamsBot-Storage] INFO : Loaded GuildStorage:WordImgSavable for Jumpers's guild!
11:37:34:620 [DiamsBot-Storage] INFO : Loaded GuildStorage:WordVoiceSavable for Jumpers's guild!
11:37:34:622 [DiamsBot-Storage] INFO : Loaded GuildStorage:JudasSavable for Les dégénérés's guild!
11:37:34:625 [DiamsBot-Storage] INFO : Loaded GuildStorage:JudasSavableWords for Les dégénérés's guild!
11:37:34:627 [DiamsBot-Storage] INFO : Loaded GuildStorage:TTSSavable for Les dégénérés's guild!
11:37:34:630 [DiamsBot-Storage] INFO : Loaded GuildStorage:WordImgSavable for Les dégénérés's guild!
11:37:34:633 [DiamsBot-Storage] INFO : Loaded GuildStorage:WordVoiceSavable for Les dégénérés's guild!
