SLF4J: Failed to load class "org.slf4j.impl.StaticLoggerBinder".
SLF4J: Defaulting to no-operation (NOP) logger implementation
SLF4J: See http://www.slf4j.org/codes.html#StaticLoggerBinder for further details.
SLF4J: Failed to load class "org.slf4j.impl.StaticMDCBinder".
SLF4J: Defaulting to no-operation MDCAdapter implementation.
SLF4J: See http://www.slf4j.org/codes.html#no_static_mdc_binder for further details.
[main] INFO JDA - Login Successful!
[JDA MainWS-WriteThread] INFO WebSocketClient - Connected to WebSocket
[JDA MainWS-ReadThread] INFO JDA - Finished Loading!
[JDA MainWS-ReadThread] ERROR JDA - One of the EventListeners had an uncaught exception
java.lang.NullPointerException
	at diamssword.bot.permissions.PermManager.canUse(PermManager.java:132)
	at diamssword.bot.BotEventsHandler.onMessageReceived(BotEventsHandler.java:51)
	at net.dv8tion.jda.core.hooks.ListenerAdapter.onEvent(ListenerAdapter.java:411)
	at net.dv8tion.jda.core.hooks.InterfacedEventManager.handle(InterfacedEventManager.java:84)
	at net.dv8tion.jda.core.handle.MessageCreateHandler.handleInternally(MessageCreateHandler.java:127)
	at net.dv8tion.jda.core.handle.SocketHandler.handle(SocketHandler.java:37)
	at net.dv8tion.jda.core.requests.WebSocketClient.onDispatch(WebSocketClient.java:868)
	at net.dv8tion.jda.core.requests.WebSocketClient.onEvent(WebSocketClient.java:766)
	at net.dv8tion.jda.core.requests.WebSocketClient.handleEvent(WebSocketClient.java:745)
	at net.dv8tion.jda.core.requests.WebSocketClient.onBinaryMessage(WebSocketClient.java:903)
	at com.neovisionaries.ws.client.ListenerManager.callOnBinaryMessage(ListenerManager.java:368)
	at com.neovisionaries.ws.client.ReadingThread.callOnBinaryMessage(ReadingThread.java:270)
	at com.neovisionaries0:16:21:395 [DiamsBot-Audio] INFO : diamssword.bot.audio.GuildPlayer : Queuing C:\Users\Diamssword\Documents\java_project\Discord_Bot\botdata\ttsCache\tts0.wav
0:16:22:92 [DiamsBot-Audio] INFO : diamssword.bot.audio.GuildPlayer : Queuing C:\Users\Diamssword\Documents\java_project\Discord_Bot\botdata\ttsCache\tts0.wav
0:16:22:332 [DiamsBot-Audio] INFO : diamssword.bot.audio.GuildPlay0:18:24:946 [DiamsBot-Audio] WARNING : diamssword.bot.audio.GPlayerManager$1 : Loading information for a YouTube track failed.
0:18:36:935 [DiamsBot-Audio] WARNING : diamssword.bot.audio.GPlayerManager$1 : Loading information for a YouTube track failed.
0:19:18:952 [DiamsBot-Audio] WARNING : diamssword.bot.audio.GPlayerManager$1 : Loading information for a YouTube track failed.
0:20:49:623 [DiamsBot-Audio] WARNING : diamssword.bot.audio.GPlayerManager$1 : Unknown file format.
0:22:43:13 [DiamsBot-Audio] WARNING : diamssword.bot.audio.GPlayerManager$1 : Loading information for a YouTube track failed.
: diamssword.bot.audio.GuildPlayer : Queuing C:\Users\Diamssword\Documents\java_project\Discord_Bot\botdata\ttsCache\tts6.wav
