juil. 25, 2019 12:30:19 AM Main preInit
GRAVE: Mon PLUGIN est reveillé!
juil. 25, 2019 12:30:19 AM Main preInit
GRAVE: Mon PLUGIN est reveillé!
SLF4J: Failed to load class "org.slf4j.impl.StaticLoggerBinder".
SLF4J: Defaulting to no-operation (NOP) logger implementation
SLF4J: See http://www.slf4j.org/codes.html#StaticLoggerBinder for further details.
SLF4J: Failed to load class "org.slf4j.impl.StaticMDCBinder".
SLF4J: Defaulting to no-operation MDCAdapter implementation.
SLF4J: See http://www.slf4j.org/codes.html#no_static_mdc_binder for further details.
[main] INFO JDA - Login Successful!
[JDA MainWS-ReadThread] INFO WebSocketClient - Connected to WebSocket
[JDA MainWS-ReadThread] INFO JDA - Finished Loading!
juil. 25, 2019 12:30:21 AM NewCommand init
INFOS: Initializing NewCommand
juil. 25, 2019 12:30:21 AM NewCommand init
INFOS: Initializing NewCommand
juil. 25, 2019 12:30:21 AM Main postInit
GRAVE: Tout est lancé Chef!
juil. 25, 2019 12:30:21 AM Main postInit
GRAVE: Tout est lancé Chef!
instance--
0:30:21:224 [DiamsBot-Main] INFO  diamssword.bot.Main : ...DONE!!
0:30:21:225 [DiamsBot-Main] INFO  diamssword.bot.Main : --Init Plugins--
0:30:21:228 [DiamsBot-Main] INFO  diamssword.bot.Main : --Loading Commands--
0:30:21:249 [DiamsBot-Main] INFO  diamssword.bot.Main : ...Done!
0:30:21:251 [DiamsBot-Main] INFO  diamssword.bot.Main : --Loading Stored Datas for each guilds--
0:30:21:253 [DiamsBot-Main] INFO  diamssword.bot.storage.Storage : Loaded GuildStorage:JudasSavable for Le domaine des dieux !'s guild!
0:30:21:264 [DiamsBot-Main] INFO  diamssword.bot.storage.Storage : Loaded GuildStorage:JudasSavableWords for Le domaine des dieux !'s guild!
0:30:21:271 [DiamsBot-Main] INFO  diamssword.bot.storage.Storage : Loaded GuildStorage:TTSSavable for Le domaine des dieux !'s guild!
0:30:21:274 [DiamsBot-Main] INFO  diamssword.bot.storage.Storage : Loaded GuildStorage:WordImgSavable for Le domaine des dieux !'s guild!
0:30:21:275 [DiamsBot-Main] INFO  diamssword.bot.storage.Storage : Loaded GuildStorage:WordVoiceSavable for Le domaine des dieux !'s guild!
0:30:21:276 [DiamsBot-Main] INFO  diamssword.bot.storage.Storage : Loaded GuildStorage:JudasSavable for La Secte d'Olüm's guild!
0:30:21:278 [DiamsBot-Main] INFO  diamssword.bot.storage.Storage : Loaded GuildStorage:JudasSavableWords for La Secte d'Olüm's guild!
0:30:21:282 [DiamsBot-Main] INFO  diamssword.bot.storage.Storage : Loaded GuildStorage:TTSSavable for La Secte d'Olüm's guild!
0:30:21:284 [DiamsBot-Main] INFO  diamssword.bot.storage.Storage : Loaded GuildStorage:WordImgSavable for La Secte d'Olüm's guild!
0:30:21:286 [DiamsBot-Main] INFO  diamssword.bot.storage.Storage : Loaded GuildStorage:WordVoiceSavable for La Secte d'Olüm's guild!
0:30:21:288 [DiamsBot-Main] INFO  diamssword.bot.storage.Storage : Loaded GuildStorage:JudasSavable for Jumpers's guild!
0:30:21:290 [DiamsBot-Main] INFO  diamssword.bot.storage.Storage : Loaded GuildStorage:JudasSavableWords for Jumpers's guild!
0:30:21:293 [DiamsBot-Main] INFO  diamssword.bot.storage.Storage : Loaded GuildStorage:TTSSavable for Jumpers's guild!
0:30:21:296 [DiamsBot-Main] INFO  diamssword.bot.storage.Storage : Loaded GuildStorage:WordImgSavable for Jumpers's guild!
0:30:21:298 [DiamsBot-Main] INFO  diamssword.bot.storage.Storage : Loaded GuildStorage:WordVoiceSavable for Jumpers's guild!
0:30:21:300 [DiamsBot-Main] INFO  diamssword.bot.storage.Storage : Loaded GuildStorage:JudasSavable for Les dégénérés's guild!
0:30:21:303 [DiamsBot-Main] INFO  diamssword.bot.storage.Storage : Loaded GuildStorage:JudasSavableWords for Les dégénérés's guild!
0:30:21:305 [DiamsBot-Main] INFO  diamssword.bot.storage.Storage : Loaded GuildStorage:TTSSavable for Les dégénérés's guild!
0:30:21:308 [DiamsBot-Main] INFO  diamssword.bot.storage.Storage : Loaded GuildStorage:WordImgSavable for Les dégénérés's guild!
0:30:21:310 [DiamsBot-Main] INFO  diamssword.bot.storage.Storage : Loaded GuildStorage:WordVoiceSavable for Les dégénérés's guild!
0:30:21:312 [DiamsBot-Main] INFO  diamssword.bot.Main : ...Done!
0:30:21:313 [DiamsBot-Main] INFO  diamssword.bot.Main : --Clearing Caches--
0:30:21:319 [DiamsBot-Main] INFO  diamssword.bot.audio.TTS.TextToSpeechBot : Cleared TTSCache
0:30:21:320 [DiamsBot-Main] INFO  diamssword.bot.Main : ...Done!
0:30:21:321 [DiamsBot-Main] INFO  diamssword.bot.Main : --Initing ticking Thread--
0:30:21:323 [DiamsBot-Main] INFO  diamssword.bot.Main : ...Done!
0:30:21:324 [DiamsBot-Main] INFO  diamssword.bot.Main : --PostInit Plugins--
