SLF4J: Failed to load class "org.slf4j.impl.StaticLoggerBinder".
SLF4J: Defaulting to no-operation (NOP) logger implementation
SLF4J: See http://www.slf4j.org/codes.html#StaticLoggerBinder for further details.
SLF4J: Failed to load class "org.slf4j.impl.StaticMDCBinder".
SLF4J: Defaulting to no-operation MDCAdapter implementation.
SLF4J: See http://www.slf4j.org/codes.html#no_static_mdc_binder for further details.
[main] INFO JDA - Login Successful!
[JDA MainWS-ReadThread] INFO WebSocketClient - Connected to WebSocket
[JDA MainWS-ReadThread] INFO JDA - Finished Loading!
oved!!)--
15:4:53:582 [DiamsBot-Main] INFO : diamssword.bot.Main : ...Done!
15:4:53:584 [DiamsBot-Main] INFO : diamssword.bot.Main : --Building and loading DiamsBot--
15:4:55:847 [DiamsBot-Main] INFO : diamssword.bot.Main : --Creating Storage and audioManager instance--
15:4:55:923 [DiamsBot-Main] INFO : diamssword.bot.Main : ...DONE!!
15:4:55:924 [DiamsBot-Main] INFO : diamssword.bot.Main : --Init Plugins--
15:4:55:937 [DiamsBot-Main] INFO : diamssword.bot.Main : --Loading Commands--
15:4:55:974 [DiamsBot-Main] INFO : diamssword.bot.Main : ...Done!
15:4:55:975 [DiamsBot-Main] INFO : diamssword.bot.Main : --Loading Stored Datas for each guilds--
15:4:56:26 [DiamsBot-Main] INFO : diamssword.bot.Main : ...Done!
15:4:56:27 [DiamsBot-Main] INFO : diamssword.bot.Main : --Clearing Caches--
15:4:56:33 [DiamsBot-Main] INFO : diamssword.bot.audio.TTS.TextToSpeechBot : Cleared TTSCache
15:4:56:35 [DiamsBot-Main] INFO : diamssword.bot.Main : ...Done!
15:4:56:36 [DiamsBot-Main] INFO : diamssword.bot.Main : --Initing ticking Thread--
15:4:56:39 [DiamsBot-Main] INFO : diamssword.bot.Main : ...Done!
15:4:56:40 [DiamsBot-Main] INFO : diamssword.bot.Main : --PostInit Plugins--
