SLF4J: Failed to load class "org.slf4j.impl.StaticLoggerBinder".
SLF4J: Defaulting to no-operation (NOP) logger implementation
SLF4J: See http://www.slf4j.org/codes.html#StaticLoggerBinder for further details.
SLF4J: Failed to load class "org.slf4j.impl.StaticMDCBinder".
SLF4J: Defaulting to no-operation MDCAdapter implementation.
SLF4J: See http://www.slf4j.org/codes.html#no_static_mdc_binder for further details.
[main] INFO JDA - Login Successful!
[JDA MainWS-ReadThread] INFO WebSocketClient - Connected to WebSocket
[JDA MainWS-ReadThread] INFO JDA - Finished Loading!
juil. 29, 2019 7:59:17 PM com.DiamsBotExtended.Main postInit
INFOS: TEST5
..Done!
19:59:14:820 [DiamsBot-Main] INFO : diamssword.bot.Main : --Building and loading DiamsBot--
19:59:17:4 [DiamsBot-Main] INFO : diamssword.bot.Main : --Creating Storage and audioManager instance--
19:59:17:78 [DiamsBot-Main] INFO : diamssword.bot.Main : ...DONE!!
19:59:17:79 [DiamsBot-Main] INFO : diamssword.bot.Main : --Init Plugins--
19:59:17:93 [DiamsBot-Main] INFO : diamssword.bot.Main : --Loading Commands--
19:59:17:131 [DiamsBot-Main] INFO : diamssword.bot.Main : ...Done!
19:59:17:132 [DiamsBot-Main] INFO : diamssword.bot.Main : --Loading Stored Datas for each guilds--
19:59:17:184 [DiamsBot-Main] INFO : diamssword.bot.Main : ...Done!
19:59:17:186 [DiamsBot-Main] INFO : diamssword.bot.Main : --Clearing Caches--
19:59:17:192 [DiamsBot-Main] INFO : diamssword.bot.audio.TTS.TextToSpeechBot : Cleared TTSCache
19:59:17:193 [DiamsBot-Main] INFO : diamssword.bot.Main : ...Done!
19:59:17:195 [DiamsBot-Main] INFO : diamssword.bot.Main : --Initing ticking Thread--
19:59:17:197 [DiamsBot-Main] INFO : diamssword.bot.Main : ...Done!
19:59:17:198 [DiamsBot-Main] INFO : diamssword.bot.Main : --PostInit Plugins--
