13:58:8:291 [PluginLoader] SEVERE : LoadPlugins : Found a Duplicated Plugin ID!   ID: Diams_bot_plugin2    Names:DiamsBot Second Plugin/DiamsBot Second Plugin
13:58:8:295 [PluginLoader] SEVERE : LoadPlugins : Keeping the plugin instance from: class Main   The new one : class Main (In the jar file 'botdata\plugins\DiamsBotPlugin-1.0.13:58:8:302 [PluginLoadejuil. 29, 2019 1:58:08 PM Main preInit
GRAVE: Mon PLUGIN est reveillé!
juil. 29, 2019 1:58:08 PM Main preInit
GRAVE: Mon PLUGIN est reveillé!
SLF4J: Failed to load class "org.slf4j.impl.StaticLoggerBinder".
SLF4J: Defaulting to no-operation (NOP) logger implementation
SLF4J: See http://www.slf4j.org/codes.html#StaticLoggerBinder for further details.
SLF4J: Failed to load class "org.slf4j.impl.StaticMDCBinder".
SLF4J: Defaulting to no-operation MDCAdapter implementation.
SLF4J: See http://13:58:10:381 [DiamsBot-Main] INFO : diamssword.bot.Main : --Creating Storage and audioManager instance--
13:58:10:439 [DiamsBot-Main] INFO : diamssword.bot.Main : ...DONE!!
13:58:10:441 [DiamsBot-Main] INFO : diamssword.bot.Mainjuil. 29, 2019 1:58:10 PM NewCommand init
INFOS: Initializing NewCommand
juil. 29, 2019 1:58:10 PM 13:58:10:495 [DiamsBot-Main] INFO : diamssword.bojuil. 29, 2019 1:58:10 PM Main postInit
GRAVE: Tout est lancé Chef!
juil. 29, 2019 1:58:10 PM Main postInit
GRAVE: Tout est lancé Chef!
Main] INFO : diamssword.bot.Main : ...Done!
13:58:10:542 [DiamsBot-Main] INFO : diamssword.bot.Main : --Clearing Caches--
13:58:10:547 [DiamsBot-Main] INFO : diamssword.bot.audio.TTS.TextToSpeechBot : Cleared TTSCache
13:58:10:548 [DiamsBot-Main] INFO : diamssword.bot.Main : ...Done!
13:58:10:550 [DiamsBot-Main] INFO : diamssword.bot.Main : --Initing ticking Thread--
13:58:10:551 [DiamsBot-Main] INFO : diamssword.bot.Main : ...Done!
13:58:10:552 [DiamsBot-Main] INFO : diamssword.bot.Main : --PostInit Plugins--
