SLF4J: Failed to load class "org.slf4j.impl.StaticLoggerBinder".
SLF4J: Defaulting to no-operation (NOP) logger implementation
SLF4J: See http://www.slf4j.org/codes.html#StaticLoggerBinder for further details.
SLF4J: Failed to load class "org.slf4j.impl.StaticMDCBinder".
SLF4J: Defaulting to no-operation MDCAdapter implementation.
SLF4J: See http://www.slf4j.org/codes.html#no_static_mdc_binder for further details.
[main] INFO JDA - Login Successful!
[JDA MainWS-ReadThread] INFO WebSocketClient - Connected to WebSocket
[JDA MainWS-ReadThread] INFO JDA - Finished Loading!
 INFO : diamssword.bot.Main : --Building and loading DiamsBot--
9:49:43:700 [DiamsBot-Main] INFO : diamssword.bot.Main : --Creating Storage and audioManager instance--
9:49:43:759 [DiamsBot-Main] INFO : diamssword.bot.Main : ...DONE!!
9:49:43:760 [DiamsBot-Main] INFO : diamssword.bot.Main : --Init Plugins--
9:49:43:802 [DiamsBot-Main] INFO : diamssword.bot.Main : --Init PermissionManager--
9:49:43:804 [DiamsBot-Main] INFO : diamssword.bot.Main : --Loading Commands--
9:49:43:834 [DiamsBot-Main] INFO : diamssword.bot.Main : ...Done!
9:49:43:835 [DiamsBot-Main] INFO : diamssword.bot.Main : --Loading Stored Datas for each guilds--
9:49:43:900 [DiamsBot-Main] INFO : diamssword.bot.Main : ...Done!
9:49:43:901 [DiamsBot-Main] INFO : diamssword.bot.Main : --Clearing Caches--
9:49:43:909 [DiamsBot-Main] INFO : diamssword.bot.audio.TTS.TextToSpeechBot : Cleared TTSCache
9:49:43:910 [DiamsBot-Main] INFO : diamssword.bot.Main : ...Done!
9:49:43:910 [DiamsBot-Main] INFO : diamssword.bot.Main : --Initing ticking Thread--
9:49:43:913 [DiamsBot-Main] INFO : diamssword.bot.Main : ...Done!
9:49:43:914 [DiamsBot-Main] INFO : diamssword.bot.Main : --PostInit Plugins--
