SLF4J: Failed to load class "org.slf4j.impl.StaticLoggerBinder".
SLF4J: Defaulting to no-operation (NOP) logger implementation
SLF4J: See http://www.slf4j.org/codes.html#StaticLoggerBinder for further details.
SLF4J: Failed to load class "org.slf4j.impl.StaticMDCBinder".
SLF4J: Defaulting to no-operation MDCAdapter implementation.
SLF4J: See http://www.slf4j.org/codes.html#no_static_mdc_binder for further details.
[main] INFO JDA - Login Successful!
[JDA MainWS-ReadThread] INFO WebSocketClient - Connected to WebSocket
[JDA MainWS-ReadThread] INFO JDA - Finished Loading!
be removed!!)--
14:59:30:635 [DiamsBot-Main] INFO : diamssword.bot.Main : ...Done!
14:59:30:637 [DiamsBot-Main] INFO : diamssword.bot.Main : --Building and loading DiamsBot--
14:59:32:774 [DiamsBot-Main] INFO : diamssword.bot.Main : --Creating Storage and audioManager instance--
14:59:32:831 [DiamsBot-Main] INFO : diamssword.bot.Main : ...DONE!!
14:59:32:832 [DiamsBot-Main] INFO : diamssword.bot.Main : --Init Plugins--
14:59:32:846 [DiamsBot-Main] INFO : diamssword.bot.Main : --Loading Commands--
14:59:32:881 [DiamsBot-Main] INFO : diamssword.bot.Main : ...Done!
14:59:32:885 [DiamsBot-Main] INFO : diamssword.bot.Main : --Loading Stored Datas for each guilds--
14:59:32:931 [DiamsBot-Main] INFO : diamssword.bot.Main : ...Done!
14:59:32:932 [DiamsBot-Main] INFO : diamssword.bot.Main : --Clearing Caches--
14:59:32:938 [DiamsBot-Main] INFO : diamssword.bot.audio.TTS.TextToSpeechBot : Cleared TTSCache
14:59:32:939 [DiamsBot-Main] INFO : diamssword.bot.Main : ...Done!
14:59:32:941 [DiamsBot-Main] INFO : diamssword.bot.Main : --Initing ticking Thread--
14:59:32:943 [DiamsBot-Main] INFO : diamssword.bot.Main : ...Done!
14:59:32:944 [DiamsBot-Main] INFO : diamssword.bot.Main : --PostInit Plugins--
