21:19:44:174 [DiamsBot-Storage] INFO : Loaded GuildStorage:PermSavable for Le domaine des dieux !'s guild!
21:19:44:181 [DiamsBot-Storage] INFO : Loaded GuildStorage:JudasSavable for Le domaine des dieux !'s guild!
21:19:44:193 [DiamsBot-Storage] INFO : Loaded GuildStorage:JudasSavableWords for Le domaine des dieux !'s guild!
21:19:44:197 [DiamsBot-Storage] INFO : Loaded GuildStorage:TTSSavable for Le domaine des dieux !'s guild!
21:19:44:201 [DiamsBot-Storage] INFO : Loaded GuildStorage:WordImgSavable for Le domaine des dieux !'s guild!
21:19:44:203 [DiamsBot-Storage] INFO : Loaded GuildStorage:WordVoiceSavable for Le domaine des dieux !'s guild!
21:19:44:204 [DiamsBot-Storage] INFO : Loaded GuildStorage:PermSavable for La Secte d'Olüm's guild!
21:19:44:206 [DiamsBot-Storage] INFO : Loaded GuildStorage:JudasSavable for La Secte d'Olüm's guild!
21:19:44:208 [DiamsBot-Storage] INFO : Loaded GuildStorage:JudasSavableWords for La Secte d'Olüm's guild!
21:19:44:209 [DiamsBot-Storage] INFO : Loaded GuildStorage:TTSSavable for La Secte d'Olüm's guild!
21:19:44:211 [DiamsBot-Storage] INFO : Loaded GuildStorage:WordImgSavable for La Secte d'Olüm's guild!
21:19:44:212 [DiamsBot-Storage] INFO : Loaded GuildStorage:WordVoiceSavable for La Secte d'Olüm's guild!
21:19:44:212 [DiamsBot-Storage] INFO : Loaded GuildStorage:PermSavable for Jumpers's guild!
21:19:44:213 [DiamsBot-Storage] INFO : Loaded GuildStorage:JudasSavable for Jumpers's guild!
21:19:44:215 [DiamsBot-Storage] INFO : Loaded GuildStorage:JudasSavableWords for Jumpers's guild!
21:19:44:216 [DiamsBot-Storage] INFO : Loaded GuildStorage:TTSSavable for Jumpers's guild!
21:19:44:217 [DiamsBot-Storage] INFO : Loaded GuildStorage:WordImgSavable for Jumpers's guild!
21:19:44:219 [DiamsBot-Storage] INFO : Loaded GuildStorage:WordVoiceSavable for Jumpers's guild!
21:19:44:226 [DiamsBot-Storage] INFO : Loaded GuildStorage:PermSavable for Les dégénérés's guild!
21:19:44:228 [DiamsBot-Storage] INFO : Loaded GuildStorage:JudasSavable for Les dégénérés's guild!
21:19:44:231 [DiamsBot-Storage] INFO : Loaded GuildStorage:JudasSavableWords for Les dégénérés's guild!
21:19:44:233 [DiamsBot-Storage] INFO : Loaded GuildStorage:TTSSavable for Les dégénérés's guild!
21:19:44:236 [DiamsBot-Storage] INFO : Loaded GuildStorage:WordImgSavable for Les dégénérés's guild!
21:19:44:240 [DiamsBot-Storage] INFO : Loaded GuildStorage:WordVoiceSavable for Les dégénérés's guild!
