22:55:38:252 [DiamsBot-Registry] INFO : Registering new Command: judas
22:55:38:254 [DiamsBot-Registry] INFO : Registering new Command: help
22:55:38:256 [DiamsBot-Registry] INFO : Registering new Command: meme
22:55:38:258 [DiamsBot-Registry] INFO : Registering new Command: wordbind
22:55:38:260 [DiamsBot-Registry] INFO : Registering new Command: voicebind
22:55:38:262 [DiamsBot-Registry] INFO : Registering new Command: IFuck
22:55:38:265 [DiamsBot-Registry] INFO : Registering new Command: fact
22:55:38:266 [DiamsBot-Registry] INFO : Registering new Command: roll
22:55:38:268 [DiamsBot-Registry] INFO : Registering new Command: wizz
22:55:38:270 [DiamsBot-Registry] INFO : Registering new Command: lol
22:55:38:271 [DiamsBot-Registry] INFO : Registering new Command: hell
22:55:38:272 [DiamsBot-Registry] INFO : Registering new Command: pokedex
22:55:38:273 [DiamsBot-Registry] INFO : Registering new Command: cyanide
22:55:38:274 [DiamsBot-Registry] INFO : Registering new Command: tts
22:55:38:274 [DiamsBot-Registry] INFO : Registering new Command: op
22:55:38:275 [DiamsBot-Registry] INFO : Registering new Command: perms
22:55:38:292 [DiamsBot-Registry] INFO : Registering new Command: snap
22:55:38:293 [DiamsBot-Registry] INFO : Registering new Command: snapPussy
22:55:38:294 [DiamsBot-Registry] INFO : Registering new Command: triggered
22:55:38:294 [DiamsBot-Registry] INFO : Registering new Action: 'Is This' generator
22:55:38:296 [DiamsBot-Registry] INFO : Registering new Action: Word to Image Binder
22:55:38:297 [DiamsBot-Registry] INFO : Registering new Action: Word to Voice Binder
22:55:38:298 [DiamsBot-Registry] INFO : Registering new Action: ChatBot
