SLF4J: Failed to load class "org.slf4j.impl.StaticLoggerBinder".
SLF4J: Defaulting to no-operation (NOP) logger implementation
SLF4J: See http://www.slf4j.org/codes.html#StaticLoggerBinder for further details.
SLF4J: Failed to load class "org.slf4j.impl.StaticMDCBinder".
SLF4J: Defaulting to no-operation MDCAdapter implementation.
SLF4J: See http://www.slf4j.org/codes.html#no_static_mdc_binder for further details.
[main] INFO JDA - Login Successful!
[JDA MainWS-ReadThread] INFO WebSocketClient - Connected to WebSocket
[JDA MainWS-ReadThread] INFO JDA - Finished Loading!
 diamssword.bot.Main : --Building and loading DiamsBot--
3:38:7:455 [DiamsBot-Main] INFO : diamssword.bot.Main : --Creating Storage and audioManager instance--
3:38:7:516 [DiamsBot-Main] INFO : diamssword.bot.Main : ...DONE!!
3:38:7:517 [DiamsBot-Main] INFO : diamssword.bot.Main : --Init Plugins--
3:38:7:559 [DiamsBot-Main] INFO : diamssword.bot.Main : --Init PermissionManager--
3:38:7:561 [DiamsBot-Main] INFO : diamssword.bot.Main : --Loading Commands--
3:38:7:591 [DiamsBot-Main] INFO : diamssword.bot.Main : ...Done!
3:38:7:592 [DiamsBot-Main] INFO : diamssword.bot.Main : --Loading Stored Datas for each guilds--
3:38:7:652 [DiamsBot-Main] INFO : diamssword.bot.Main : ...Done!
3:38:7:653 [DiamsBot-Main] INFO : diamssword.bot.Main : --Clearing Caches--
3:38:7:660 [DiamsBot-Main] INFO : diamssword.bot.audio.TTS.TextToSpeechBot : Cleared TTSCache
3:38:7:661 [DiamsBot-Main] INFO : diamssword.bot.Main : ...Done!
3:38:7:663 [DiamsBot-Main] INFO : diamssword.bot.Main : --Initing ticking Thread--
3:38:7:665 [DiamsBot-Main] INFO : diamssword.bot.Main : ...Done!
3:38:7:666 [DiamsBot-Main] INFO : diamssword.bot.Main : --PostInit Plugins--
3:38:21:813 [DiamsBot-Audio] INFO : diamssword.bot.audio.GuildPlayer : Queuing C:\Users\Diamssword\Documents\java_project\Discord_Bot\botdata\ttsCache\tts0.wav
3:39:52:820 [DiamsBot-Audio] INFO : diamssword.bot.audio.GuildPlayer : Queuing C:\Users\Diamssword\Documents\java_project\Discord_Bot\botdata\ttsCache\tts1.wav
