SLF4J: Failed to load class "org.slf4j.impl.StaticLoggerBinder".
SLF4J: Defaulting to no-operation (NOP) logger implementation
SLF4J: See http://www.slf4j.org/codes.html#StaticLoggerBinder for further details.
SLF4J: Failed to load class "org.slf4j.impl.StaticMDCBinder".
SLF4J: Defaulting to no-operation MDCAdapter implementation.
SLF4J: See http://www.slf4j.org/codes.html#no_static_mdc_binder for further details.
[main] INFO JDA - Login Successful!
[JDA MainWS-ReadThread] INFO WebSocketClient - Connected to WebSocket
[JDA MainWS-ReadThread] INFO JDA - Finished Loading!
 INFO : diamssword.bot.Main : --Building and loading DiamsBot--
3:32:23:463 [DiamsBot-Main] INFO : diamssword.bot.Main : --Creating Storage and audioManager instance--
3:32:23:524 [DiamsBot-Main] INFO : diamssword.bot.Main : ...DONE!!
3:32:23:525 [DiamsBot-Main] INFO : diamssword.bot.Main : --Init Plugins--
3:32:23:567 [DiamsBot-Main] INFO : diamssword.bot.Main : --Init PermissionManager--
3:32:23:569 [DiamsBot-Main] INFO : diamssword.bot.Main : --Loading Commands--
3:32:23:598 [DiamsBot-Main] INFO : diamssword.bot.Main : ...Done!
3:32:23:598 [DiamsBot-Main] INFO : diamssword.bot.Main : --Loading Stored Datas for each guilds--
3:32:23:668 [DiamsBot-Main] INFO : diamssword.bot.Main : ...Done!
3:32:23:669 [DiamsBot-Main] INFO : diamssword.bot.Main : --Clearing Caches--
3:32:23:675 [DiamsBot-Main] INFO : diamssword.bot.audio.TTS.TextToSpeechBot : Cleared TTSCache
3:32:23:676 [DiamsBot-Main] INFO : diamssword.bot.Main : ...Done!
3:32:23:677 [DiamsBot-Main] INFO : diamssword.bot.Main : --Initing ticking Thread--
3:32:23:679 [DiamsBot-Main] INFO : diamssword.bot.Main : ...Done!
3:32:23:680 [DiamsBot-Main] INFO : diamssword.bot.Main : --PostInit Plugins--
