SLF4J: Failed to load class "org.slf4j.impl.StaticLoggerBinder".
SLF4J: Defaulting to no-operation (NOP) logger implementation
SLF4J: See http://www.slf4j.org/codes.html#StaticLoggerBinder for further details.
SLF4J: Failed to load class "org.slf4j.impl.StaticMDCBinder".
SLF4J: Defaulting to no-operation MDCAdapter implementation.
SLF4J: See http://www.slf4j.org/codes.html#no_static_mdc_binder for further details.
[main] INFO JDA - Login Successful!
[JDA MainWS-ReadThread] INFO WebSocketClient - Connected to WebSocket
[JDA MainWS-ReadThread] INFO JDA - Finished Loading!
[JDA MainWS-ReadThread] ERROR JDA - One of the EventListeners had an uncaught exception
java.lang.ArrayIndexOutOfBoundsException: 1
	at com.DiamsBotExtended.commands.TrigCmd.execute(TrigCmd.java:147)
	at diamssword.bot.BotEventsHandler.onMessageReceived(BotEventsHandler.java:59)
	at net.dv8tion.jda.core.hooks.ListenerAdapter.onEvent(ListenerAdapter.java:411)
	at net.dv8tion.jda.core.hooks.InterfacedEventManager.handle(InterfacedEventManager.java:84)
	at net.dv8tion.jda.core.handle.MessageCreateHandler.handleInternally(MessageCreateHandler.java:127)
	at net.dv8tion.jda.core.handle.SocketHandler.handle(SocketHandler.java:37)
	at net.dv8tion.jda.core.requests.WebSocketClient.onDispatch(WebSocketClient.java:868)
	at net.dv8tion.jda.core.requests.WebSocketClient.onEvent(WebSocketClient.java:766)
	at net.dv8tion.jda.core.requests.WebSocketClient.handleEvent(WebSocketClient.java:745)
	at net.dv8tion.jda.core.requests.WebSocketClient.onBinaryMessage(WebSocketClient.java:903)
	at com.neovisionaries.ws.client.ListenerManager.callOnBinaryMessage(ListenerManager.java:368)
	at com.neovisionaries.ws.client.ReadingThread.callOnBinaryMessage(ReadingThread.java:270)
	at com.neovisionaries.ws.client.ReadingThread.handleBinaryFrame(ReadingThread.java:990)
	at com.neovisionaries.ws.client.ReadingThread.handleFrame(ReadingThread.java:749)
	at com.neovisionaries.ws.client.ReadingThread.main(ReadingThread.java:108)
	at com.neovisionaries.ws.client.ReadingThread.runMain(ReadingThread.java:64)
	at com.neovisionaries.ws.client.WebSocketThread.run(WebSocketThread.java:45)
ommands.TrigCmd : arg : CATS
20:9:17:204 [DiamsBotEX] INFO : com.DiamsBotExtended.commands.TrigCmd : args : 3
20:9:17:205 [DiamsBotEX] INFO : com.DiamsBotExtended.commands.TrigCmd : arg : https://i.guim.co.uk/img/media/38c62ba0b40dedab7b8796e43e108e2e27e8ba2c/169_0_788_473/master/788.jpg?width=460&quality=85&auto=format&fit=max&s=4bc471e775e8d72997a33d0a558f40d1
20:9:17:207 [DiamsBotEX] INFO : com.DiamsBotExtended.commands.TrigCmd : arg : CATS
20:9:17:209 [DiamsBotEX] INFO : com.DiamsBotExtended.commands.TrigCmd : arg : green
20:9:31:266 [DiamsBotEX] INFO : com.DiamsBotExtended.commands.TrigCmd : args : 4
20:9:31:267 [DiamsBotEX] INFO : com.DiamsBotExtended.commands.TrigCmd : arg : https://i.guim.co.uk/img/media/38c62ba0b40dedab7b8796e43e108e2e27e8ba2c/169_0_788_473/master/788.jpg?width=460&quality=85&auto=format&fit=max&s=4bc471e775e8d72997a33d0a558f40d1
20:9:31:269 [DiamsBotEX] INFO : com.DiamsBotExtended.commands.TrigCmd : arg : CATS
20:9:31:270 [DiamsBotEX] INFO : com.DiamsBotExtended.commands.TrigCmd : arg : green
20:9:31:271 [DiamsBotEX] INFO : com.DiamsBotExtended.commands.TrigCmd : arg : red
20:9:48:573 [DiamsBotEX] INFO : com.DiamsBotExtended.commands.TrigCmd : args : 5
20:9:48:574 [DiamsBotEX] INFO : com.DiamsBotExtended.commands.TrigCmd : arg : https://i.guim.co.uk/img/media/38c62ba0b40dedab7b8796e43e108e2e27e8ba2c/169_0_788_473/master/788.jpg?width=460&quality=85&auto=format&fit=max&s=4bc471e775e8d72997a33d0a558f40d1
20:9:48:576 [DiamsBotEX] INFO : com.DiamsBotExtended.commands.TrigCmd : arg : CATS
20:9:48:577 [DiamsBotEX] INFO : com.DiamsBotExtended.commands.TrigCmd : arg : green
20:9:48:578 [DiamsBotEX] INFO : com.DiamsBotExtended.commands.TrigCmd : arg : red
20:9:48:579 [DiamsBotEX] INFO : com.DiamsBotExtended.commands.TrigCmd : arg : blue
20:10:16:808 [DiamsBotEX] INFO : com.DiamsBotExtended.commands.TrigCmd : args : 5
20:10:16:809 [DiamsBotEX] INFO : com.DiamsBotExtended.commands.TrigCmd : arg : https://i.guim.co.uk/img/media/38c62ba0b40dedab7b8796e43e108e2e27e8ba2c/169_0_788_473/master/788.jpg?width=460&quality=85&auto=format&fit=max&s=4bc471e775e8d72997a33d0a558f40d1
20:10:16:811 [DiamsBotEX] INFO : com.DiamsBotExtended.commands.TrigCmd : arg : CATS
20:10:16:812 [DiamsBotEX] INFO : com.DiamsBotExtended.commands.TrigCmd : arg : green
20:10:16:814 [DiamsBotEX] INFO : com.DiamsBotExtended.commands.TrigCmd : arg : red
20:10:16:817 [DiamsBotEX] INFO : com.DiamsBotExtended.commands.TrigCmd : arg : red
20:10:48:236 [DiamsBotEX] INFO : com.DiamsBotExtended.commands.TrigCmd : args : 1
20:10:48:238 [DiamsBotEX] INFO : com.DiamsBotExtended.commands.TrigCmd : arg : https://i.guim.co.uk/img/media/38c62ba0b40dedab7b8796e43e108e2e27e8ba2c/169_0_788_473/master/788.jpg?width=460&quality=85&auto=format&fit=max&s=4bc471e775e8d72997a33d0a558f40d1
