SLF4J: Failed to load class "org.slf4j.impl.StaticLoggerBinder".
SLF4J: Defaulting to no-operation (NOP) logger implementation
SLF4J: See http://www.slf4j.org/codes.html#StaticLoggerBinder for further details.
SLF4J: Failed to load class "org.slf4j.impl.StaticMDCBinder".
SLF4J: Defaulting to no-operation MDCAdapter implementation.
SLF4J: See http://www.slf4j.org/codes.html#no_static_mdc_binder for further details.
[main] INFO JDA - Login Successful!
[JDA MainWS-ReadThread] INFO WebSocketClient - Connected to WebSocket
[JDA MainWS-ReadThread] INFO JDA - Finished Loading!
t-Main] INFO : diamssword.bot.Main : --Building and loading DiamsBot--
15:27:23:809 [DiamsBot-Main] INFO : diamssword.bot.Main : --Creating Storage and audioManager instance--
15:27:23:876 [DiamsBot-Main] INFO : diamssword.bot.Main : ...DONE!!
15:27:23:877 [DiamsBot-Main] INFO : diamssword.bot.Main : --Init Plugins--
15:27:23:919 [DiamsBot-Main] INFO : diamssword.bot.Main : --Init PermissionManager--
15:27:23:921 [DiamsBot-Main] INFO : diamssword.bot.Main : --Loading Commands--
15:27:23:955 [DiamsBot-Main] INFO : diamssword.bot.Main : ...Done!
15:27:23:956 [DiamsBot-Main] INFO : diamssword.bot.Main : --Loading Stored Datas for each guilds--
15:27:24:24 [DiamsBot-Main] INFO : diamssword.bot.Main : ...Done!
15:27:24:25 [DiamsBot-Main] INFO : diamssword.bot.Main : --Clearing Caches--
15:27:24:33 [DiamsBot-Main] INFO : diamssword.bot.audio.TTS.TextToSpeechBot : Cleared TTSCache
15:27:24:34 [DiamsBot-Main] INFO : diamssword.bot.Main : ...Done!
15:27:24:35 [DiamsBot-Main] INFO : diamssword.bot.Main : --Initing ticking Thread--
15:27:24:36 [DiamsBot-Main] INFO : diamssword.bot.Main : ...Done!
15:27:24:37 [DiamsBot-Main] INFO : diamssword.bot.Main : --PostInit Plugins--
