SLF4J: Failed to load class "org.slf4j.impl.StaticLoggerBinder".
SLF4J: Defaulting to no-operation (NOP) logger implementation
SLF4J: See http://www.slf4j.org/codes.html#StaticLoggerBinder for further details.
SLF4J: Failed to load class "org.slf4j.impl.StaticMDCBinder".
SLF4J: Defaulting to no-operation MDCAdapter implementation.
SLF4J: See http://www.slf4j.org/codes.html#no_static_mdc_binder for further details.
[main] INFO JDA - Login Successful!
[JDA MainWS-ReadThread] INFO WebSocketClient - Connected to WebSocket
[JDA MainWS-ReadThread] INFO JDA - Finished Loading!
ot.Main : --Building and loading DiamsBot--
14:37:24:989 [DiamsBot-Main] INFO : diamssword.bot.Main : --Creating Storage and audioManager instance--
14:37:25:53 [DiamsBot-Main] INFO : diamssword.bot.Main : ...DONE!!
14:37:25:54 [DiamsBot-Main] INFO : diamssword.bot.Main : --Init Plugins--
14:37:25:66 [DiamsBot-Main] INFO : diamssword.bot.Main : --Loading Commands--
14:37:25:100 [DiamsBot-Main] INFO : diamssword.bot.Main : ...Done!
14:37:25:102 [DiamsBot-Main] INFO : diamssword.bot.Main : --Loading Stored Datas for each guilds--
14:37:25:147 [DiamsBot-Main] INFO : diamssword.bot.Main : ...Done!
14:37:25:149 [DiamsBot-Main] INFO : diamssword.bot.Main : --Clearing Caches--
14:37:25:156 [DiamsBot-Main] INFO : diamssword.bot.audio.TTS.TextToSpeechBot : Cleared TTSCache
14:37:25:158 [DiamsBot-Main] INFO : diamssword.bot.Main : ...Done!
14:37:25:159 [DiamsBot-Main] INFO : diamssword.bot.Main : --Initing ticking Thread--
14:37:25:162 [DiamsBot-Main] INFO : diamssword.bot.Main : ...Done!
14:37:25:163 [DiamsBot-Main] INFO : diamssword.bot.Main : --PostInit Plugins--
