13:58:35:848 [PluginLoader] SEVERE : LoadPlugins : Found a Duplicated Plugin ID!   ID: Diams_bot_plugin2    Names:DiamsBot Second Plugin/DiamsBot Second Plugin
13:58:35:850 [PluginLoader] SEVERE : LoadPlugins : Keeping the plugin instance from: class Main   The new one : class Main (In the jar file 'botdata\plugins\DiamsBotPlugin-1.0.j13:58:35:853 [PluginLoajuil. 29, 2019 1:58:35 PM Main preInit
GRAVE: Mon PLUGIN est reveillé!
juil. 29, 2019 1:58:35 PM Main preInit
GRAVE: Mon PLUGIN est reveillé!
SLF4J: Failed to load class "org.slf4j.impl.StaticLoggerBinder".
SLF4J: Defaulting to no-operation (NOP) logger implementation
SLF4J: See http://www.slf4j.org/codes.html#StaticLoggerBinder for further details.
SLF4J: Failed to load class "org.slf4j.impl.StaticMDCBinder".
SLF4J: Defaulting to no-operation MDCAdapter implementation.
SLF4J: See http://www.slf13:58:37:981 [DiamsBot-Main] INFO : diamssword.bot.Main : --Creating Storage and audioManager instance--
13:58:38:43 [DiamsBot-Main] INFO : diamssword.bot.Main : ...DONE!!
13:58:38:44 [DiamsBot-Main] INFO : diamssword.botjuil. 29, 2019 1:58:38 PM NewCommand init
INFOS: Initializing NewCommand
juil. 29, 2019 1:58:38 PM NewC13:58:38:97 [DiamsBot-Main] INFO : diamsswordjuil. 29, 2019 1:58:38 PM Main postInit
GRAVE: Tout est lancé Chef!
juil. 29, 2019 1:58:38 PM Main postInit
GRAVE: Tout est lancé Chef!
t-Main] INFO : diamssword.bot.Main : ...Done!
13:58:38:152 [DiamsBot-Main] INFO : diamssword.bot.Main : --Clearing Caches--
13:58:38:157 [DiamsBot-Main] INFO : diamssword.bot.audio.TTS.TextToSpeechBot : Cleared TTSCache
13:58:38:158 [DiamsBot-Main] INFO : diamssword.bot.Main : ...Done!
13:58:38:159 [DiamsBot-Main] INFO : diamssword.bot.Main : --Initing ticking Thread--
13:58:38:161 [DiamsBot-Main] INFO : diamssword.bot.Main : ...Done!
13:58:38:162 [DiamsBot-Main] INFO : diamssword.bot.Main : --PostInit Plugins--
