SLF4J: Failed to load class "org.slf4j.impl.StaticLoggerBinder".
SLF4J: Defaulting to no-operation (NOP) logger implementation
SLF4J: See http://www.slf4j.org/codes.html#StaticLoggerBinder for further details.
SLF4J: Failed to load class "org.slf4j.impl.StaticMDCBinder".
SLF4J: Defaulting to no-operation MDCAdapter implementation.
SLF4J: See http://www.slf4j.org/codes.html#no_static_mdc_binder for further details.
[main] INFO JDA - Login Successful!
[JDA MainWS-WriteThread] INFO WebSocketClient - Connected to WebSocket
[JDA MainWS-ReadThread] INFO JDA - Finished Loading!
-Main] INFO : diamssword.bot.Main : --Building and loading DiamsBot--
11:37:34:381 [DiamsBot-Main] INFO : diamssword.bot.Main : --Creating Storage and audioManager instance--
11:37:34:461 [DiamsBot-Main] INFO : diamssword.bot.Main : ...DONE!!
11:37:34:463 [DiamsBot-Main] INFO : diamssword.bot.Main : --Init Plugins--
11:37:34:520 [DiamsBot-Main] INFO : diamssword.bot.Main : --Loading Commands--
11:37:34:567 [DiamsBot-Main] INFO : diamssword.bot.Main : ...Done!
11:37:34:568 [DiamsBot-Main] INFO : diamssword.bot.Main : --Loading Stored Datas for each guilds--
11:37:34:635 [DiamsBot-Main] INFO : diamssword.bot.Main : ...Done!
11:37:34:636 [DiamsBot-Main] INFO : diamssword.bot.Main : --Clearing Caches--
11:37:34:641 [DiamsBot-Main] INFO : diamssword.bot.audio.TTS.TextToSpeechBot : Cleared TTSCache
11:37:34:643 [DiamsBot-Main] INFO : diamssword.bot.Main : ...Done!
11:37:34:645 [DiamsBot-Main] INFO : diamssword.bot.Main : --Initing ticking Thread--
11:37:34:647 [DiamsBot-Main] INFO : diamssword.bot.Main : ...Done!
11:37:34:649 [DiamsBot-Main] INFO : diamssword.bot.Main : --PostInit Plugins--
