juil. 25, 2019 11:04:02 PM Main preInit
GRAVE: Mon PLUGIN est reveillé!
juil. 25, 2019 11:04:02 PM Main preInit
GRAVE: Mon PLUGIN est reveillé!
juil. 25, 2019 11:04:02 PM Main preInit
GRAVE: Mon PLUGIN est reveillé!
SLF4J: Failed to load class "org.slf4j.impl.StaticLoggerBinder".
SLF4J: Defaulting to no-operation (NOP) logger implementation
SLF4J: See http://www.slf4j.org/codes.html#StaticLoggerBinder for further details.
SLF4J: Failed to load class "org.slf4j.impl.StaticMDCBinder".
SLF4J: Defaulting to no-operation MDCAdapter implementation.
SLF4J: See http://www.slf4j.org/codes.html#no_static_mdc_binder for further details.
[main] INFO JDA - Login Successful!
[JDA MainWS-WriteThread] INFO WebSocketClient - Connected to WebSocket
[JDA MainWS-ReadThread] INFO JDA - Finished Loading!
juil. 25, 2019 11:04:16 PM NewCommand init
INFOS: Initializing NewCommand
juil. 25, 2019 11:04:16 PM NewCommand init
INFOS: Initializing NewCommand
juil. 25, 2019 11:04:16 PM NewCommand init
INFOS: Initializing NewCommand
juil. 25, 2019 11:04:16 PM Main postInit
GRAVE: Tout est lancé Chef!
juil. 25, 2019 11:04:17 PM Main postInit
GRAVE: Tout est lancé Chef!
juil. 25, 2019 11:04:17 PM Main postInit
GRAVE: Tout est lancé Chef!
[JDA MainWS-WriteThread] WARN WebSocketClient - Got disconnected from WebSocket. Attempting to resume session
[JDA MainWS-ReadThread] INFO JDA - Successfully resumed Session!
 diamssword.bot.storage.Storage : Loaded class com.diamssword.bot.api.actions.storage.GuildStorage for Le domaine des dieux !'s guild!
23:4:16:691 [DiamsBot-Main] INFO  diamssword.bot.storage.Storage : Loaded class com.diamssword.bot.api.actions.storage.GuildStorage for Le domaine des dieux !'s guild!
23:4:16:713 [DiamsBot-Main] INFO  diamssword.bot.storage.Storage : Loaded class com.diamssword.bot.api.actions.storage.GuildStorage for Le domaine des dieux !'s guild!
23:4:16:739 [DiamsBot-Main] INFO  diamssword.bot.storage.Storage : Loaded class com.diamssword.bot.api.actions.storage.GuildStorage for Le domaine des dieux !'s guild!
23:4:16:750 [DiamsBot-Main] INFO  diamssword.bot.storage.Storage : Loaded class com.diamssword.bot.api.actions.storage.GuildStorage for Le domaine des dieux !'s guild!
23:4:16:762 [DiamsBot-Main] INFO  diamssword.bot.storage.Storage : Loaded class com.diamssword.bot.api.actions.storage.GuildStorage for La Secte d'Olüm's guild!
23:4:16:776 [DiamsBot-Main] INFO  diamssword.bot.storage.Storage : Loaded class com.diamssword.bot.api.actions.storage.GuildStorage for La Secte d'Olüm's guild!
23:4:16:793 [DiamsBot-Main] INFO  diamssword.bot.storage.Storage : Loaded class com.diamssword.bot.api.actions.storage.GuildStorage for La Secte d'Olüm's guild!
23:4:16:806 [DiamsBot-Main] INFO  diamssword.bot.storage.Storage : Loaded class com.diamssword.bot.api.actions.storage.GuildStorage for La Secte d'Olüm's guild!
23:4:16:817 [DiamsBot-Main] INFO  diamssword.bot.storage.Storage : Loaded class com.diamssword.bot.api.actions.storage.GuildStorage for La Secte d'Olüm's guild!
23:4:16:827 [DiamsBot-Main] INFO  diamssword.bot.storage.Storage : Loaded class com.diamssword.bot.api.actions.storage.GuildStorage for Jumpers's guild!
23:4:16:837 [DiamsBot-Main] INFO  diamssword.bot.storage.Storage : Loaded class com.diamssword.bot.api.actions.storage.GuildStorage for Jumpers's guild!
23:4:16:847 [DiamsBot-Main] INFO  diamssword.bot.storage.Storage : Loaded class com.diamssword.bot.api.actions.storage.GuildStorage for Jumpers's guild!
23:4:16:857 [DiamsBot-Main] INFO  diamssword.bot.storage.Storage : Loaded class com.diamssword.bot.api.actions.storage.GuildStorage for Jumpers's guild!
23:4:16:866 [DiamsBot-Main] INFO  diamssword.bot.storage.Storage : Loaded class com.diamssword.bot.api.actions.storage.GuildStorage for Jumpers's guild!
23:4:16:880 [DiamsBot-Main] INFO  diamssword.bot.storage.Storage : Loaded class com.diamssword.bot.api.actions.storage.GuildStorage for Les dégénérés's guild!
23:4:16:897 [DiamsBot-Main] INFO  diamssword.bot.storage.Storage : Loaded class com.diamssword.bot.api.actions.storage.GuildStorage for Les dégénérés's guild!
23:4:16:911 [DiamsBot-Main] INFO  diamssword.bot.storage.Storage : Loaded class com.diamssword.bot.api.actions.storage.GuildStorage for Les dégénérés's guild!
23:4:16:929 [DiamsBot-Main] INFO  diamssword.bot.storage.Storage : Loaded class com.diamssword.bot.api.actions.storage.GuildStorage for Les dégénérés's guild!
23:4:16:941 [DiamsBot-Main] INFO  diamssword.bot.storage.Storage : Loaded class com.diamssword.bot.api.actions.storage.GuildStorage for Les dégénérés's guild!
23:4:16:952 [DiamsBot-Main] INFO  diamssword.bot.Main : ...Done!
23:4:16:956 [DiamsBot-Main] INFO  diamssword.bot.Main : --Clearing Caches--
23:4:16:969 [DiamsBot-Main] INFO  diamssword.bot.audio.TTS.TextToSpeechBot : Cleared TTSCache
23:4:16:973 [DiamsBot-Main] INFO  diamssword.bot.Main : ...Done!
23:4:16:979 [DiamsBot-Main] INFO  diamssword.bot.Main : --Initing ticking Thread--
23:4:16:987 [DiamsBot-Main] INFO  diamssword.bot.Main : ...Done!
23:4:16:991 [DiamsBot-Main] INFO  diamssword.bot.Main : --PostInit Plugins--
launching
