juil. 25, 2019 12:12:08 AM Main preInit
GRAVE: Mon PLUGIN est reveillé!
juil. 25, 2019 12:12:08 AM Main preInit
GRAVE: Mon PLUGIN est reveillé!
SLF4J: Failed to load class "org.slf4j.impl.StaticLoggerBinder".
SLF4J: Defaulting to no-operation (NOP) logger implementation
SLF4J: See http://www.slf4j.org/codes.html#StaticLoggerBinder for further details.
SLF4J: Failed to load class "org.slf4j.impl.StaticMDCBinder".
SLF4J: Defaulting to no-operation MDCAdapter implementation.
SLF4J: See http://www.slf4j.org/codes.html#no_static_mdc_binder for further details.
[main] INFO JDA - Login Successful!
[JDA MainWS-WriteThread] INFO WebSocketClient - Connected to WebSocket
[JDA MainWS-ReadThread] INFO JDA - Finished Loading!
juil. 25, 2019 12:12:10 AM NewCommand init
INFOS: Initializing NewCommand
juil. 25, 2019 12:12:10 AM NewCommand init
INFOS: Initializing NewCommand
juil. 25, 2019 12:12:10 AM Main postInit
GRAVE: Tout est lancé Chef!
juil. 25, 2019 12:12:10 AM Main postInit
GRAVE: Tout est lancé Chef!
in] INFO  diamssword.bot.Main : --Loading Commands--
0:12:10:858 [DiamsBot-Main] INFO  diamssword.bot.Main : ...Done!
0:12:10:860 [DiamsBot-Main] INFO  diamssword.bot.Main : --Loading Stored Datas for each guilds--
0:12:10:862 [DiamsBot-Main] INFO  diamssword.bot.storage.Storage : Loaded GuildStorage:class diamssword.bot.storage.savable.JudasSavable for Le domaine des dieux !'s guild!
0:12:10:868 [DiamsBot-Main] INFO  diamssword.bot.storage.Storage : Loaded GuildStorage:class diamssword.bot.storage.savable.JudasSavable$JudasSavableWords for Le domaine des dieux !'s guild!
0:12:10:874 [DiamsBot-Main] INFO  diamssword.bot.storage.Storage : Loaded GuildStorage:class diamssword.bot.commands.TTSCmd$TTSSavable for Le domaine des dieux !'s guild!
0:12:10:876 [DiamsBot-Main] INFO  diamssword.bot.storage.Storage : Loaded GuildStorage:class diamssword.bot.storage.savable.WordImgSavable for Le domaine des dieux !'s guild!
0:12:10:878 [DiamsBot-Main] INFO  diamssword.bot.storage.Storage : Loaded GuildStorage:class diamssword.bot.storage.savable.WordVoiceSavable for Le domaine des dieux !'s guild!
0:12:10:880 [DiamsBot-Main] INFO  diamssword.bot.storage.Storage : Loaded GuildStorage:class diamssword.bot.storage.savable.JudasSavable for La Secte d'Olüm's guild!
0:12:10:881 [DiamsBot-Main] INFO  diamssword.bot.storage.Storage : Loaded GuildStorage:class diamssword.bot.storage.savable.JudasSavable$JudasSavableWords for La Secte d'Olüm's guild!
0:12:10:883 [DiamsBot-Main] INFO  diamssword.bot.storage.Storage : Loaded GuildStorage:class diamssword.bot.commands.TTSCmd$TTSSavable for La Secte d'Olüm's guild!
0:12:10:885 [DiamsBot-Main] INFO  diamssword.bot.storage.Storage : Loaded GuildStorage:class diamssword.bot.storage.savable.WordImgSavable for La Secte d'Olüm's guild!
0:12:10:887 [DiamsBot-Main] INFO  diamssword.bot.storage.Storage : Loaded GuildStorage:class diamssword.bot.storage.savable.WordVoiceSavable for La Secte d'Olüm's guild!
0:12:10:889 [DiamsBot-Main] INFO  diamssword.bot.storage.Storage : Loaded GuildStorage:class diamssword.bot.storage.savable.JudasSavable for Jumpers's guild!
0:12:10:891 [DiamsBot-Main] INFO  diamssword.bot.storage.Storage : Loaded GuildStorage:class diamssword.bot.storage.savable.JudasSavable$JudasSavableWords for Jumpers's guild!
0:12:10:893 [DiamsBot-Main] INFO  diamssword.bot.storage.Storage : Loaded GuildStorage:class diamssword.bot.commands.TTSCmd$TTSSavable for Jumpers's guild!
0:12:10:895 [DiamsBot-Main] INFO  diamssword.bot.storage.Storage : Loaded GuildStorage:class diamssword.bot.storage.savable.WordImgSavable for Jumpers's guild!
0:12:10:896 [DiamsBot-Main] INFO  diamssword.bot.storage.Storage : Loaded GuildStorage:class diamssword.bot.storage.savable.WordVoiceSavable for Jumpers's guild!
0:12:10:898 [DiamsBot-Main] INFO  diamssword.bot.storage.Storage : Loaded GuildStorage:class diamssword.bot.storage.savable.JudasSavable for Les dégénérés's guild!
0:12:10:901 [DiamsBot-Main] INFO  diamssword.bot.storage.Storage : Loaded GuildStorage:class diamssword.bot.storage.savable.JudasSavable$JudasSavableWords for Les dégénérés's guild!
0:12:10:903 [DiamsBot-Main] INFO  diamssword.bot.storage.Storage : Loaded GuildStorage:class diamssword.bot.commands.TTSCmd$TTSSavable for Les dégénérés's guild!
0:12:10:906 [DiamsBot-Main] INFO  diamssword.bot.storage.Storage : Loaded GuildStorage:class diamssword.bot.storage.savable.WordImgSavable for Les dégénérés's guild!
0:12:10:908 [DiamsBot-Main] INFO  diamssword.bot.storage.Storage : Loaded GuildStorage:class diamssword.bot.storage.savable.WordVoiceSavable for Les dégénérés's guild!
0:12:10:913 [DiamsBot-Main] INFO  diamssword.bot.Main : ...Done!
0:12:10:914 [DiamsBot-Main] INFO  diamssword.bot.Main : --Clearing Caches--
0:12:10:919 [DiamsBot-Main] INFO  diamssword.bot.audio.TTS.TextToSpeechBot : Cleared TTSCache
0:12:10:921 [DiamsBot-Main] INFO  diamssword.bot.Main : ...Done!
0:12:10:922 [DiamsBot-Main] INFO  diamssword.bot.Main : --Initing ticking Thread--
0:12:10:923 [DiamsBot-Main] INFO  diamssword.bot.Main : ...Done!
0:12:10:925 [DiamsBot-Main] INFO  diamssword.bot.Main : --PostInit Plugins--
