0:57:44:986 [DiamsBot-Main] SEVERE  diamssword.bot.plugins.LoadPlugins : Found a Duplicated Plugin ID!   ID: Diams_bot_plugin2    Names:DiamsBot Second Plugin/DiamsBot Second Plugin
0:57:44:988 [DiamsBot-Main] SEVERE  diamssword.bot.plugins.LoadPlugins : Keeping the plugin instance from: class Main   The new one : class Main (In the jar file 'botdata\plugins\DiamsBotPlugin-1.00:57:44:992 [DiamsBot-Maijuil. 25, 2019 12:57:44 AM Main preInit
GRAVE: Mon PLUGIN est reveillé!
juil. 25, 2019 12:57:45 AM Main preInit
GRAVE: Mon PLUGIN est reveillé!
SLF4J: Failed to load class "org.slf4j.impl.StaticLoggerBinder".
SLF4J: Defaulting to no-operation (NOP) logger implementation
SLF4J: See http://www.slf4j.org/codes.html#StaticLoggerBinder for further details.
SLF4J: Failed to load class "org.slf4j.impl.StaticMDCBinder".
SLF4J: Defaulting to no-operation MDCAdapter implementation.
SLF4J: See http://www.slf4j.org/0:57:46:914 [DiamsBot-Main] INFO  diamssword.bot.Main : --Creating Storage and audioManager instance--
0:57:46:976 [DiamsBot-Main] INFO  diamssword.bot.Main : ...DONE!!
0:57:46:977 [DiamsBot-Main] INFO  diamssword.juil. 25, 2019 12:57:47 AM NewCommand init
INFOS: Initializing NewCommand
juil. 25, 2019 12:57:47 AM NewCommand init
INFOS: Initializing NewCommand
juil. 25, 2019 12:57:47 AM Main postInit
GRAVE: Tout est lancé Chef!
juil. 25, 2019 12:57:47 AM Main postInit
GRAVE: Tout est lancé Chef!
 : Registering new Command: help
0:57:46:998 [DiamsBot-Registry] INFO  com.diamssword.bot.api.actions.Registry : Registering new Command: meme
0:57:46:999 [DiamsBot-Registry] INFO  com.diamssword.bot.api.actions.Registry : Registering new Command: wordbind
0:57:47:2 [DiamsBot-Registry] INFO  com.diamssword.bot.api.actions.Registry : Registering new Command: voicebind
0:57:47:4 [DiamsBot-Registry] INFO  com.diamssword.bot.api.actions.Registry : Registering new Command: IFuck
0:57:47:5 [DiamsBot-Registry] INFO  com.diamssword.bot.api.actions.Registry : Registering new Command: fact
0:57:47:7 [DiamsBot-Registry] INFO  com.diamssword.bot.api.actions.Registry : Registering new Command: roll
0:57:47:8 [DiamsBot-Registry] INFO  com.diamssword.bot.api.actions.Registry : Registering new Command: wizz
0:57:47:9 [DiamsBot-Registry] INFO  com.diamssword.bot.api.actions.Registry : Registering new Command: lol
0:57:47:13 [DiamsBot-Registry] INFO  com.diamssword.bot.api.actions.Registry : Registering new Command: hell
0:57:47:14 [DiamsBot-Registry] INFO  com.diamssword.bot.api.actions.Registry : Registering new Command: pokedex
0:57:47:16 [DiamsBot-Registry] INFO  com.diamssword.bot.api.actions.Registry : Registering new Command: cyanide
0:57:47:18 [DiamsBot-Registry] INFO  com.diamssword.bot.api.actions.Registry : Registering new Command: tts
0:57:47:19 [DiamsBot-Registry] INFO  com.diamssword.bot.api.actions.Registry : Registering new Command: plugin
0:57:47:23 [DiamsBot-Registry] INFO  com.diamssword.bot.api.actions.Registry : Registering new Command: plugin
0:57:47:26 [DiamsBot-Registry] INFO  com.diamssword.bot.api.actions.Registry : Registering new Action: 'Is This' generator
0:57:47:28 [DiamsBot-Registry] INFO  com.diamssword.bot.api.actions.Registry : Registering new Action: Word to Image Binder
0:57:47:29 [DiamsBot-Registry] INFO  com.diamssword.bot.api.actions.Registry : Registering new Action: Word to Voice Binder
0:57:47:30 [DiamsBot-Registry] INFO  com.diamssword.bot.api.actions.Registry : Registering new Action: ChatBot
0:57:47:32 [DiamsBot-Main] INFO  diamssword.bot.Main : ...Done!
0:57:47:33 [DiamsBot-Main] INFO  diamssword.bot.Main : --Loading Stored Datas for each guilds--
0:57:47:35 [DiamsBot-Main] INFO  diamssword.bot.storage.Storage : Loaded GuildStorage:JudasSavable for Le domaine des dieux !'s guild!
0:57:47:43 [DiamsBot-Main] INFO  diamssword.bot.storage.Storage : Loaded GuildStorage:JudasSavableWords for Le domaine des dieux !'s guild!
0:57:47:50 [DiamsBot-Main] INFO  diamssword.bot.storage.Storage : Loaded GuildStorage:TTSSavable for Le domaine des dieux !'s guild!
0:57:47:53 [DiamsBot-Main] INFO  diamssword.bot.storage.Storage : Loaded GuildStorage:WordImgSavable for Le domaine des dieux !'s guild!
0:57:47:55 [DiamsBot-Main] INFO  diamssword.bot.storage.Storage : Loaded GuildStorage:WordVoiceSavable for Le domaine des dieux !'s guild!
0:57:47:57 [DiamsBot-Main] INFO  diamssword.bot.storage.Storage : Loaded GuildStorage:JudasSavable for La Secte d'Olüm's guild!
0:57:47:59 [DiamsBot-Main] INFO  diamssword.bot.storage.Storage : Loaded GuildStorage:JudasSavableWords for La Secte d'Olüm's guild!
0:57:47:62 [DiamsBot-Main] INFO  diamssword.bot.storage.Storage : Loaded GuildStorage:TTSSavable for La Secte d'Olüm's guild!
0:57:47:64 [DiamsBot-Main] INFO  diamssword.bot.storage.Storage : Loaded GuildStorage:WordImgSavable for La Secte d'Olüm's guild!
0:57:47:66 [DiamsBot-Main] INFO  diamssword.bot.storage.Storage : Loaded GuildStorage:WordVoiceSavable for La Secte d'Olüm's guild!
0:57:47:68 [DiamsBot-Main] INFO  diamssword.bot.storage.Storage : Loaded GuildStorage:JudasSavable for Jumpers's guild!
0:57:47:71 [DiamsBot-Main] INFO  diamssword.bot.storage.Storage : Loaded GuildStorage:JudasSavableWords for Jumpers's guild!
0:57:47:74 [DiamsBot-Main] INFO  diamssword.bot.storage.Storage : Loaded GuildStorage:TTSSavable for Jumpers's guild!
0:57:47:75 [DiamsBot-Main] INFO  diamssword.bot.storage.Storage : Loaded GuildStorage:WordImgSavable for Jumpers's guild!
0:57:47:77 [DiamsBot-Main] INFO  diamssword.bot.storage.Storage : Loaded GuildStorage:WordVoiceSavable for Jumpers's guild!
0:57:47:79 [DiamsBot-Main] INFO  diamssword.bot.storage.Storage : Loaded GuildStorage:JudasSavable for Les dégénérés's guild!
0:57:47:82 [DiamsBot-Main] INFO  diamssword.bot.storage.Storage : Loaded GuildStorage:JudasSavableWords for Les dégénérés's guild!
0:57:47:85 [DiamsBot-Main] INFO  diamssword.bot.storage.Storage : Loaded GuildStorage:TTSSavable for Les dégénérés's guild!
0:57:47:87 [DiamsBot-Main] INFO  diamssword.bot.storage.Storage : Loaded GuildStorage:WordImgSavable for Les dégénérés's guild!
0:57:47:89 [DiamsBot-Main] INFO  diamssword.bot.storage.Storage : Loaded GuildStorage:WordVoiceSavable for Les dégénérés's guild!
0:57:47:91 [DiamsBot-Main] INFO  diamssword.bot.Main : ...Done!
0:57:47:93 [DiamsBot-Main] INFO  diamssword.bot.Main : --Clearing Caches--
0:57:47:98 [DiamsBot-Main] INFO  diamssword.bot.audio.TTS.TextToSpeechBot : Cleared TTSCache
0:57:47:99 [DiamsBot-Main] INFO  diamssword.bot.Main : ...Done!
0:57:47:100 [DiamsBot-Main] INFO  diamssword.bot.Main : --Initing ticking Thread--
0:57:47:102 [DiamsBot-Main] INFO  diamssword.bot.Main : ...Done!
0:57:47:103 [DiamsBot-Main] INFO  diamssword.bot.Main : --PostInit Plugins--
