SLF4J: Failed to load class "org.slf4j.impl.StaticLoggerBinder".
SLF4J: Defaulting to no-operation (NOP) logger implementation
SLF4J: See http://www.slf4j.org/codes.html#StaticLoggerBinder for further details.
SLF4J: Failed to load class "org.slf4j.impl.StaticMDCBinder".
SLF4J: Defaulting to no-operation MDCAdapter implementation.
SLF4J: See http://www.slf4j.org/codes.html#no_static_mdc_binder for further details.
[main] INFO JDA - Login Successful!
[JDA MainWS-WriteThread] INFO WebSocketClient - Connected to WebSocket
[JDA MainWS-ReadThread] INFO JDA - Finished Loading!
-Main] INFO : diamssword.bot.Main : --Building and loading DiamsBot--
11:38:37:340 [DiamsBot-Main] INFO : diamssword.bot.Main : --Creating Storage and audioManager instance--
11:38:37:425 [DiamsBot-Main] INFO : diamssword.bot.Main : ...DONE!!
11:38:37:426 [DiamsBot-Main] INFO : diamssword.bot.Main : --Init Plugins--
11:38:37:467 [DiamsBot-Main] INFO : diamssword.bot.Main : --Loading Commands--
11:38:37:515 [DiamsBot-Main] INFO : diamssword.bot.Main : ...Done!
11:38:37:516 [DiamsBot-Main] INFO : diamssword.bot.Main : --Loading Stored Datas for each guilds--
11:38:37:579 [DiamsBot-Main] INFO : diamssword.bot.Main : ...Done!
11:38:37:580 [DiamsBot-Main] INFO : diamssword.bot.Main : --Clearing Caches--
11:38:37:585 [DiamsBot-Main] INFO : diamssword.bot.audio.TTS.TextToSpeechBot : Cleared TTSCache
11:38:37:587 [DiamsBot-Main] INFO : diamssword.bot.Main : ...Done!
11:38:37:588 [DiamsBot-Main] INFO : diamssword.bot.Main : --Initing ticking Thread--
11:38:37:591 [DiamsBot-Main] INFO : diamssword.bot.Main : ...Done!
11:38:37:592 [DiamsBot-Main] INFO : diamssword.bot.Main : --PostInit Plugins--
