SLF4J: Failed to load class "org.slf4j.impl.StaticLoggerBinder".
SLF4J: Defaulting to no-operation (NOP) logger implementation
SLF4J: See http://www.slf4j.org/codes.html#StaticLoggerBinder for further details.
SLF4J: Failed to load class "org.slf4j.impl.StaticMDCBinder".
SLF4J: Defaulting to no-operation MDCAdapter implementation.
SLF4J: See http://www.slf4j.org/codes.html#no_static_mdc_binder for further details.
[main] INFO JDA - Login Successful!
[JDA MainWS-WriteThread] INFO WebSocketClient - Connected to WebSocket
[JDA MainWS-ReadThread] INFO JDA - Finished Loading!
e removed!!)--
14:40:59:231 [DiamsBot-Main] INFO : diamssword.bot.Main : ...Done!
14:40:59:233 [DiamsBot-Main] INFO : diamssword.bot.Main : --Building and loading DiamsBot--
14:41:1:198 [DiamsBot-Main] INFO : diamssword.bot.Main : --Creating Storage and audioManager instance--
14:41:1:258 [DiamsBot-Main] INFO : diamssword.bot.Main : ...DONE!!
14:41:1:259 [DiamsBot-Main] INFO : diamssword.bot.Main : --Init Plugins--
14:41:1:275 [DiamsBot-Main] INFO : diamssword.bot.Main : --Loading Commands--
14:41:1:313 [DiamsBot-Main] INFO : diamssword.bot.Main : ...Done!
14:41:1:314 [DiamsBot-Main] INFO : diamssword.bot.Main : --Loading Stored Datas for each guilds--
14:41:1:363 [DiamsBot-Main] INFO : diamssword.bot.Main : ...Done!
14:41:1:365 [DiamsBot-Main] INFO : diamssword.bot.Main : --Clearing Caches--
14:41:1:371 [DiamsBot-Main] INFO : diamssword.bot.audio.TTS.TextToSpeechBot : Cleared TTSCache
14:41:1:372 [DiamsBot-Main] INFO : diamssword.bot.Main : ...Done!
14:41:1:373 [DiamsBot-Main] INFO : diamssword.bot.Main : --Initing ticking Thread--
14:41:1:376 [DiamsBot-Main] INFO : diamssword.bot.Main : ...Done!
14:41:1:377 [DiamsBot-Main] INFO : diamssword.bot.Main : --PostInit Plugins--
