SLF4J: Failed to load class "org.slf4j.impl.StaticLoggerBinder".
SLF4J: Defaulting to no-operation (NOP) logger implementation
SLF4J: See http://www.slf4j.org/codes.html#StaticLoggerBinder for further details.
SLF4J: Failed to load class "org.slf4j.impl.StaticMDCBinder".
SLF4J: Defaulting to no-operation MDCAdapter implementation.
SLF4J: See http://www.slf4j.org/codes.html#no_static_mdc_binder for further details.
[main] INFO JDA - Login Successful!
[JDA MainWS-ReadThread] INFO WebSocketClient - Connected to WebSocket
[JDA MainWS-ReadThread] INFO JDA - Finished Loading!
Exception in thread "Thread-5" java.lang.NullPointerException
	at net.dv8tion.jda.core.entities.impl.GuildImpl.getMember(GuildImpl.java:297)
	at diamssword.bot.commands.JudasCmd.tick(JudasCmd.java:230)
	at diamssword.bot.tickable.Tickable$1.run(Tickable.java:33)
	at java.lang.Thread.run(Thread.java:748)
-
1:27:35:430 [DiamsBot-Main] INFO : diamssword.bot.Main : --Init PermissionManager--
1:27:35:431 [DiamsBot-Main] INFO : diamssword.bot.Main : --Loading Commands--
1:27:35:468 [DiamsBot-Main] INFO : diamssword.bot.Main : ...Done!
1:27:35:469 [DiamsBot-Main] INFO : diamssword.bot.Main : --Loading Stored Datas for each guilds--
1:27:35:533 [DiamsBot-Main] INFO : diamssword.bot.Main : ...Done!
1:27:35:533 [DiamsBot-Main] INFO : diamssword.bot.Main : --Clearing Caches--
1:27:35:540 [DiamsBot-Main] INFO : diamssword.bot.audio.TTS.TextToSpeechBot : Cleared TTSCache
1:27:35:541 [DiamsBot-Main] INFO : diamssword.bot.Main : ...Done!
1:27:35:542 [DiamsBot-Main] INFO : diamssword.bot.Main : --Initing ticking Thread--
1:27:35:546 [DiamsBot-Main] INFO : diamssword.bot.Main : ...Done!
1:27:35:547 [DiamsBot-Main] INFO : diamssword.bot.Main : --PostInit Plugins--
1:27:43:48 [DiamsBot-Audio] INFO : diamssword.bot.audio.GuildPlayer : Queuing C:\Users\Diamssword\Documents\java_project\Discord_Bot\botdata\ttsCache\tts0.wav
1:30:7:881 [DiamsBot-Audio] INFO : diamssword.bot.audio.GuildPlayer : Queuing C:\Users\Diamssword\Documents\java_project\Discord_Bot\botdata\ttsCache\tts1.wav
1:33:13:134 [DiamsBot-Audio] INFO : diamssword.bot.audio.GuildPlayer : Queuing C:\Users\Diamssword\Documents\java_project\Discord_Bot\botdata\ttsCache\tts2.wav
1:33:24:299 [DiamsBot-Audio] INFO : diamssword.bot.audio.GuildPlayer : Queuing C:\Users\Diamssword\Documents\java_project\Discord_Bot\botdata\ttsCache\tts3.wav
