SLF4J: Failed to load class "org.slf4j.impl.StaticLoggerBinder".
SLF4J: Defaulting to no-operation (NOP) logger implementation
SLF4J: See http://www.slf4j.org/codes.html#StaticLoggerBinder for further details.
SLF4J: Failed to load class "org.slf4j.impl.StaticMDCBinder".
SLF4J: Defaulting to no-operation MDCAdapter implementation.
SLF4J: See http://www.slf4j.org/codes.html#no_static_mdc_binder for further details.
[main] INFO JDA - Login Successful!
[JDA MainWS-WriteThread] INFO WebSocketClient - Connected to WebSocket
[JDA MainWS-ReadThread] INFO JDA - Finished Loading!
Exception in thread "Thread-5" java.lang.NullPointerException
	at net.dv8tion.jda.core.entities.impl.GuildImpl.getMember(GuildImpl.java:297)
	at diamssword.bot.commands.JudasCmd.tick(JudasCmd.java:230)
	at diamssword.bot.tickable.Tickable$1.run(Tickable.java:33)
	at java.lang.Thread.run(Unknown Source)
gins--
18:33:16:644 [DiamsBot-Main] INFO : diamssword.bot.Main : --Loading Commands--
18:33:16:681 [DiamsBot-Main] INFO : diamssword.bot.Main : ...Done!
18:33:16:681 [DiamsBot-Main] INFO : diamssword.bot.Main : --Loading Stored Datas for each guilds--
18:33:16:829 [DiamsBot-Main] INFO : diamssword.bot.Main : ...Done!
18:33:16:829 [DiamsBot-Main] INFO : diamssword.bot.Main : --Clearing Caches--
18:33:16:838 [DiamsBot-Main] INFO : diamssword.bot.audio.TTS.TextToSpeechBot : Cleared TTSCache
18:33:16:839 [DiamsBot-Main] INFO : diamssword.bot.Main : ...Done!
18:33:16:840 [DiamsBot-Main] INFO : diamssword.bot.Main : --Initing ticking Thread--
18:33:16:843 [DiamsBot-Main] INFO : diamssword.bot.Main : ...Done!
18:33:16:845 [DiamsBot-Main] INFO : diamssword.bot.Main : --PostInit Plugins--
21:15:58:890 [DiamsBot-Audio] INFO : diamssword.bot.audio.GuildPlayer : Queuing https://img-9gag-fun.9cache.com/photo/aQ1PnV2_460svvp9.webm
