14:28:28:839 [PluginLoader] SEVERE : LoadPlugins : Found a Duplicated Plugin ID!   ID: Diams_bot_plugin2    Names:DiamsBot Second Plugin/DiamsBot Second Plugin
14:28:28:843 [PluginLoader] SEVERE : LoadPlugins : Keeping the plugin instance from: class Main   The new one : class Main (In the jar file 'botdata\plugins\DiamsBotPlugin-1.0.j14:28:28:855 [PluginLoajuil. 29, 2019 2:28:28 PM Main preInit
GRAVE: Mon PLUGIN est reveillé!
juil. 29, 2019 2:28:28 PM Main preInit
GRAVE: Mon PLUGIN est reveillé!
SLF4J: Failed to load class "org.slf4j.impl.StaticLoggerBinder".
SLF4J: Defaulting to no-operation (NOP) logger implementation
SLF4J: See http://www.slf4j.org/codes.html#StaticLoggerBinder for further details.
SLF4J: Failed to load class "org.slf4j.impl.StaticMDCBinder".
SLF4J: Defaulting to no-operation MDCAdapter implementation.
SLF4J: See http://www.slf4j14:28:37:973 [DiamsBot-Main] INFO : diamssword.bot.Main : --Creating Storage and audioManager instance--
14:28:41:450 [DiamsBot-Main] INFO : diamssword.bot.Main : ...DONE!!
14:28:41:451 [DiamsBot-Main] INFO : diamssword.juil. 29, 2019 2:28:41 PM NewCommand init
INFOS: Initializing NewCommand
juil. 29, 2019 2:28:41 PM NewComma14:28:41:514 [DiamsBot-Main] INFO : diamsjuil. 29, 2019 2:28:41 PM Main postInit
GRAVE: Tout est lancé Chef!
juil. 29, 2019 2:28:41 PM Main postInit
GRAVE: Tout est lancé Chef!
[DiamsBot-Main] INFO : diamssword.bot.Main : ...Done!
14:28:41:576 [DiamsBot-Main] INFO : diamssword.bot.Main : --Clearing Caches--
14:28:41:582 [DiamsBot-Main] INFO : diamssword.bot.audio.TTS.TextToSpeechBot : Cleared TTSCache
14:28:41:583 [DiamsBot-Main] INFO : diamssword.bot.Main : ...Done!
14:28:41:585 [DiamsBot-Main] INFO : diamssword.bot.Main : --Initing ticking Thread--
14:28:41:587 [DiamsBot-Main] INFO : diamssword.bot.Main : ...Done!
14:28:41:588 [DiamsBot-Main] INFO : diamssword.bot.Main : --PostInit Plugins--
