SLF4J: Failed to load class "org.slf4j.impl.StaticLoggerBinder".
SLF4J: Defaulting to no-operation (NOP) logger implementation
SLF4J: See http://www.slf4j.org/codes.html#StaticLoggerBinder for further details.
SLF4J: Failed to load class "org.slf4j.impl.StaticMDCBinder".
SLF4J: Defaulting to no-operation MDCAdapter implementation.
SLF4J: See http://www.slf4j.org/codes.html#no_static_mdc_binder for further details.
[main] INFO JDA - Login Successful!
[JDA MainWS-WriteThread] INFO WebSocketClient - Connected to WebSocket
[JDA MainWS-ReadThread] INFO JDA - Finished Loading!
INFO : diamssword.bot.Main : --Building and loading DiamsBot--
19:2:32:909 [DiamsBot-Main] INFO : diamssword.bot.Main : --Creating Storage and audioManager instance--
19:2:32:968 [DiamsBot-Main] INFO : diamssword.bot.Main : ...DONE!!
19:2:32:969 [DiamsBot-Main] INFO : diamssword.bot.Main : --Init Plugins--
19:2:33:11 [DiamsBot-Main] INFO : diamssword.bot.Main : --Init PermissionManager--
19:2:33:13 [DiamsBot-Main] INFO : diamssword.bot.Main : --Loading Commands--
19:2:33:57 [DiamsBot-Main] INFO : diamssword.bot.Main : ...Done!
19:2:33:58 [DiamsBot-Main] INFO : diamssword.bot.Main : --Loading Stored Datas for each guilds--
19:2:33:137 [DiamsBot-Main] INFO : diamssword.bot.Main : ...Done!
19:2:33:138 [DiamsBot-Main] INFO : diamssword.bot.Main : --Clearing Caches--
19:2:33:145 [DiamsBot-Main] INFO : diamssword.bot.audio.TTS.TextToSpeechBot : Cleared TTSCache
19:2:33:146 [DiamsBot-Main] INFO : diamssword.bot.Main : ...Done!
19:2:33:147 [DiamsBot-Main] INFO : diamssword.bot.Main : --Initing ticking Thread--
19:2:33:149 [DiamsBot-Main] INFO : diamssword.bot.Main : ...Done!
19:2:33:150 [DiamsBot-Main] INFO : diamssword.bot.Main : --PostInit Plugins--
19:2:55:587 [DiamsBot-Audio] INFO : diamssword.bot.audio.GuildPlayer : Queuing C:\Users\Diamssword\Documents\java_project\Discord_Bot\botdata\ttsCache\tts0.wav
19:3:13:509 [DiamsBot-Audio] INFO : diamssword.bot.audio.GuildPlayer : Queuing C:\Users\Diamssword\Documents\java_project\Discord_Bot\botdata\ttsCache\tts1.wav
19:4:10:361 [DiamsBot-Audio] INFO : diamssword.bot.audio.GuildPlayer : Queuing C:\Users\Diamssword\Documents\java_project\Discord_Bot\botdata\ttsCache\tts2.wav
