SLF4J: Failed to load class "org.slf4j.impl.StaticLoggerBinder".
SLF4J: Defaulting to no-operation (NOP) logger implementation
SLF4J: See http://www.slf4j.org/codes.html#StaticLoggerBinder for further details.
SLF4J: Failed to load class "org.slf4j.impl.StaticMDCBinder".
SLF4J: Defaulting to no-operation MDCAdapter implementation.
SLF4J: See http://www.slf4j.org/codes.html#no_static_mdc_binder for further details.
[main] INFO JDA - Login Successful!
[JDA MainWS-WriteThread] INFO WebSocketClient - Connected to WebSocket
[JDA MainWS-ReadThread] INFO JDA - Finished Loading!
INFO : diamssword.bot.Main : --Building and loading DiamsBot--
11:43:9:158 [DiamsBot-Main] INFO : diamssword.bot.Main : --Creating Storage and audioManager instance--
11:43:9:245 [DiamsBot-Main] INFO : diamssword.bot.Main : ...DONE!!
11:43:9:246 [DiamsBot-Main] INFO : diamssword.bot.Main : --Init Plugins--
11:43:9:288 [DiamsBot-Main] INFO : diamssword.bot.Main : --Loading Commands--
11:43:9:315 [DiamsBot-Main] INFO : diamssword.bot.Main : ...Done!
11:43:9:315 [DiamsBot-Main] INFO : diamssword.bot.Main : --Loading Stored Datas for each guilds--
11:43:9:368 [DiamsBot-Main] INFO : diamssword.bot.Main : ...Done!
11:43:9:369 [DiamsBot-Main] INFO : diamssword.bot.Main : --Clearing Caches--
11:43:9:374 [DiamsBot-Main] INFO : diamssword.bot.audio.TTS.TextToSpeechBot : Cleared TTSCache
11:43:9:376 [DiamsBot-Main] INFO : diamssword.bot.Main : ...Done!
11:43:9:377 [DiamsBot-Main] INFO : diamssword.bot.Main : --Initing ticking Thread--
11:43:9:379 [DiamsBot-Main] INFO : diamssword.bot.Main : ...Done!
11:43:9:380 [DiamsBot-Main] INFO : diamssword.bot.Main : --PostInit Plugins--
