23:3:27:446 [DiamsBot-Main] SEVERE : diamssword.bot.plugins.LoadPlugins : Found a Duplicated Plugin ID!   ID: Diams_bot_plugin2    Names:DiamsBot Second Plugin/DiamsBot Second Plugin
23:3:27:448 [DiamsBot-Main] SEVERE : diamssword.bot.plugins.LoadPlugins : Keeping the plugin instance from: class Main   The new one : class Main (In the jar file 'botdata\plugins\DiamsBotPlugin-1.0.23:3:27:451 [DiamsBot-Majuil. 26, 2019 11:03:27 PM Main preInit
GRAVE: Mon PLUGIN est reveillé!
juil. 26, 2019 11:03:27 PM Main preInit
GRAVE: Mon PLUGIN est reveillé!
SLF4J: Failed to load class "org.slf4j.impl.StaticLoggerBinder".
SLF4J: Defaulting to no-operation (NOP) logger implementation
SLF4J: See http://www.slf4j.org/codes.html#StaticLoggerBinder for further details.
SLF4J: Failed to load class "org.slf4j.impl.StaticMDCBinder".
SLF4J: Defaulting to no-operation MDCAdapter implementation.
SLF4J: See http://www.slf4j.org/codes.ht23:3:33:855 [DiamsBot-Main] INFO : diamssword.bot.Main : --Creating Storage and audioManager instance--
23:3:33:924 [DiamsBot-Main] INFO : diamssword.bot.Main : ...DONE!!
23:3:33:925 [DiamsBot-Main] INFO : djuil. 26, 2019 11:03:33 PM NewCommand init
INFOS: Initializing NewCommand
juil. 26, 2019 11:03:33 PM NewCommand init
INFOS: Initializing NewCommand
juil. 26, 2019 11:03:34 PM Main postInit
GRAVE: Tout est lancé Chef!
juil. 26, 2019 11:03:34 PM Main postInit
GRAVE: Tout est lancé Chef!
[JDA MainWS-WriteThread] WARN WebSocketClient - Got disconnected from WebSocket. Attempting to resume session
[JDA MainWS-ReadThread] INFO JDA - Successfully resumed Session!
[JDA MainWS-WriteThread] WARN WebSocketClient - Got disconnected from WebSocket. Attempting to resume session
[JDA MainWS-ReadThread] INFO JDA - Successfully resumed Session!
: Registering new Command: voicebind
23:3:33:950 [DiamsBot-Registry] INFO : com.diamssword.bot.api.actions.Registry : Registering new Command: IFuck
23:3:33:951 [DiamsBot-Registry] INFO : com.diamssword.bot.api.actions.Registry : Registering new Command: fact
23:3:33:953 [DiamsBot-Registry] INFO : com.diamssword.bot.api.actions.Registry : Registering new Command: roll
23:3:33:955 [DiamsBot-Registry] INFO : com.diamssword.bot.api.actions.Registry : Registering new Command: wizz
23:3:33:957 [DiamsBot-Registry] INFO : com.diamssword.bot.api.actions.Registry : Registering new Command: lol
23:3:33:961 [DiamsBot-Registry] INFO : com.diamssword.bot.api.actions.Registry : Registering new Command: hell
23:3:33:962 [DiamsBot-Registry] INFO : com.diamssword.bot.api.actions.Registry : Registering new Command: pokedex
23:3:33:965 [DiamsBot-Registry] INFO : com.diamssword.bot.api.actions.Registry : Registering new Command: cyanide
23:3:33:967 [DiamsBot-Registry] INFO : com.diamssword.bot.api.actions.Registry : Registering new Command: tts
23:3:33:969 [DiamsBot-Registry] INFO : com.diamssword.bot.api.actions.Registry : Registering new Command: plugin
23:3:33:973 [DiamsBot-Registry] INFO : com.diamssword.bot.api.actions.Registry : Registering new Command: plugin
23:3:33:978 [DiamsBot-Registry] INFO : com.diamssword.bot.api.actions.Registry : Registering new Action: 'Is This' generator
23:3:33:980 [DiamsBot-Registry] INFO : com.diamssword.bot.api.actions.Registry : Registering new Action: Word to Image Binder
23:3:33:981 [DiamsBot-Registry] INFO : com.diamssword.bot.api.actions.Registry : Registering new Action: Word to Voice Binder
23:3:33:983 [DiamsBot-Registry] INFO : com.diamssword.bot.api.actions.Registry : Registering new Action: ChatBot
23:3:33:984 [DiamsBot-Main] INFO : diamssword.bot.Main : ...Done!
23:3:33:986 [DiamsBot-Main] INFO : diamssword.bot.Main : --Loading Stored Datas for each guilds--
23:3:33:990 [DiamsBot-Main] INFO : diamssword.bot.storage.Storage : Loaded GuildStorage:JudasSavable for Le domaine des dieux !'s guild!
23:3:34:0 [DiamsBot-Main] INFO : diamssword.bot.storage.Storage : Loaded GuildStorage:JudasSavableWords for Le domaine des dieux !'s guild!
23:3:34:9 [DiamsBot-Main] INFO : diamssword.bot.storage.Storage : Loaded GuildStorage:TTSSavable for Le domaine des dieux !'s guild!
23:3:34:14 [DiamsBot-Main] INFO : diamssword.bot.storage.Storage : Loaded GuildStorage:WordImgSavable for Le domaine des dieux !'s guild!
23:3:34:16 [DiamsBot-Main] INFO : diamssword.bot.storage.Storage : Loaded GuildStorage:WordVoiceSavable for Le domaine des dieux !'s guild!
23:3:34:19 [DiamsBot-Main] INFO : diamssword.bot.storage.Storage : Loaded GuildStorage:JudasSavable for La Secte d'Olüm's guild!
23:3:34:22 [DiamsBot-Main] INFO : diamssword.bot.storage.Storage : Loaded GuildStorage:JudasSavableWords for La Secte d'Olüm's guild!
23:3:34:24 [DiamsBot-Main] INFO : diamssword.bot.storage.Storage : Loaded GuildStorage:TTSSavable for La Secte d'Olüm's guild!
23:3:34:27 [DiamsBot-Main] INFO : diamssword.bot.storage.Storage : Loaded GuildStorage:WordImgSavable for La Secte d'Olüm's guild!
23:3:34:29 [DiamsBot-Main] INFO : diamssword.bot.storage.Storage : Loaded GuildStorage:WordVoiceSavable for La Secte d'Olüm's guild!
23:3:34:32 [DiamsBot-Main] INFO : diamssword.bot.storage.Storage : Loaded GuildStorage:JudasSavable for Jumpers's guild!
23:3:34:34 [DiamsBot-Main] INFO : diamssword.bot.storage.Storage : Loaded GuildStorage:JudasSavableWords for Jumpers's guild!
23:3:34:37 [DiamsBot-Main] INFO : diamssword.bot.storage.Storage : Loaded GuildStorage:TTSSavable for Jumpers's guild!
23:3:34:38 [DiamsBot-Main] INFO : diamssword.bot.storage.Storage : Loaded GuildStorage:WordImgSavable for Jumpers's guild!
23:3:34:41 [DiamsBot-Main] INFO : diamssword.bot.storage.Storage : Loaded GuildStorage:WordVoiceSavable for Jumpers's guild!
23:3:34:43 [DiamsBot-Main] INFO : diamssword.bot.storage.Storage : Loaded GuildStorage:JudasSavable for Les dégénérés's guild!
23:3:34:46 [DiamsBot-Main] INFO : diamssword.bot.storage.Storage : Loaded GuildStorage:JudasSavableWords for Les dégénérés's guild!
23:3:34:48 [DiamsBot-Main] INFO : diamssword.bot.storage.Storage : Loaded GuildStorage:TTSSavable for Les dégénérés's guild!
23:3:34:51 [DiamsBot-Main] INFO : diamssword.bot.storage.Storage : Loaded GuildStorage:WordImgSavable for Les dégénérés's guild!
23:3:34:53 [DiamsBot-Main] INFO : diamssword.bot.storage.Storage : Loaded GuildStorage:WordVoiceSavable for Les dégénérés's guild!
23:3:34:54 [DiamsBot-Main] INFO : diamssword.bot.Main : ...Done!
23:3:34:54 [DiamsBot-Main] INFO : diamssword.bot.Main : --Clearing Caches--
23:3:34:61 [DiamsBot-Main] INFO : diamssword.bot.audio.TTS.TextToSpeechBot : Cleared TTSCache
23:3:34:62 [DiamsBot-Main] INFO : diamssword.bot.Main : ...Done!
23:3:34:63 [DiamsBot-Main] INFO : diamssword.bot.Main : --Initing ticking Thread--
23:3:34:64 [DiamsBot-Main] INFO : diamssword.bot.Main : ...Done!
23:3:34:65 [DiamsBot-Main] INFO : diamssword.bot.Main : --PostInit Plugins--
23:5:2:972 [DiamsBot-Audio] INFO : diamssword.bot.audio.GPlayerManager : https://www.youtube.com/watch?v=mqDOQzfM5Kc
23:5:5:167 [DiamsBot-Audio] INFO : diamssword.bot.audio.GuildPlayer : Queuing mqDOQzfM5Kc
23:7:34:633 [DiamsBot-Audio] INFO : diamssword.bot.audio.GPlayerManager : https://www.youtube.com/watch?v=71GWS3ccmvI
23:7:36:306 [DiamsBot-Audio] INFO : diamssword.bot.audio.GuildPlayer : Queuing 71GWS3ccmvI
23:7:53:752 [DiamsBot-Audio] INFO : diamssword.bot.audio.GPlayerManager : https://www.youtube.com/watch?v=mqDOQzfM5Kc
23:7:55:701 [DiamsBot-Audio] INFO : diamssword.bot.audio.GuildPlayer : Queuing mqDOQzfM5Kc
23:7:58:984 [DiamsBot-Audio] INFO : diamssword.bot.audio.GPlayerManager : https://www.youtube.com/watch?v=mqDOQzfM5Kc
23:7:59:497 [DiamsBot-Audio] INFO : diamssword.bot.audio.GPlayerManager : https://www.youtube.com/watch?v=mqDOQzfM5Kc
23:7:59:954 [DiamsBot-Audio] INFO : diamssword.bot.audio.GPlayerManager : https://www.youtube.com/watch?v=mqDOQzfM5Kc
23:8:0:745 [DiamsBot-Audio] INFO : diamssword.bot.audio.GuildPlayer : Queuing mqDOQzfM5Kc
23:8:2:331 [DiamsBot-Audio] INFO : diamssword.bot.audio.GuildPlayer : Queuing mqDOQzfM5Kc
23:8:2:411 [DiamsBot-Audio] INFO : diamssword.bot.audio.GuildPlayer : Queuing mqDOQzfM5Kc
23:10:21:657 [DiamsBot-Audio] INFO : diamssword.bot.audio.GPlayerManager : https://www.youtube.com/watch?v=qqghbvavKKg
23:10:23:134 [DiamsBot-Audio] INFO : diamssword.bot.audio.GuildPlayer : Queuing qqghbvavKKg
23:11:56:697 [DiamsBot-Audio] INFO : diamssword.bot.audio.GPlayerManager : https://youtu.be/HoBa2SyvtpE
23:11:58:307 [DiamsBot-Audio] INFO : diamssword.bot.audio.GuildPlayer : Queuing HoBa2SyvtpE
0:10:31:54 [DiamsBot-Audio] INFO : diamssword.bot.audio.GPlayerManager : https://youtu.be/HoBa2SyvtpE
0:10:31:649 [DiamsBot-Audio] INFO : diamssword.bot.audio.GuildPlayer : Queuing HoBa2SyvtpE
0:10:39:539 [DiamsBot-Audio] INFO : diamssword.bot.audio.GPlayerManager : https://youtu.be/HoBa2SyvtpE
0:10:39:993 [DiamsBot-Audio] INFO : diamssword.bot.audio.GPlayerManager : https://youtu.be/HoBa2SyvtpE
0:10:40:110 [DiamsBot-Audio] INFO : diamssword.bot.audio.GuildPlayer : Queuing HoBa2SyvtpE
0:10:40:420 [DiamsBot-Audio] INFO : diamssword.bot.audio.GPlayerManager : https://youtu.be/HoBa2SyvtpE
0:10:40:574 [DiamsBot-Audio] INFO : diamssword.bot.audio.GuildPlayer : Queuing HoBa2SyvtpE
0:10:40:915 [DiamsBot-Audio] INFO : diamssword.bot.audio.GPlayerManager : https://youtu.be/HoBa2SyvtpE
0:10:41:281 [DiamsBot-Audio] INFO : diamssword.bot.audio.GuildPlayer : Queuing HoBa2SyvtpE
0:10:41:858 [DiamsBot-Audio] INFO : diamssword.bot.audio.GuildPlayer : Queuing HoBa2SyvtpE
0:11:25:117 [DiamsBot-Audio] INFO : diamssword.bot.audio.GPlayerManager : https://youtu.be/HoBa2SyvtpE
0:11:25:650 [DiamsBot-Audio] INFO : diamssword.bot.audio.GuildPlayer : Queuing HoBa2SyvtpE
0:11:25:704 [DiamsBot-Audio] INFO : diamssword.bot.audio.GPlayerManager : https://youtu.be/HoBa2SyvtpE
0:11:26:268 [DiamsBot-Audio] INFO : diamssword.bot.audio.GPlayerManager : https://youtu.be/HoBa2SyvtpE
0:11:26:291 [DiamsBot-Audio] INFO : diamssword.bot.audio.GuildPlayer : Queuing HoBa2SyvtpE
0:11:26:873 [DiamsBot-Audio] INFO : diamssword.bot.audio.GuildPlayer : Queuing HoBa2SyvtpE
0:11:26:900 [DiamsBot-Audio] INFO : diamssword.bot.audio.GPlayerManager : https://youtu.be/HoBa2SyvtpE
0:11:27:488 [DiamsBot-Audio] INFO : diamssword.bot.audio.GuildPlayer : Queuing HoBa2SyvtpE
0:11:27:707 [DiamsBot-Audio] INFO : diamssword.bot.audio.GPlayerManager : https://youtu.be/HoBa2SyvtpE
0:11:28:219 [DiamsBot-Audio] INFO : diamssword.bot.audio.GuildPlayer : Queuing HoBa2SyvtpE
0:11:29:851 [DiamsBot-Audio] INFO : diamssword.bot.audio.GPlayerManager : https://www.youtube.com/watch?v=qqghbvavKKg
0:11:30:350 [DiamsBot-Audio] INFO : diamssword.bot.audio.GuildPlayer : Queuing qqghbvavKKg
0:11:33:216 [DiamsBot-Audio] INFO : diamssword.bot.audio.GPlayerManager : https://youtu.be/403tAdvkSTA
0:11:33:871 [DiamsBot-Audio] INFO : diamssword.bot.audio.GuildPlayer : Queuing 403tAdvkSTA
1:3:49:104 [DiamsBot-Audio] INFO : diamssword.bot.audio.GPlayerManager : https://www.youtube.com/watch?v=mqDOQzfM5Kc
1:3:49:674 [DiamsBot-Audio] INFO : diamssword.bot.audio.GuildPlayer : Queuing mqDOQzfM5Kc
1:28:26:883 [DiamsBot-Audio] INFO : diamssword.bot.audio.GPlayerManager : https://www.youtube.com/watch?v=6Joyj0dmkug
1:28:27:473 [DiamsBot-Audio] INFO : diamssword.bot.audio.GuildPlayer : Queuing 6Joyj0dmkug
1:38:28:300 [DiamsBot-Audio] INFO : diamssword.bot.audio.GPlayerManager : C:\Users\Diamssword\Documents\java_project\Discord_Bot\botdata\ttsCache\tts0.wav
1:38:28:310 [DiamsBot-Audio] INFO : diamssword.bot.audio.GuildPlayer : Queuing C:\Users\Diamssword\Documents\java_project\Discord_Bot\botdata\ttsCache\tts0.wav
