SLF4J: Failed to load class "org.slf4j.impl.StaticLoggerBinder".
SLF4J: Defaulting to no-operation (NOP) logger implementation
SLF4J: See http://www.slf4j.org/codes.html#StaticLoggerBinder for further details.
SLF4J: Failed to load class "org.slf4j.impl.StaticMDCBinder".
SLF4J: Defaulting to no-operation MDCAdapter implementation.
SLF4J: See http://www.slf4j.org/codes.html#no_static_mdc_binder for further details.
[main] INFO JDA - Login Successful!
[JDA MainWS-WriteThread] INFO WebSocketClient - Connected to WebSocket
[JDA MainWS-ReadThread] INFO JDA - Finished Loading!
-Main] INFO : diamssword.bot.Main : --Building and loading DiamsBot--
10:11:0:595 [DiamsBot-Main] INFO : diamssword.bot.Main : --Creating Storage and audioManager instance--
10:11:0:673 [DiamsBot-Main] INFO : diamssword.bot.Main : ...DONE!!
10:11:0:674 [DiamsBot-Main] INFO : diamssword.bot.Main : --Init Plugins--
10:11:0:755 [DiamsBot-Main] INFO : diamssword.bot.Main : --Init PermissionManager--
10:11:0:757 [DiamsBot-Main] INFO : diamssword.bot.Main : --Loading Commands--
10:11:0:801 [DiamsBot-Main] INFO : diamssword.bot.Main : ...Done!
10:11:0:804 [DiamsBot-Main] INFO : diamssword.bot.Main : --Loading Stored Datas for each guilds--
10:11:0:868 [DiamsBot-Main] INFO : diamssword.bot.Main : ...Done!
10:11:0:869 [DiamsBot-Main] INFO : diamssword.bot.Main : --Clearing Caches--
10:11:0:875 [DiamsBot-Main] INFO : diamssword.bot.audio.TTS.TextToSpeechBot : Cleared TTSCache
10:11:0:876 [DiamsBot-Main] INFO : diamssword.bot.Main : ...Done!
10:11:0:877 [DiamsBot-Main] INFO : diamssword.bot.Main : --Initing ticking Thread--
10:11:0:879 [DiamsBot-Main] INFO : diamssword.bot.Main : ...Done!
10:11:0:880 [DiamsBot-Main] INFO : diamssword.bot.Main : --PostInit Plugins--
Diamss
Diamss
Yato
Yato
Diamss
Diamss
Lydia
Lydia
