12:16:12:97 [DiamsBot-Storage] INFO : Loaded GuildStorage:JudasSavable for Le domaine des dieux !'s guild!
12:16:12:117 [DiamsBot-Storage] INFO : Loaded GuildStorage:JudasSavableWords for Le domaine des dieux !'s guild!
12:16:12:133 [DiamsBot-Storage] INFO : Loaded GuildStorage:TTSSavable for Le domaine des dieux !'s guild!
12:16:12:141 [DiamsBot-Storage] INFO : Loaded GuildStorage:WordImgSavable for Le domaine des dieux !'s guild!
12:16:12:142 [DiamsBot-Storage] INFO : Loaded GuildStorage:WordVoiceSavable for Le domaine des dieux !'s guild!
12:16:12:144 [DiamsBot-Storage] INFO : Loaded GuildStorage:JudasSavable for La Secte d'Olüm's guild!
12:16:12:145 [DiamsBot-Storage] INFO : Loaded GuildStorage:JudasSavableWords for La Secte d'Olüm's guild!
12:16:12:165 [DiamsBot-Storage] INFO : Loaded GuildStorage:TTSSavable for La Secte d'Olüm's guild!
12:16:12:166 [DiamsBot-Storage] INFO : Loaded GuildStorage:WordImgSavable for La Secte d'Olüm's guild!
12:16:12:170 [DiamsBot-Storage] INFO : Loaded GuildStorage:WordVoiceSavable for La Secte d'Olüm's guild!
12:16:12:172 [DiamsBot-Storage] INFO : Loaded GuildStorage:JudasSavable for Jumpers's guild!
12:16:12:174 [DiamsBot-Storage] INFO : Loaded GuildStorage:JudasSavableWords for Jumpers's guild!
12:16:12:177 [DiamsBot-Storage] INFO : Loaded GuildStorage:TTSSavable for Jumpers's guild!
12:16:12:179 [DiamsBot-Storage] INFO : Loaded GuildStorage:WordImgSavable for Jumpers's guild!
12:16:12:181 [DiamsBot-Storage] INFO : Loaded GuildStorage:WordVoiceSavable for Jumpers's guild!
12:16:12:190 [DiamsBot-Storage] INFO : Loaded GuildStorage:JudasSavable for Les dégénérés's guild!
12:16:12:199 [DiamsBot-Storage] INFO : Loaded GuildStorage:JudasSavableWords for Les dégénérés's guild!
12:16:12:207 [DiamsBot-Storage] INFO : Loaded GuildStorage:TTSSavable for Les dégénérés's guild!
12:16:12:218 [DiamsBot-Storage] INFO : Loaded GuildStorage:WordImgSavable for Les dégénérés's guild!
12:16:12:229 [DiamsBot-Storage] INFO : Loaded GuildStorage:WordVoiceSavable for Les dégénérés's guild!
