SLF4J: Failed to load class "org.slf4j.impl.StaticLoggerBinder".
SLF4J: Defaulting to no-operation (NOP) logger implementation
SLF4J: See http://www.slf4j.org/codes.html#StaticLoggerBinder for further details.
SLF4J: Failed to load class "org.slf4j.impl.StaticMDCBinder".
SLF4J: Defaulting to no-operation MDCAdapter implementation.
SLF4J: See http://www.slf4j.org/codes.html#no_static_mdc_binder for further details.
[main] INFO JDA - Login Successful!
[JDA MainWS-WriteThread] INFO WebSocketClient - Connected to WebSocket
[JDA MainWS-ReadThread] INFO JDA - Finished Loading!
!)--
13:9:1:253 [DiamsBot-Main] INFO : diamssword.bot.Main : ...Done!
13:9:1:255 [DiamsBot-Main] INFO : diamssword.bot.Main : --Building and loading DiamsBot--
13:9:11:140 [DiamsBot-Main] INFO : diamssword.bot.Main : --Creating Storage and audioManager instance--
13:9:14:747 [DiamsBot-Main] INFO : diamssword.bot.Main : ...DONE!!
13:9:14:748 [DiamsBot-Main] INFO : diamssword.bot.Main : --Init Plugins--
13:9:14:769 [DiamsBot-Main] INFO : diamssword.bot.Main : --Loading Commands--
13:9:14:809 [DiamsBot-Main] INFO : diamssword.bot.Main : ...Done!
13:9:14:810 [DiamsBot-Main] INFO : diamssword.bot.Main : --Loading Stored Datas for each guilds--
13:9:15:65 [DiamsBot-Main] INFO : diamssword.bot.Main : ...Done!
13:9:15:65 [DiamsBot-Main] INFO : diamssword.bot.Main : --Clearing Caches--
13:9:15:77 [DiamsBot-Main] INFO : diamssword.bot.audio.TTS.TextToSpeechBot : Cleared TTSCache
13:9:15:79 [DiamsBot-Main] INFO : diamssword.bot.Main : ...Done!
13:9:15:80 [DiamsBot-Main] INFO : diamssword.bot.Main : --Initing ticking Thread--
13:9:15:83 [DiamsBot-Main] INFO : diamssword.bot.Main : ...Done!
13:9:15:84 [DiamsBot-Main] INFO : diamssword.bot.Main : --PostInit Plugins--
