11:13:35:353 [DiamsBot-Main] SEVERE : diamssword.bot.plugins.LoadPlugins : Found a Duplicated Plugin ID!   ID: Diams_bot_plugin2    Names:DiamsBot Second Plugin/DiamsBot Second Plugin
11:13:35:355 [DiamsBot-Main] SEVERE : diamssword.bot.plugins.LoadPlugins : Keeping the plugin instance from: class Main   The new one : class Main (In the jar file 'botdata\plugins\DiamsBotPlugin-1.0.j11:13:35:360 [DiamsBot-juil. 27, 2019 11:13:35 AM Main preInit
GRAVE: Mon PLUGIN est reveillé!
juil. 27, 2019 11:13:35 AM Main preInit
GRAVE: Mon PLUGIN est reveillé!
SLF4J: Failed to load class "org.slf4j.impl.StaticLoggerBinder".
SLF4J: Defaulting to no-operation (NOP) logger implementation
SLF4J: See http://www.slf4j.org/codes.html#StaticLoggerBinder for further details.
SLF4J: Failed to load class "org.slf4j.impl.StaticMDCBinder".
SLF4J: Defaulting to no-operation MDCAdapter implementation.
SLF4J: See http://www.slf4j.org/codes.html#no_s11:13:38:69 [DiamsBot-Main] INFO : diamssword.bot.Main : --Creating Storage and audioManager instance--
11:13:38:140 [DiamsBot-Main] INFO : diamssword.bot.Main : ...DONE!!
11:13:38:141 [DiamsBot-Main]juil. 27, 2019 11:13:38 AM NewCommand init
INFOS: Initializing NewCommand
juil. 27, 2019 11:13:38 AM NewCommand init
INFOS: Initializing NewCommand
juil. 27, 2019 11:13:38 AM Main postInit
GRAVE: Tout est lancé Chef!
juil. 27, 2019 11:13:38 AM Main postInit
GRAVE: Tout est lancé Chef!
[JDA MainWS-WriteThread] WARN WebSocketClient - Got disconnected from WebSocket. Attempting to resume session
[JDA MainWS-ReadThread] INFO JDA - Successfully resumed Session!
:38:165 [DiamsBot-Registry] INFO : com.diamssword.bot.api.actions.Registry : Registering new Command: wordbind
11:13:38:166 [DiamsBot-Registry] INFO : com.diamssword.bot.api.actions.Registry : Registering new Command: voicebind
11:13:38:170 [DiamsBot-Registry] INFO : com.diamssword.bot.api.actions.Registry : Registering new Command: IFuck
11:13:38:172 [DiamsBot-Registry] INFO : com.diamssword.bot.api.actions.Registry : Registering new Command: fact
11:13:38:174 [DiamsBot-Registry] INFO : com.diamssword.bot.api.actions.Registry : Registering new Command: roll
11:13:38:178 [DiamsBot-Registry] INFO : com.diamssword.bot.api.actions.Registry : Registering new Command: wizz
11:13:38:180 [DiamsBot-Registry] INFO : com.diamssword.bot.api.actions.Registry : Registering new Command: lol
11:13:38:182 [DiamsBot-Registry] INFO : com.diamssword.bot.api.actions.Registry : Registering new Command: hell
11:13:38:184 [DiamsBot-Registry] INFO : com.diamssword.bot.api.actions.Registry : Registering new Command: pokedex
11:13:38:186 [DiamsBot-Registry] INFO : com.diamssword.bot.api.actions.Registry : Registering new Command: cyanide
11:13:38:188 [DiamsBot-Registry] INFO : com.diamssword.bot.api.actions.Registry : Registering new Command: tts
11:13:38:189 [DiamsBot-Registry] INFO : com.diamssword.bot.api.actions.Registry : Registering new Command: plugin
11:13:38:194 [DiamsBot-Registry] INFO : com.diamssword.bot.api.actions.Registry : Registering new Command: plugin
11:13:38:203 [DiamsBot-Registry] INFO : com.diamssword.bot.api.actions.Registry : Registering new Action: 'Is This' generator
11:13:38:205 [DiamsBot-Registry] INFO : com.diamssword.bot.api.actions.Registry : Registering new Action: Word to Image Binder
11:13:38:206 [DiamsBot-Registry] INFO : com.diamssword.bot.api.actions.Registry : Registering new Action: Word to Voice Binder
11:13:38:208 [DiamsBot-Registry] INFO : com.diamssword.bot.api.actions.Registry : Registering new Action: ChatBot
11:13:38:210 [DiamsBot-Main] INFO : diamssword.bot.Main : ...Done!
11:13:38:213 [DiamsBot-Main] INFO : diamssword.bot.Main : --Loading Stored Datas for each guilds--
11:13:38:226 [DiamsBot-Main] INFO : diamssword.bot.storage.Storage : Loaded GuildStorage:JudasSavable for Le domaine des dieux !'s guild!
11:13:38:245 [DiamsBot-Main] INFO : diamssword.bot.storage.Storage : Loaded GuildStorage:JudasSavableWords for Le domaine des dieux !'s guild!
11:13:38:254 [DiamsBot-Main] INFO : diamssword.bot.storage.Storage : Loaded GuildStorage:TTSSavable for Le domaine des dieux !'s guild!
11:13:38:261 [DiamsBot-Main] INFO : diamssword.bot.storage.Storage : Loaded GuildStorage:WordImgSavable for Le domaine des dieux !'s guild!
11:13:38:263 [DiamsBot-Main] INFO : diamssword.bot.storage.Storage : Loaded GuildStorage:WordVoiceSavable for Le domaine des dieux !'s guild!
11:13:38:265 [DiamsBot-Main] INFO : diamssword.bot.storage.Storage : Loaded GuildStorage:JudasSavable for La Secte d'Olüm's guild!
11:13:38:266 [DiamsBot-Main] INFO : diamssword.bot.storage.Storage : Loaded GuildStorage:JudasSavableWords for La Secte d'Olüm's guild!
11:13:38:274 [DiamsBot-Main] INFO : diamssword.bot.storage.Storage : Loaded GuildStorage:TTSSavable for La Secte d'Olüm's guild!
11:13:38:276 [DiamsBot-Main] INFO : diamssword.bot.storage.Storage : Loaded GuildStorage:WordImgSavable for La Secte d'Olüm's guild!
11:13:38:278 [DiamsBot-Main] INFO : diamssword.bot.storage.Storage : Loaded GuildStorage:WordVoiceSavable for La Secte d'Olüm's guild!
11:13:38:279 [DiamsBot-Main] INFO : diamssword.bot.storage.Storage : Loaded GuildStorage:JudasSavable for Jumpers's guild!
11:13:38:281 [DiamsBot-Main] INFO : diamssword.bot.storage.Storage : Loaded GuildStorage:JudasSavableWords for Jumpers's guild!
11:13:38:284 [DiamsBot-Main] INFO : diamssword.bot.storage.Storage : Loaded GuildStorage:TTSSavable for Jumpers's guild!
11:13:38:286 [DiamsBot-Main] INFO : diamssword.bot.storage.Storage : Loaded GuildStorage:WordImgSavable for Jumpers's guild!
11:13:38:287 [DiamsBot-Main] INFO : diamssword.bot.storage.Storage : Loaded GuildStorage:WordVoiceSavable for Jumpers's guild!
11:13:38:293 [DiamsBot-Main] INFO : diamssword.bot.storage.Storage : Loaded GuildStorage:JudasSavable for Les dégénérés's guild!
11:13:38:321 [DiamsBot-Main] INFO : diamssword.bot.storage.Storage : Loaded GuildStorage:JudasSavableWords for Les dégénérés's guild!
11:13:38:324 [DiamsBot-Main] INFO : diamssword.bot.storage.Storage : Loaded GuildStorage:TTSSavable for Les dégénérés's guild!
11:13:38:331 [DiamsBot-Main] INFO : diamssword.bot.storage.Storage : Loaded GuildStorage:WordImgSavable for Les dégénérés's guild!
11:13:38:339 [DiamsBot-Main] INFO : diamssword.bot.storage.Storage : Loaded GuildStorage:WordVoiceSavable for Les dégénérés's guild!
11:13:38:351 [DiamsBot-Main] INFO : diamssword.bot.Main : ...Done!
11:13:38:352 [DiamsBot-Main] INFO : diamssword.bot.Main : --Clearing Caches--
11:13:38:359 [DiamsBot-Main] INFO : diamssword.bot.audio.TTS.TextToSpeechBot : Cleared TTSCache
11:13:38:360 [DiamsBot-Main] INFO : diamssword.bot.Main : ...Done!
11:13:38:360 [DiamsBot-Main] INFO : diamssword.bot.Main : --Initing ticking Thread--
11:13:38:362 [DiamsBot-Main] INFO : diamssword.bot.Main : ...Done!
11:13:38:363 [DiamsBot-Main] INFO : diamssword.bot.Main : --PostInit Plugins--
12:39:19:761 [DiamsBot-Audio] INFO : diamssword.bot.audio.GuildPlayer : Queuing C:\Users\Diamssword\Documents\java_project\Discord_Bot\botdata\ttsCache\tts0.wav
