0:51:40:748 [DiamsBot-Storage] INFO : Loaded GuildStorage:PermSavable for Le domaine des dieux !'s guild!
0:51:40:760 [DiamsBot-Storage] INFO : Loaded GuildStorage:JudasSavable for Le domaine des dieux !'s guild!
0:51:40:775 [DiamsBot-Storage] INFO : Loaded GuildStorage:JudasSavableWords for Le domaine des dieux !'s guild!
0:51:40:785 [DiamsBot-Storage] INFO : Loaded GuildStorage:TTSSavable for Le domaine des dieux !'s guild!
0:51:40:793 [DiamsBot-Storage] INFO : Loaded GuildStorage:WordImgSavable for Le domaine des dieux !'s guild!
0:51:40:799 [DiamsBot-Storage] INFO : Loaded GuildStorage:WordVoiceSavable for Le domaine des dieux !'s guild!
0:51:40:801 [DiamsBot-Storage] INFO : Loaded GuildStorage:PermSavable for La Secte d'Olüm's guild!
0:51:40:802 [DiamsBot-Storage] INFO : Loaded GuildStorage:JudasSavable for La Secte d'Olüm's guild!
0:51:40:807 [DiamsBot-Storage] INFO : Loaded GuildStorage:JudasSavableWords for La Secte d'Olüm's guild!
0:51:40:810 [DiamsBot-Storage] INFO : Loaded GuildStorage:TTSSavable for La Secte d'Olüm's guild!
0:51:40:812 [DiamsBot-Storage] INFO : Loaded GuildStorage:WordImgSavable for La Secte d'Olüm's guild!
0:51:40:814 [DiamsBot-Storage] INFO : Loaded GuildStorage:WordVoiceSavable for La Secte d'Olüm's guild!
0:51:40:815 [DiamsBot-Storage] INFO : Loaded GuildStorage:PermSavable for Jumpers's guild!
0:51:40:816 [DiamsBot-Storage] INFO : Loaded GuildStorage:JudasSavable for Jumpers's guild!
0:51:40:819 [DiamsBot-Storage] INFO : Loaded GuildStorage:JudasSavableWords for Jumpers's guild!
0:51:40:820 [DiamsBot-Storage] INFO : Loaded GuildStorage:TTSSavable for Jumpers's guild!
0:51:40:823 [DiamsBot-Storage] INFO : Loaded GuildStorage:WordImgSavable for Jumpers's guild!
0:51:40:825 [DiamsBot-Storage] INFO : Loaded GuildStorage:WordVoiceSavable for Jumpers's guild!
0:51:40:835 [DiamsBot-Storage] INFO : Loaded GuildStorage:PermSavable for Les dégénérés's guild!
0:51:40:842 [DiamsBot-Storage] INFO : Loaded GuildStorage:JudasSavable for Les dégénérés's guild!
0:51:40:850 [DiamsBot-Storage] INFO : Loaded GuildStorage:JudasSavableWords for Les dégénérés's guild!
0:51:40:853 [DiamsBot-Storage] INFO : Loaded GuildStorage:TTSSavable for Les dégénérés's guild!
0:51:40:863 [DiamsBot-Storage] INFO : Loaded GuildStorage:WordImgSavable for Les dégénérés's guild!
0:51:40:871 [DiamsBot-Storage] INFO : Loaded GuildStorage:WordVoiceSavable for Les dégénérés's guild!
