SLF4J: Failed to load class "org.slf4j.impl.StaticLoggerBinder".
SLF4J: Defaulting to no-operation (NOP) logger implementation
SLF4J: See http://www.slf4j.org/codes.html#StaticLoggerBinder for further details.
SLF4J: Failed to load class "org.slf4j.impl.StaticMDCBinder".
SLF4J: Defaulting to no-operation MDCAdapter implementation.
SLF4J: See http://www.slf4j.org/codes.html#no_static_mdc_binder for further details.
[main] INFO JDA - Login Successful!
[JDA MainWS-ReadThread] INFO WebSocketClient - Connected to WebSocket
[JDA MainWS-ReadThread] INFO JDA - Finished Loading!
t-Main] INFO : diamssword.bot.Main : --Building and loading DiamsBot--
22:56:55:447 [DiamsBot-Main] INFO : diamssword.bot.Main : --Creating Storage and audioManager instance--
22:56:55:552 [DiamsBot-Main] INFO : diamssword.bot.Main : ...DONE!!
22:56:55:553 [DiamsBot-Main] INFO : diamssword.bot.Main : --Init Plugins--
22:56:55:601 [DiamsBot-Main] INFO : diamssword.bot.Main : --Init PermissionManager--
22:56:55:603 [DiamsBot-Main] INFO : diamssword.bot.Main : --Loading Commands--
22:56:55:648 [DiamsBot-Main] INFO : diamssword.bot.Main : ...Done!
22:56:55:648 [DiamsBot-Main] INFO : diamssword.bot.Main : --Loading Stored Datas for each guilds--
22:56:55:723 [DiamsBot-Main] INFO : diamssword.bot.Main : ...Done!
22:56:55:724 [DiamsBot-Main] INFO : diamssword.bot.Main : --Clearing Caches--
22:56:55:730 [DiamsBot-Main] INFO : diamssword.bot.audio.TTS.TextToSpeechBot : Cleared TTSCache
22:56:55:731 [DiamsBot-Main] INFO : diamssword.bot.Main : ...Done!
22:56:55:732 [DiamsBot-Main] INFO : diamssword.bot.Main : --Initing ticking Thread--
22:56:55:734 [DiamsBot-Main] INFO : diamssword.bot.Main : ...Done!
22:56:55:735 [DiamsBot-Main] INFO : diamssword.bot.Main : --PostInit Plugins--
