SLF4J: Failed to load class "org.slf4j.impl.StaticLoggerBinder".
SLF4J: Defaulting to no-operation (NOP) logger implementation
SLF4J: See http://www.slf4j.org/codes.html#StaticLoggerBinder for further details.
SLF4J: Failed to load class "org.slf4j.impl.StaticMDCBinder".
SLF4J: Defaulting to no-operation MDCAdapter implementation.
SLF4J: See http://www.slf4j.org/codes.html#no_static_mdc_binder for further details.
[main] INFO JDA - Login Successful!
[JDA MainWS-ReadThread] INFO WebSocketClient - Connected to WebSocket
[JDA MainWS-ReadThread] INFO JDA - Finished Loading!
java.io.FileNotFoundException: https://api.voicerss.org/?key=4f232ef422b8492abeeedf7f8ef038b6&f=48khz_16bit_stereo&hl=en-us&src=en_us%0A%0AJoJo%27s+Bizarre+Adventure+OVA+Vol1%2C+Iggy+of+%22The+Fool%22+and+N%27dul+of+%22Geb%22%0A%0AOriginal+Copyright+%28C%29+Araki+Harohiko%2FJump+Video%0ATranslation+Copyright+%28C%29+Hikirin+Studio%0AEnglish+Translation%3A+Alex+%22Dio%22+Wong+%28+awong%40emerald.tufts.edu+%29%0AProofread%3A+Iain+Sinclair+%28+axolotl%40socs.uts.EDU.au+%29+%0AReference%3A+JoJo+no+Kimyuu+na+Bouken+Volume+20%0A%5E%7E%5E%7E%5E%7E%5E%7E%5E%7E%5E%7E%5E%7E%5E%7E%5E%7E%5E%7E%5E%7E%5E%7E%5E%7E%5E%7E%5E%7E%5E%7E%5E%7E%5E%7E%5E%7E%5E%7E%5E%7E%5E%7E%5E%7E%5E%7E%5E%7E%5E%7E%5E%7E%5E%7E%5E%7E%5E%7E%5E%7E%5E%7E%5E%7E%5E%7E%5E%7E%5E%7E%5E%7E%5E%7E%5E%7E%5E%0AVersion+1.0.1%0ATo+maintain+the+quality+of+this+script%2C+any+part+of+this+script+cannot+be%0Achanged%2C+or+modified+in+any+way+during+distribution.+If+anyone+is+using+this%0Ascript+for+purpose+of+subtitling%2C+please+contact+the+translator.%0A%5E%7E%5E%7E%5E%7E%5E%7E%5E%7E%5E%7E%5E%7E%5E%7E%5E%7E%5E%7E%5E%7E%5E%7E%5E%7E%5E%7E%5E%7E%5E%7E%5E%7E%5E%7E%5E%7E%5E%7E%5E%7E%5E%7E%5E%7E%5E%7E%5E%7E%5E%7E%5E%7E%5E%7E%5E%7E%5E%7E%5E%7E%5E%7E%5E%7E%5E%7E%5E%7E%5E%7E%5E%7E%5E%7E%5E%7E%5E%0ALines+in+%5B%5D%3A+Thoughts+of+the+characters+%0A%5E%7E%5E%7E%5E%7E%5E%7E%5E%7E%5E%7E%5E%7E%5E%7E%5E%7E%5E%7E%5E%7E%5E%7E%5E%7E%5E%7E%5E%7E%5E%7E%5E%7E%5E%7E%5E%7E%5E%7E%5E%7E%5E%7E%5E%7E%5E%7E%5E%7E%5E%7E%5E%7E%5E%7E%5E%7E%5E%7E%5E%7E%5E%7E%5E%7E%5E%7E%5E%7E%5E%7E%5E%7E%5E%7E%5E%7E%5E%0A%0APolnareff%3A+What+is+that+helicopter%3F+%0A%0AJosef%3A+It%27s+a+Speed+Wagon+Corp.+chopper%2C+looking+for+a+place+to+land.+%0A%0AJotarou%3A+Speed+Wagon+Corp%3F+Those+old+pals+of+yours+who+are+taking+care+of+mom+%0A+in+Japan+now%3F+%0A%0APolnareff%3A+So+are+we+going+to+get+a+ride+with+them+this+time%3F+%0A%0AJosef%3A+No...+I+wouldn%27t+mind+a+ride%2C+but+they+aren%27t+Stand+Users...+They%27ll%0A+become+involved+if+we+get+attacked.%0A+%0AKakyouin%3A+Then+why+are+they+coming+here%3F%0A%0AJosef%3A+They%27re+bringing+a+helper.%0A%0AJotarou%2C+Kakyouin%2C+Polnareff%3A+A+helper%3F+%0A%0AJosef%3A+Well%2C+he%27s+got+a+bad+personality%2C+it+took+a+while+to+get+him+over%0A+here.+%0A%0AAbdul%3A+Joestar-san%2C+it+is+impossible+to+travel+with+him%21+He+can%27t+possibly+be%0A+of+any+help.%0A%0AKakyouin%3A+You+know+him%2C+Abdul%3F%0A%0AAbdul%3A+Yeah%2C+all+too+well.+%0A%0AJotarou%3A+Hold+it...+if+you+say+he%27s+a+helper%2C+surely+you+mean+he%27s+a+Stand+%0A+User%3F
	at sun.net.www.protocol.http.HttpURLConnection.getInputStream0(Unknown Source)
	at sun.net.www.protocol.http.HttpURLConnection.getInputStream(Unknown Source)
	at sun.net.www.protocol.https.HttpsURLConnectionImpl.getInputStream(Unknown Source)
	at diamssword.bot.audio.TTS.TextToSpeechBot.speak(TextToSpeechBot.java:38)
	at diamssword.bot.commands.TTSCmd.execute(TTSCmd.java:117)
	at diamssword.bot.BotEventsHandler.onMessageReceived(BotEventsHandler.java:59)
	at net.dv8tion.jda.core.hooks.ListenerAdapter.onEvent(ListenerAdapter.java:411)
	at net.dv8tion.jda.core.hooks.InterfacedEventManager.handle(InterfacedEventManager.java:84)
	at net.dv8tion.jda.core.handle.MessageCreateHandler.handleInternally(MessageCreateHandler.java:127)
	at net.dv8tion.jda.core.handle.SocketHandler.handle(SocketHandler.java:37)
	at net.dv8tion.jda.core.requests.WebSocketClient.onDispatch(WebSocketClient.java:868)
	at net.dv8tion.jda.core.requests.WebSocketClient.onEvent(WebSocketClient.java:766)
	at net.dv8tion.jda.core.requests.WebSocketClient.handleEvent(WebSocketClient.java:745)
	at net.dv8tion.jda.core.requests.WebSocketClient.onBinaryMessage(WebSocketClient.java:903)
	at com.neovisionaries.ws.client.ListenerManager.callOnBinaryMessage(ListenerManager.java:368)
	at com.neovisionaries.ws.client.ReadingThread.callOnBinaryMessage(ReadingThread.java:270)
	at com.neovisionaries.ws.client.ReadingThread.handleBinaryFrame(ReadingThread.java:990)
	at com.neovisionaries.ws.client.ReadingThread.handleFrame(ReadingThread.java:749)
	at com.neovisionaries.ws.client.ReadingThread.main(ReadingThread.java:108)
	at com.neovisionaries.ws.client.ReadingThread.runMain(ReadingThread.java:64)
	at com.neovisionaries.ws.client.WebSocketThread.run(WebSocketThread.java:45)
0:39:46:192 [DiamsBot-Audio] WARNING : diamssword.bot.audio.GPlayerManager$1 : Source can't be loaded: C:\Users\Diamssword\Documents\java_project\Discord_Bot\botdata\ttsCache\tts1.wav
