SLF4J: Failed to load class "org.slf4j.impl.StaticLoggerBinder".
SLF4J: Defaulting to no-operation (NOP) logger implementation
SLF4J: See http://www.slf4j.org/codes.html#StaticLoggerBinder for further details.
SLF4J: Failed to load class "org.slf4j.impl.StaticMDCBinder".
SLF4J: Defaulting to no-operation MDCAdapter implementation.
SLF4J: See http://www.slf4j.org/codes.html#no_static_mdc_binder for further details.
[main] INFO JDA - Login Successful!
[JDA MainWS-WriteThread] INFO WebSocketClient - Connected to WebSocket
[JDA MainWS-ReadThread] INFO JDA - Finished Loading!
22:21:47:461 [DiamsBot-Audio] WARNING : diamssword.bot.audio.GPlayerManager$1 : Unknown file format.
-Main] INFO : diamssword.bot.Main : --Building and loading DiamsBot--
22:20:26:784 [DiamsBot-Main] INFO : diamssword.bot.Main : --Creating Storage and audioManager instance--
22:20:30:195 [DiamsBot-Main] INFO : diamssword.bot.Main : ...DONE!!
22:20:30:197 [DiamsBot-Main] INFO : diamssword.bot.Main : --Init Plugins--
22:20:30:217 [DiamsBot-Main] INFO : diamssword.bot.Main : --Loading Commands--
22:20:30:261 [DiamsBot-Main] INFO : diamssword.bot.Main : ...Done!
22:20:30:262 [DiamsBot-Main] INFO : diamssword.bot.Main : --Loading Stored Datas for each guilds--
22:20:30:401 [DiamsBot-Main] INFO : diamssword.bot.Main : ...Done!
22:20:30:402 [DiamsBot-Main] INFO : diamssword.bot.Main : --Clearing Caches--
22:20:30:411 [DiamsBot-Main] INFO : diamssword.bot.audio.TTS.TextToSpeechBot : Cleared TTSCache
22:20:30:412 [DiamsBot-Main] INFO : diamssword.bot.Main : ...Done!
22:20:30:413 [DiamsBot-Main] INFO : diamssword.bot.Main : --Initing ticking Thread--
22:20:30:415 [DiamsBot-Main] INFO : diamssword.bot.Main : ...Done!
22:20:30:416 [DiamsBot-Main] INFO : diamssword.bot.Main : --PostInit Plugins--
22:22:9:603 [DiamsBot-Audio] INFO : diamssword.bot.audio.GuildPlayer : Queuing C:\Users\Diamssword\Documents\java_project\Discord_Bot\botdata\ttsCache\tts0.wav
