SLF4J: Failed to load class "org.slf4j.impl.StaticLoggerBinder".
SLF4J: Defaulting to no-operation (NOP) logger implementation
SLF4J: See http://www.slf4j.org/codes.html#StaticLoggerBinder for further details.
SLF4J: Failed to load class "org.slf4j.impl.StaticMDCBinder".
SLF4J: Defaulting to no-operation MDCAdapter implementation.
SLF4J: See http://www.slf4j.org/codes.html#no_static_mdc_binder for further details.
[main] INFO JDA - Login Successful!
[JDA MainWS-ReadThread] INFO WebSocketClient - Connected to WebSocket
[JDA MainWS-ReadThread] INFO JDA - Finished Loading!
oved!!)--
23:3:41:374 [DiamsBot-Main] INFO : diamssword.bot.Main : ...Done!
23:3:41:375 [DiamsBot-Main] INFO : diamssword.bot.Main : --Building and loading DiamsBot--
23:3:51:191 [DiamsBot-Main] INFO : diamssword.bot.Main : --Creating Storage and audioManager instance--
23:3:54:335 [DiamsBot-Main] INFO : diamssword.bot.Main : ...DONE!!
23:3:54:337 [DiamsBot-Main] INFO : diamssword.bot.Main : --Init Plugins--
23:3:54:354 [DiamsBot-Main] INFO : diamssword.bot.Main : --Loading Commands--
23:3:54:392 [DiamsBot-Main] INFO : diamssword.bot.Main : ...Done!
23:3:54:393 [DiamsBot-Main] INFO : diamssword.bot.Main : --Loading Stored Datas for each guilds--
23:3:54:532 [DiamsBot-Main] INFO : diamssword.bot.Main : ...Done!
23:3:54:532 [DiamsBot-Main] INFO : diamssword.bot.Main : --Clearing Caches--
23:3:54:541 [DiamsBot-Main] INFO : diamssword.bot.audio.TTS.TextToSpeechBot : Cleared TTSCache
23:3:54:542 [DiamsBot-Main] INFO : diamssword.bot.Main : ...Done!
23:3:54:543 [DiamsBot-Main] INFO : diamssword.bot.Main : --Initing ticking Thread--
23:3:54:545 [DiamsBot-Main] INFO : diamssword.bot.Main : ...Done!
23:3:54:547 [DiamsBot-Main] INFO : diamssword.bot.Main : --PostInit Plugins--
