SLF4J: Failed to load class "org.slf4j.impl.StaticLoggerBinder".
SLF4J: Defaulting to no-operation (NOP) logger implementation
SLF4J: See http://www.slf4j.org/codes.html#StaticLoggerBinder for further details.
SLF4J: Failed to load class "org.slf4j.impl.StaticMDCBinder".
SLF4J: Defaulting to no-operation MDCAdapter implementation.
SLF4J: See http://www.slf4j.org/codes.html#no_static_mdc_binder for further details.
[main] INFO JDA - Login Successful!
[JDA MainWS-WriteThread] INFO WebSocketClient - Connected to WebSocket
[JDA MainWS-ReadThread] INFO JDA - Finished Loading!
-Main] INFO : diamssword.bot.Main : --Building and loading DiamsBot--
11:39:40:758 [DiamsBot-Main] INFO : diamssword.bot.Main : --Creating Storage and audioManager instance--
11:39:40:816 [DiamsBot-Main] INFO : diamssword.bot.Main : ...DONE!!
11:39:40:817 [DiamsBot-Main] INFO : diamssword.bot.Main : --Init Plugins--
11:39:40:857 [DiamsBot-Main] INFO : diamssword.bot.Main : --Loading Commands--
11:39:40:888 [DiamsBot-Main] INFO : diamssword.bot.Main : ...Done!
11:39:40:890 [DiamsBot-Main] INFO : diamssword.bot.Main : --Loading Stored Datas for each guilds--
11:39:40:944 [DiamsBot-Main] INFO : diamssword.bot.Main : ...Done!
11:39:40:945 [DiamsBot-Main] INFO : diamssword.bot.Main : --Clearing Caches--
11:39:40:951 [DiamsBot-Main] INFO : diamssword.bot.audio.TTS.TextToSpeechBot : Cleared TTSCache
11:39:40:952 [DiamsBot-Main] INFO : diamssword.bot.Main : ...Done!
11:39:40:953 [DiamsBot-Main] INFO : diamssword.bot.Main : --Initing ticking Thread--
11:39:40:956 [DiamsBot-Main] INFO : diamssword.bot.Main : ...Done!
11:39:40:957 [DiamsBot-Main] INFO : diamssword.bot.Main : --PostInit Plugins--
