17:59:27:36 [DiamsBot-Storage] INFO : Loaded GuildStorage:JudasSavable for Le domaine des dieux !'s guild!
17:59:27:42 [DiamsBot-Storage] INFO : Loaded GuildStorage:JudasSavableWords for Le domaine des dieux !'s guild!
17:59:27:49 [DiamsBot-Storage] INFO : Loaded GuildStorage:TTSSavable for Le domaine des dieux !'s guild!
17:59:27:53 [DiamsBot-Storage] INFO : Loaded GuildStorage:WordImgSavable for Le domaine des dieux !'s guild!
17:59:27:54 [DiamsBot-Storage] INFO : Loaded GuildStorage:WordVoiceSavable for Le domaine des dieux !'s guild!
17:59:27:55 [DiamsBot-Storage] INFO : Loaded GuildStorage:JudasSavable for La Secte d'Olüm's guild!
17:59:27:57 [DiamsBot-Storage] INFO : Loaded GuildStorage:JudasSavableWords for La Secte d'Olüm's guild!
17:59:27:59 [DiamsBot-Storage] INFO : Loaded GuildStorage:TTSSavable for La Secte d'Olüm's guild!
17:59:27:60 [DiamsBot-Storage] INFO : Loaded GuildStorage:WordImgSavable for La Secte d'Olüm's guild!
17:59:27:62 [DiamsBot-Storage] INFO : Loaded GuildStorage:WordVoiceSavable for La Secte d'Olüm's guild!
17:59:27:64 [DiamsBot-Storage] INFO : Loaded GuildStorage:JudasSavable for Jumpers's guild!
17:59:27:65 [DiamsBot-Storage] INFO : Loaded GuildStorage:JudasSavableWords for Jumpers's guild!
17:59:27:67 [DiamsBot-Storage] INFO : Loaded GuildStorage:TTSSavable for Jumpers's guild!
17:59:27:68 [DiamsBot-Storage] INFO : Loaded GuildStorage:WordImgSavable for Jumpers's guild!
17:59:27:70 [DiamsBot-Storage] INFO : Loaded GuildStorage:WordVoiceSavable for Jumpers's guild!
17:59:27:73 [DiamsBot-Storage] INFO : Loaded GuildStorage:JudasSavable for Les dégénérés's guild!
17:59:27:81 [DiamsBot-Storage] INFO : Loaded GuildStorage:JudasSavableWords for Les dégénérés's guild!
17:59:27:83 [DiamsBot-Storage] INFO : Loaded GuildStorage:TTSSavable for Les dégénérés's guild!
17:59:27:90 [DiamsBot-Storage] INFO : Loaded GuildStorage:WordImgSavable for Les dégénérés's guild!
17:59:27:98 [DiamsBot-Storage] INFO : Loaded GuildStorage:WordVoiceSavable for Les dégénérés's guild!
