SLF4J: Failed to load class "org.slf4j.impl.StaticLoggerBinder".
SLF4J: Defaulting to no-operation (NOP) logger implementation
SLF4J: See http://www.slf4j.org/codes.html#StaticLoggerBinder for further details.
SLF4J: Failed to load class "org.slf4j.impl.StaticMDCBinder".
SLF4J: Defaulting to no-operation MDCAdapter implementation.
SLF4J: See http://www.slf4j.org/codes.html#no_static_mdc_binder for further details.
[main] INFO JDA - Login Successful!
[JDA MainWS-ReadThread] INFO WebSocketClient - Connected to WebSocket
[JDA MainWS-ReadThread] INFO JDA - Finished Loading!
be removed!!)--
14:58:38:570 [DiamsBot-Main] INFO : diamssword.bot.Main : ...Done!
14:58:38:572 [DiamsBot-Main] INFO : diamssword.bot.Main : --Building and loading DiamsBot--
14:58:41:77 [DiamsBot-Main] INFO : diamssword.bot.Main : --Creating Storage and audioManager instance--
14:58:41:136 [DiamsBot-Main] INFO : diamssword.bot.Main : ...DONE!!
14:58:41:137 [DiamsBot-Main] INFO : diamssword.bot.Main : --Init Plugins--
14:58:41:151 [DiamsBot-Main] INFO : diamssword.bot.Main : --Loading Commands--
14:58:41:187 [DiamsBot-Main] INFO : diamssword.bot.Main : ...Done!
14:58:41:188 [DiamsBot-Main] INFO : diamssword.bot.Main : --Loading Stored Datas for each guilds--
14:58:41:236 [DiamsBot-Main] INFO : diamssword.bot.Main : ...Done!
14:58:41:237 [DiamsBot-Main] INFO : diamssword.bot.Main : --Clearing Caches--
14:58:41:243 [DiamsBot-Main] INFO : diamssword.bot.audio.TTS.TextToSpeechBot : Cleared TTSCache
14:58:41:244 [DiamsBot-Main] INFO : diamssword.bot.Main : ...Done!
14:58:41:245 [DiamsBot-Main] INFO : diamssword.bot.Main : --Initing ticking Thread--
14:58:41:248 [DiamsBot-Main] INFO : diamssword.bot.Main : ...Done!
14:58:41:249 [DiamsBot-Main] INFO : diamssword.bot.Main : --PostInit Plugins--
