19:2:33:15 [DiamsBot-Registry] INFO : Registering new Command: judas
19:2:33:17 [DiamsBot-Registry] INFO : Registering new Command: help
19:2:33:21 [DiamsBot-Registry] INFO : Registering new Command: meme
19:2:33:22 [DiamsBot-Registry] INFO : Registering new Command: wordbind
19:2:33:24 [DiamsBot-Registry] INFO : Registering new Command: voicebind
19:2:33:26 [DiamsBot-Registry] INFO : Registering new Command: IFuck
19:2:33:29 [DiamsBot-Registry] INFO : Registering new Command: fact
19:2:33:31 [DiamsBot-Registry] INFO : Registering new Command: roll
19:2:33:33 [DiamsBot-Registry] INFO : Registering new Command: wizz
19:2:33:35 [DiamsBot-Registry] INFO : Registering new Command: lol
19:2:33:37 [DiamsBot-Registry] INFO : Registering new Command: hell
19:2:33:38 [DiamsBot-Registry] INFO : Registering new Command: pokedex
19:2:33:39 [DiamsBot-Registry] INFO : Registering new Command: cyanide
19:2:33:41 [DiamsBot-Registry] INFO : Registering new Command: tts
19:2:33:42 [DiamsBot-Registry] INFO : Registering new Command: op
19:2:33:43 [DiamsBot-Registry] INFO : Registering new Command: perms
19:2:33:50 [DiamsBot-Registry] INFO : Registering new Command: snap
19:2:33:51 [DiamsBot-Registry] INFO : Registering new Command: snapPussy
19:2:33:52 [DiamsBot-Registry] INFO : Registering new Command: triggered
19:2:33:52 [DiamsBot-Registry] INFO : Registering new Action: 'Is This' generator
19:2:33:53 [DiamsBot-Registry] INFO : Registering new Action: Word to Image Binder
19:2:33:54 [DiamsBot-Registry] INFO : Registering new Action: Word to Voice Binder
19:2:33:56 [DiamsBot-Registry] INFO : Registering new Action: ChatBot
