0:59:2:712 [DiamsBot-Main] SEVERE  diamssword.bot.plugins.LoadPlugins : Found a Duplicated Plugin ID!   ID: Diams_bot_plugin2    Names:DiamsBot Second Plugin/DiamsBot Second Plugin
0:59:2:714 [DiamsBot-Main] SEVERE  diamssword.bot.plugins.LoadPlugins : Keeping the plugin instance from: class Main   The new one : class Main (In the jar file 'botdata\plugins\DiamsBotPlugin-1.0:59:2:717 [DiamsBot-Main]juil. 25, 2019 12:59:02 AM Main preInit
GRAVE: Mon PLUGIN est reveillé!
juil. 25, 2019 12:59:02 AM Main preInit
GRAVE: Mon PLUGIN est reveillé!
SLF4J: Failed to load class "org.slf4j.impl.StaticLoggerBinder".
SLF4J: Defaulting to no-operation (NOP) logger implementation
SLF4J: See http://www.slf4j.org/codes.html#StaticLoggerBinder for further details.
SLF4J: Failed to load class "org.slf4j.impl.StaticMDCBinder".
SLF4J: Defaulting to no-operation MDCAdapter implementation.
SLF4J: See http://www.slf40:59:4:803 [DiamsBot-Main] INFO  diamssword.bot.Main : --Creating Storage and audioManager instance--
0:59:4:868 [DiamsBot-Main] INFO  diamssword.bot.Main : ...DONE!!
0:59:4:869 [DiamsBot-Main] INFO  diamssword.bot.Main juil. 25, 2019 12:59:04 AM NewCommand init
INFOS: Initializing NewCommand
juil. 25, 2019 12:59:04 AM NewCommand init
INFOS: Initializing NewCommand
juil. 25, 2019 12:59:04 AM Main postInit
GRAVE: Tout est lancé Chef!
juil. 25, 2019 12:59:04 AM Main postInit
GRAVE: Tout est lancé Chef!
ng new Command: help
0:59:4:889 [DiamsBot-Registry] INFO  com.diamssword.bot.api.actions.Registry : Registering new Command: meme
0:59:4:890 [DiamsBot-Registry] INFO  com.diamssword.bot.api.actions.Registry : Registering new Command: wordbind
0:59:4:893 [DiamsBot-Registry] INFO  com.diamssword.bot.api.actions.Registry : Registering new Command: voicebind
0:59:4:895 [DiamsBot-Registry] INFO  com.diamssword.bot.api.actions.Registry : Registering new Command: IFuck
0:59:4:897 [DiamsBot-Registry] INFO  com.diamssword.bot.api.actions.Registry : Registering new Command: fact
0:59:4:898 [DiamsBot-Registry] INFO  com.diamssword.bot.api.actions.Registry : Registering new Command: roll
0:59:4:899 [DiamsBot-Registry] INFO  com.diamssword.bot.api.actions.Registry : Registering new Command: wizz
0:59:4:902 [DiamsBot-Registry] INFO  com.diamssword.bot.api.actions.Registry : Registering new Command: lol
0:59:4:904 [DiamsBot-Registry] INFO  com.diamssword.bot.api.actions.Registry : Registering new Command: hell
0:59:4:905 [DiamsBot-Registry] INFO  com.diamssword.bot.api.actions.Registry : Registering new Command: pokedex
0:59:4:907 [DiamsBot-Registry] INFO  com.diamssword.bot.api.actions.Registry : Registering new Command: cyanide
0:59:4:909 [DiamsBot-Registry] INFO  com.diamssword.bot.api.actions.Registry : Registering new Command: tts
0:59:4:911 [DiamsBot-Registry] INFO  com.diamssword.bot.api.actions.Registry : Registering new Command: plugin
0:59:4:915 [DiamsBot-Registry] INFO  com.diamssword.bot.api.actions.Registry : Registering new Command: plugin
0:59:4:920 [DiamsBot-Registry] INFO  com.diamssword.bot.api.actions.Registry : Registering new Action: 'Is This' generator
0:59:4:921 [DiamsBot-Registry] INFO  com.diamssword.bot.api.actions.Registry : Registering new Action: Word to Image Binder
0:59:4:922 [DiamsBot-Registry] INFO  com.diamssword.bot.api.actions.Registry : Registering new Action: Word to Voice Binder
0:59:4:924 [DiamsBot-Registry] INFO  com.diamssword.bot.api.actions.Registry : Registering new Action: ChatBot
0:59:4:925 [DiamsBot-Main] INFO  diamssword.bot.Main : ...Done!
0:59:4:926 [DiamsBot-Main] INFO  diamssword.bot.Main : --Loading Stored Datas for each guilds--
0:59:4:929 [DiamsBot-Main] INFO  diamssword.bot.storage.Storage : Loaded GuildStorage:JudasSavable for Le domaine des dieux !'s guild!
0:59:4:935 [DiamsBot-Main] INFO  diamssword.bot.storage.Storage : Loaded GuildStorage:JudasSavableWords for Le domaine des dieux !'s guild!
0:59:4:943 [DiamsBot-Main] INFO  diamssword.bot.storage.Storage : Loaded GuildStorage:TTSSavable for Le domaine des dieux !'s guild!
0:59:4:945 [DiamsBot-Main] INFO  diamssword.bot.storage.Storage : Loaded GuildStorage:WordImgSavable for Le domaine des dieux !'s guild!
0:59:4:947 [DiamsBot-Main] INFO  diamssword.bot.storage.Storage : Loaded GuildStorage:WordVoiceSavable for Le domaine des dieux !'s guild!
0:59:4:950 [DiamsBot-Main] INFO  diamssword.bot.storage.Storage : Loaded GuildStorage:JudasSavable for La Secte d'Olüm's guild!
0:59:4:951 [DiamsBot-Main] INFO  diamssword.bot.storage.Storage : Loaded GuildStorage:JudasSavableWords for La Secte d'Olüm's guild!
0:59:4:953 [DiamsBot-Main] INFO  diamssword.bot.storage.Storage : Loaded GuildStorage:TTSSavable for La Secte d'Olüm's guild!
0:59:4:954 [DiamsBot-Main] INFO  diamssword.bot.storage.Storage : Loaded GuildStorage:WordImgSavable for La Secte d'Olüm's guild!
0:59:4:956 [DiamsBot-Main] INFO  diamssword.bot.storage.Storage : Loaded GuildStorage:WordVoiceSavable for La Secte d'Olüm's guild!
0:59:4:958 [DiamsBot-Main] INFO  diamssword.bot.storage.Storage : Loaded GuildStorage:JudasSavable for Jumpers's guild!
0:59:4:961 [DiamsBot-Main] INFO  diamssword.bot.storage.Storage : Loaded GuildStorage:JudasSavableWords for Jumpers's guild!
0:59:4:963 [DiamsBot-Main] INFO  diamssword.bot.storage.Storage : Loaded GuildStorage:TTSSavable for Jumpers's guild!
0:59:4:964 [DiamsBot-Main] INFO  diamssword.bot.storage.Storage : Loaded GuildStorage:WordImgSavable for Jumpers's guild!
0:59:4:965 [DiamsBot-Main] INFO  diamssword.bot.storage.Storage : Loaded GuildStorage:WordVoiceSavable for Jumpers's guild!
0:59:4:967 [DiamsBot-Main] INFO  diamssword.bot.storage.Storage : Loaded GuildStorage:JudasSavable for Les dégénérés's guild!
0:59:4:969 [DiamsBot-Main] INFO  diamssword.bot.storage.Storage : Loaded GuildStorage:JudasSavableWords for Les dégénérés's guild!
0:59:4:971 [DiamsBot-Main] INFO  diamssword.bot.storage.Storage : Loaded GuildStorage:TTSSavable for Les dégénérés's guild!
0:59:4:973 [DiamsBot-Main] INFO  diamssword.bot.storage.Storage : Loaded GuildStorage:WordImgSavable for Les dégénérés's guild!
0:59:4:975 [DiamsBot-Main] INFO  diamssword.bot.storage.Storage : Loaded GuildStorage:WordVoiceSavable for Les dégénérés's guild!
0:59:4:976 [DiamsBot-Main] INFO  diamssword.bot.Main : ...Done!
0:59:4:977 [DiamsBot-Main] INFO  diamssword.bot.Main : --Clearing Caches--
0:59:4:982 [DiamsBot-Main] INFO  diamssword.bot.audio.TTS.TextToSpeechBot : Cleared TTSCache
0:59:4:983 [DiamsBot-Main] INFO  diamssword.bot.Main : ...Done!
0:59:4:984 [DiamsBot-Main] INFO  diamssword.bot.Main : --Initing ticking Thread--
0:59:4:986 [DiamsBot-Main] INFO  diamssword.bot.Main : ...Done!
0:59:4:986 [DiamsBot-Main] INFO  diamssword.bot.Main : --PostInit Plugins--
launching
launching
launching
launching
launching
