SLF4J: Failed to load class "org.slf4j.impl.StaticLoggerBinder".
SLF4J: Defaulting to no-operation (NOP) logger implementation
SLF4J: See http://www.slf4j.org/codes.html#StaticLoggerBinder for further details.
SLF4J: Failed to load class "org.slf4j.impl.StaticMDCBinder".
SLF4J: Defaulting to no-operation MDCAdapter implementation.
SLF4J: See http://www.slf4j.org/codes.html#no_static_mdc_binder for further details.
[main] INFO JDA - Login Successful!
[JDA MainWS-WriteThread] INFO WebSocketClient - Connected to WebSocket
[JDA MainWS-ReadThread] INFO JDA - Finished Loading!
-Main] INFO : diamssword.bot.Main : --Building and loading DiamsBot--
10:19:13:353 [DiamsBot-Main] INFO : diamssword.bot.Main : --Creating Storage and audioManager instance--
10:19:13:426 [DiamsBot-Main] INFO : diamssword.bot.Main : ...DONE!!
10:19:13:428 [DiamsBot-Main] INFO : diamssword.bot.Main : --Init Plugins--
10:19:13:472 [DiamsBot-Main] INFO : diamssword.bot.Main : --Init PermissionManager--
10:19:13:474 [DiamsBot-Main] INFO : diamssword.bot.Main : --Loading Commands--
10:19:13:521 [DiamsBot-Main] INFO : diamssword.bot.Main : ...Done!
10:19:13:522 [DiamsBot-Main] INFO : diamssword.bot.Main : --Loading Stored Datas for each guilds--
10:19:13:588 [DiamsBot-Main] INFO : diamssword.bot.Main : ...Done!
10:19:13:590 [DiamsBot-Main] INFO : diamssword.bot.Main : --Clearing Caches--
10:19:13:595 [DiamsBot-Main] INFO : diamssword.bot.audio.TTS.TextToSpeechBot : Cleared TTSCache
10:19:13:596 [DiamsBot-Main] INFO : diamssword.bot.Main : ...Done!
10:19:13:597 [DiamsBot-Main] INFO : diamssword.bot.Main : --Initing ticking Thread--
10:19:13:598 [DiamsBot-Main] INFO : diamssword.bot.Main : ...Done!
10:19:13:599 [DiamsBot-Main] INFO : diamssword.bot.Main : --PostInit Plugins--
Diamss
Lydia
