SLF4J: Failed to load class "org.slf4j.impl.StaticLoggerBinder".
SLF4J: Defaulting to no-operation (NOP) logger implementation
SLF4J: See http://www.slf4j.org/codes.html#StaticLoggerBinder for further details.
SLF4J: Failed to load class "org.slf4j.impl.StaticMDCBinder".
SLF4J: Defaulting to no-operation MDCAdapter implementation.
SLF4J: See http://www.slf4j.org/codes.html#no_static_mdc_binder for further details.
[main] INFO JDA - Login Successful!
[JDA MainWS-WriteThread] INFO WebSocketClient - Connected to WebSocket
[JDA MainWS-ReadThread] INFO JDA - Finished Loading!
-Main] INFO : diamssword.bot.Main : --Building and loading DiamsBot--
11:41:49:461 [DiamsBot-Main] INFO : diamssword.bot.Main : --Creating Storage and audioManager instance--
11:41:49:523 [DiamsBot-Main] INFO : diamssword.bot.Main : ...DONE!!
11:41:49:524 [DiamsBot-Main] INFO : diamssword.bot.Main : --Init Plugins--
11:41:49:565 [DiamsBot-Main] INFO : diamssword.bot.Main : --Loading Commands--
11:41:49:598 [DiamsBot-Main] INFO : diamssword.bot.Main : ...Done!
11:41:49:599 [DiamsBot-Main] INFO : diamssword.bot.Main : --Loading Stored Datas for each guilds--
11:41:49:652 [DiamsBot-Main] INFO : diamssword.bot.Main : ...Done!
11:41:49:653 [DiamsBot-Main] INFO : diamssword.bot.Main : --Clearing Caches--
11:41:49:660 [DiamsBot-Main] INFO : diamssword.bot.audio.TTS.TextToSpeechBot : Cleared TTSCache
11:41:49:661 [DiamsBot-Main] INFO : diamssword.bot.Main : ...Done!
11:41:49:662 [DiamsBot-Main] INFO : diamssword.bot.Main : --Initing ticking Thread--
11:41:49:664 [DiamsBot-Main] INFO : diamssword.bot.Main : ...Done!
11:41:49:665 [DiamsBot-Main] INFO : diamssword.bot.Main : --PostInit Plugins--
