SLF4J: Failed to load class "org.slf4j.impl.StaticLoggerBinder".
SLF4J: Defaulting to no-operation (NOP) logger implementation
SLF4J: See http://www.slf4j.org/codes.html#StaticLoggerBinder for further details.
SLF4J: Failed to load class "org.slf4j.impl.StaticMDCBinder".
SLF4J: Defaulting to no-operation MDCAdapter implementation.
SLF4J: See http://www.slf4j.org/codes.html#no_static_mdc_binder for further details.
[main] INFO JDA - Login Successful!
[JDA MainWS-ReadThread] INFO WebSocketClient - Connected to WebSocket
[JDA MainWS-ReadThread] INFO JDA - Finished Loading!
 INFO : diamssword.bot.Main : --Building and loading DiamsBot--
15:8:48:803 [DiamsBot-Main] INFO : diamssword.bot.Main : --Creating Storage and audioManager instance--
15:8:48:902 [DiamsBot-Main] INFO : diamssword.bot.Main : ...DONE!!
15:8:48:903 [DiamsBot-Main] INFO : diamssword.bot.Main : --Init Plugins--
15:8:49:93 [DiamsBot-Main] INFO : diamssword.bot.Main : --Init PermissionManager--
15:8:49:101 [DiamsBot-Main] INFO : diamssword.bot.Main : --Loading Commands--
15:8:49:144 [DiamsBot-Main] INFO : diamssword.bot.Main : ...Done!
15:8:49:145 [DiamsBot-Main] INFO : diamssword.bot.Main : --Loading Stored Datas for each guilds--
15:8:49:296 [DiamsBot-Main] INFO : diamssword.bot.Main : ...Done!
15:8:49:297 [DiamsBot-Main] INFO : diamssword.bot.Main : --Clearing Caches--
15:8:49:305 [DiamsBot-Main] INFO : diamssword.bot.audio.TTS.TextToSpeechBot : Cleared TTSCache
15:8:49:309 [DiamsBot-Main] INFO : diamssword.bot.Main : ...Done!
15:8:49:310 [DiamsBot-Main] INFO : diamssword.bot.Main : --Initing ticking Thread--
15:8:49:324 [DiamsBot-Main] INFO : diamssword.bot.Main : ...Done!
15:8:49:325 [DiamsBot-Main] INFO : diamssword.bot.Main : --PostInit Plugins--
