SLF4J: Failed to load class "org.slf4j.impl.StaticLoggerBinder".
SLF4J: Defaulting to no-operation (NOP) logger implementation
SLF4J: See http://www.slf4j.org/codes.html#StaticLoggerBinder for further details.
SLF4J: Failed to load class "org.slf4j.impl.StaticMDCBinder".
SLF4J: Defaulting to no-operation MDCAdapter implementation.
SLF4J: See http://www.slf4j.org/codes.html#no_static_mdc_binder for further details.
[main] INFO JDA - Login Successful!
[JDA MainWS-WriteThread] INFO WebSocketClient - Connected to WebSocket
[JDA MainWS-ReadThread] INFO JDA - Finished Loading!
INFO : diamssword.bot.Main : --Building and loading DiamsBot--
15:9:52:170 [DiamsBot-Main] INFO : diamssword.bot.Main : --Creating Storage and audioManager instance--
15:9:52:260 [DiamsBot-Main] INFO : diamssword.bot.Main : ...DONE!!
15:9:52:261 [DiamsBot-Main] INFO : diamssword.bot.Main : --Init Plugins--
15:9:52:318 [DiamsBot-Main] INFO : diamssword.bot.Main : --Init PermissionManager--
15:9:52:320 [DiamsBot-Main] INFO : diamssword.bot.Main : --Loading Commands--
15:9:52:359 [DiamsBot-Main] INFO : diamssword.bot.Main : ...Done!
15:9:52:360 [DiamsBot-Main] INFO : diamssword.bot.Main : --Loading Stored Datas for each guilds--
15:9:52:434 [DiamsBot-Main] INFO : diamssword.bot.Main : ...Done!
15:9:52:435 [DiamsBot-Main] INFO : diamssword.bot.Main : --Clearing Caches--
15:9:52:441 [DiamsBot-Main] INFO : diamssword.bot.audio.TTS.TextToSpeechBot : Cleared TTSCache
15:9:52:442 [DiamsBot-Main] INFO : diamssword.bot.Main : ...Done!
15:9:52:442 [DiamsBot-Main] INFO : diamssword.bot.Main : --Initing ticking Thread--
15:9:52:444 [DiamsBot-Main] INFO : diamssword.bot.Main : ...Done!
15:9:52:446 [DiamsBot-Main] INFO : diamssword.bot.Main : --PostInit Plugins--
