SLF4J: Failed to load class "org.slf4j.impl.StaticLoggerBinder".
SLF4J: Defaulting to no-operation (NOP) logger implementation
SLF4J: See http://www.slf4j.org/codes.html#StaticLoggerBinder for further details.
SLF4J: Failed to load class "org.slf4j.impl.StaticMDCBinder".
SLF4J: Defaulting to no-operation MDCAdapter implementation.
SLF4J: See http://www.slf4j.org/codes.html#no_static_mdc_binder for further details.
[main] INFO JDA - Login Successful!
[JDA MainWS-ReadThread] INFO WebSocketClient - Connected to WebSocket
[JDA MainWS-ReadThread] INFO JDA - Finished Loading!
 INFO : diamssword.bot.Main : --Building and loading DiamsBot--
10:7:37:15 [DiamsBot-Main] INFO : diamssword.bot.Main : --Creating Storage and audioManager instance--
10:7:37:76 [DiamsBot-Main] INFO : diamssword.bot.Main : ...DONE!!
10:7:37:77 [DiamsBot-Main] INFO : diamssword.bot.Main : --Init Plugins--
10:7:37:119 [DiamsBot-Main] INFO : diamssword.bot.Main : --Init PermissionManager--
10:7:37:121 [DiamsBot-Main] INFO : diamssword.bot.Main : --Loading Commands--
10:7:37:154 [DiamsBot-Main] INFO : diamssword.bot.Main : ...Done!
10:7:37:155 [DiamsBot-Main] INFO : diamssword.bot.Main : --Loading Stored Datas for each guilds--
10:7:37:225 [DiamsBot-Main] INFO : diamssword.bot.Main : ...Done!
10:7:37:226 [DiamsBot-Main] INFO : diamssword.bot.Main : --Clearing Caches--
10:7:37:232 [DiamsBot-Main] INFO : diamssword.bot.audio.TTS.TextToSpeechBot : Cleared TTSCache
10:7:37:233 [DiamsBot-Main] INFO : diamssword.bot.Main : ...Done!
10:7:37:234 [DiamsBot-Main] INFO : diamssword.bot.Main : --Initing ticking Thread--
10:7:37:237 [DiamsBot-Main] INFO : diamssword.bot.Main : ...Done!
10:7:37:238 [DiamsBot-Main] INFO : diamssword.bot.Main : --PostInit Plugins--
Diamss
Yato
