SLF4J: Failed to load class "org.slf4j.impl.StaticLoggerBinder".
SLF4J: Defaulting to no-operation (NOP) logger implementation
SLF4J: See http://www.slf4j.org/codes.html#StaticLoggerBinder for further details.
SLF4J: Failed to load class "org.slf4j.impl.StaticMDCBinder".
SLF4J: Defaulting to no-operation MDCAdapter implementation.
SLF4J: See http://www.slf4j.org/codes.html#no_static_mdc_binder for further details.
[main] INFO JDA - Login Successful!
[JDA MainWS-WriteThread] INFO WebSocketClient - Connected to WebSocket
[JDA MainWS-ReadThread] INFO JDA - Finished Loading!
ord.bot.Main : --Building and loading DiamsBot--
1:2:36:870 [DiamsBot-Main] INFO : diamssword.bot.Main : --Creating Storage and audioManager instance--
1:2:36:931 [DiamsBot-Main] INFO : diamssword.bot.Main : ...DONE!!
1:2:36:932 [DiamsBot-Main] INFO : diamssword.bot.Main : --Init Plugins--
1:2:36:974 [DiamsBot-Main] INFO : diamssword.bot.Main : --Init PermissionManager--
1:2:36:976 [DiamsBot-Main] INFO : diamssword.bot.Main : --Loading Commands--
1:2:37:20 [DiamsBot-Main] INFO : diamssword.bot.Main : ...Done!
1:2:37:22 [DiamsBot-Main] INFO : diamssword.bot.Main : --Loading Stored Datas for each guilds--
1:2:37:90 [DiamsBot-Main] INFO : diamssword.bot.Main : ...Done!
1:2:37:91 [DiamsBot-Main] INFO : diamssword.bot.Main : --Clearing Caches--
1:2:37:101 [DiamsBot-Main] INFO : diamssword.bot.audio.TTS.TextToSpeechBot : Cleared TTSCache
1:2:37:103 [DiamsBot-Main] INFO : diamssword.bot.Main : ...Done!
1:2:37:104 [DiamsBot-Main] INFO : diamssword.bot.Main : --Initing ticking Thread--
1:2:37:107 [DiamsBot-Main] INFO : diamssword.bot.Main : ...Done!
1:2:37:107 [DiamsBot-Main] INFO : diamssword.bot.Main : --PostInit Plugins--
1:2:49:448 [DiamsBot-Audio] INFO : diamssword.bot.audio.GuildPlayer : Queuing C:\Users\Diamssword\Documents\java_project\Discord_Bot\botdata\ttsCache\tts0.wav
