SLF4J: Failed to load class "org.slf4j.impl.StaticLoggerBinder".
SLF4J: Defaulting to no-operation (NOP) logger implementation
SLF4J: See http://www.slf4j.org/codes.html#StaticLoggerBinder for further details.
SLF4J: Failed to load class "org.slf4j.impl.StaticMDCBinder".
SLF4J: Defaulting to no-operation MDCAdapter implementation.
SLF4J: See http://www.slf4j.org/codes.html#no_static_mdc_binder for further details.
[main] INFO JDA - Login Successful!
[JDA MainWS-WriteThread] INFO WebSocketClient - Connected to WebSocket
[JDA MainWS-ReadThread] INFO JDA - Finished Loading!
INFO : diamssword.bot.Main : --Building and loading DiamsBot--
11:6:25:916 [DiamsBot-Main] INFO : diamssword.bot.Main : --Creating Storage and audioManager instance--
11:6:29:167 [DiamsBot-Main] INFO : diamssword.bot.Main : ...DONE!!
11:6:29:168 [DiamsBot-Main] INFO : diamssword.bot.Main : --Init Plugins--
11:6:29:221 [DiamsBot-Main] INFO : diamssword.bot.Main : --Loading Commands--
11:6:29:272 [DiamsBot-Main] INFO : diamssword.bot.Main : ...Done!
11:6:29:274 [DiamsBot-Main] INFO : diamssword.bot.Main : --Loading Stored Datas for each guilds--
11:6:29:424 [DiamsBot-Main] INFO : diamssword.bot.Main : ...Done!
11:6:29:426 [DiamsBot-Main] INFO : diamssword.bot.Main : --Clearing Caches--
11:6:29:433 [DiamsBot-Main] INFO : diamssword.bot.audio.TTS.TextToSpeechBot : Cleared TTSCache
11:6:29:435 [DiamsBot-Main] INFO : diamssword.bot.Main : ...Done!
11:6:29:437 [DiamsBot-Main] INFO : diamssword.bot.Main : --Initing ticking Thread--
11:6:29:440 [DiamsBot-Main] INFO : diamssword.bot.Main : ...Done!
11:6:29:442 [DiamsBot-Main] INFO : diamssword.bot.Main : --PostInit Plugins--
