juil. 25, 2019 12:13:26 AM Main preInit
GRAVE: Mon PLUGIN est reveillé!
juil. 25, 2019 12:13:26 AM Main preInit
GRAVE: Mon PLUGIN est reveillé!
SLF4J: Failed to load class "org.slf4j.impl.StaticLoggerBinder".
SLF4J: Defaulting to no-operation (NOP) logger implementation
SLF4J: See http://www.slf4j.org/codes.html#StaticLoggerBinder for further details.
SLF4J: Failed to load class "org.slf4j.impl.StaticMDCBinder".
SLF4J: Defaulting to no-operation MDCAdapter implementation.
SLF4J: See http://www.slf4j.org/codes.html#no_static_mdc_binder for further details.
[main] INFO JDA - Login Successful!
[JDA MainWS-ReadThread] INFO WebSocketClient - Connected to WebSocket
[JDA MainWS-ReadThread] INFO JDA - Finished Loading!
juil. 25, 2019 12:13:28 AM NewCommand init
INFOS: Initializing NewCommand
juil. 25, 2019 12:13:28 AM NewCommand init
INFOS: Initializing NewCommand
juil. 25, 2019 12:13:28 AM Main postInit
GRAVE: Tout est lancé Chef!
juil. 25, 2019 12:13:28 AM Main postInit
GRAVE: Tout est lancé Chef!
amsBot-Main] INFO  diamssword.bot.Main : --Loading Commands--
0:13:28:817 [DiamsBot-Main] INFO  diamssword.bot.Main : ...Done!
0:13:28:818 [DiamsBot-Main] INFO  diamssword.bot.Main : --Loading Stored Datas for each guilds--
0:13:28:821 [DiamsBot-Main] INFO  diamssword.bot.storage.Storage : Loaded GuildStorage:diamssword.bot.storage.savable.JudasSavable for Le domaine des dieux !'s guild!
0:13:28:831 [DiamsBot-Main] INFO  diamssword.bot.storage.Storage : Loaded GuildStorage:diamssword.bot.storage.savable.JudasSavable$JudasSavableWords for Le domaine des dieux !'s guild!
0:13:28:837 [DiamsBot-Main] INFO  diamssword.bot.storage.Storage : Loaded GuildStorage:diamssword.bot.commands.TTSCmd$TTSSavable for Le domaine des dieux !'s guild!
0:13:28:839 [DiamsBot-Main] INFO  diamssword.bot.storage.Storage : Loaded GuildStorage:diamssword.bot.storage.savable.WordImgSavable for Le domaine des dieux !'s guild!
0:13:28:840 [DiamsBot-Main] INFO  diamssword.bot.storage.Storage : Loaded GuildStorage:diamssword.bot.storage.savable.WordVoiceSavable for Le domaine des dieux !'s guild!
0:13:28:843 [DiamsBot-Main] INFO  diamssword.bot.storage.Storage : Loaded GuildStorage:diamssword.bot.storage.savable.JudasSavable for La Secte d'Olüm's guild!
0:13:28:845 [DiamsBot-Main] INFO  diamssword.bot.storage.Storage : Loaded GuildStorage:diamssword.bot.storage.savable.JudasSavable$JudasSavableWords for La Secte d'Olüm's guild!
0:13:28:846 [DiamsBot-Main] INFO  diamssword.bot.storage.Storage : Loaded GuildStorage:diamssword.bot.commands.TTSCmd$TTSSavable for La Secte d'Olüm's guild!
0:13:28:848 [DiamsBot-Main] INFO  diamssword.bot.storage.Storage : Loaded GuildStorage:diamssword.bot.storage.savable.WordImgSavable for La Secte d'Olüm's guild!
0:13:28:849 [DiamsBot-Main] INFO  diamssword.bot.storage.Storage : Loaded GuildStorage:diamssword.bot.storage.savable.WordVoiceSavable for La Secte d'Olüm's guild!
0:13:28:851 [DiamsBot-Main] INFO  diamssword.bot.storage.Storage : Loaded GuildStorage:diamssword.bot.storage.savable.JudasSavable for Jumpers's guild!
0:13:28:853 [DiamsBot-Main] INFO  diamssword.bot.storage.Storage : Loaded GuildStorage:diamssword.bot.storage.savable.JudasSavable$JudasSavableWords for Jumpers's guild!
0:13:28:855 [DiamsBot-Main] INFO  diamssword.bot.storage.Storage : Loaded GuildStorage:diamssword.bot.commands.TTSCmd$TTSSavable for Jumpers's guild!
0:13:28:856 [DiamsBot-Main] INFO  diamssword.bot.storage.Storage : Loaded GuildStorage:diamssword.bot.storage.savable.WordImgSavable for Jumpers's guild!
0:13:28:858 [DiamsBot-Main] INFO  diamssword.bot.storage.Storage : Loaded GuildStorage:diamssword.bot.storage.savable.WordVoiceSavable for Jumpers's guild!
0:13:28:860 [DiamsBot-Main] INFO  diamssword.bot.storage.Storage : Loaded GuildStorage:diamssword.bot.storage.savable.JudasSavable for Les dégénérés's guild!
0:13:28:864 [DiamsBot-Main] INFO  diamssword.bot.storage.Storage : Loaded GuildStorage:diamssword.bot.storage.savable.JudasSavable$JudasSavableWords for Les dégénérés's guild!
0:13:28:866 [DiamsBot-Main] INFO  diamssword.bot.storage.Storage : Loaded GuildStorage:diamssword.bot.commands.TTSCmd$TTSSavable for Les dégénérés's guild!
0:13:28:869 [DiamsBot-Main] INFO  diamssword.bot.storage.Storage : Loaded GuildStorage:diamssword.bot.storage.savable.WordImgSavable for Les dégénérés's guild!
0:13:28:874 [DiamsBot-Main] INFO  diamssword.bot.storage.Storage : Loaded GuildStorage:diamssword.bot.storage.savable.WordVoiceSavable for Les dégénérés's guild!
0:13:28:876 [DiamsBot-Main] INFO  diamssword.bot.Main : ...Done!
0:13:28:877 [DiamsBot-Main] INFO  diamssword.bot.Main : --Clearing Caches--
0:13:28:882 [DiamsBot-Main] INFO  diamssword.bot.audio.TTS.TextToSpeechBot : Cleared TTSCache
0:13:28:883 [DiamsBot-Main] INFO  diamssword.bot.Main : ...Done!
0:13:28:884 [DiamsBot-Main] INFO  diamssword.bot.Main : --Initing ticking Thread--
0:13:28:886 [DiamsBot-Main] INFO  diamssword.bot.Main : ...Done!
0:13:28:887 [DiamsBot-Main] INFO  diamssword.bot.Main : --PostInit Plugins--
