SLF4J: Failed to load class "org.slf4j.impl.StaticLoggerBinder".
SLF4J: Defaulting to no-operation (NOP) logger implementation
SLF4J: See http://www.slf4j.org/codes.html#StaticLoggerBinder for further details.
SLF4J: Failed to load class "org.slf4j.impl.StaticMDCBinder".
SLF4J: Defaulting to no-operation MDCAdapter implementation.
SLF4J: See http://www.slf4j.org/codes.html#no_static_mdc_binder for further details.
[main] INFO JDA - Login Successful!
[JDA MainWS-ReadThread] INFO WebSocketClient - Connected to WebSocket
[JDA MainWS-ReadThread] INFO JDA - Finished Loading!
t-Main] INFO : diamssword.bot.Main : --Building and loading DiamsBot--
22:55:37:909 [DiamsBot-Main] INFO : diamssword.bot.Main : --Creating Storage and audioManager instance--
22:55:37:998 [DiamsBot-Main] INFO : diamssword.bot.Main : ...DONE!!
22:55:37:999 [DiamsBot-Main] INFO : diamssword.bot.Main : --Init Plugins--
22:55:38:236 [DiamsBot-Main] INFO : diamssword.bot.Main : --Init PermissionManager--
22:55:38:251 [DiamsBot-Main] INFO : diamssword.bot.Main : --Loading Commands--
22:55:38:299 [DiamsBot-Main] INFO : diamssword.bot.Main : ...Done!
22:55:38:301 [DiamsBot-Main] INFO : diamssword.bot.Main : --Loading Stored Datas for each guilds--
22:55:38:464 [DiamsBot-Main] INFO : diamssword.bot.Main : ...Done!
22:55:38:464 [DiamsBot-Main] INFO : diamssword.bot.Main : --Clearing Caches--
22:55:38:471 [DiamsBot-Main] INFO : diamssword.bot.audio.TTS.TextToSpeechBot : Cleared TTSCache
22:55:38:473 [DiamsBot-Main] INFO : diamssword.bot.Main : ...Done!
22:55:38:473 [DiamsBot-Main] INFO : diamssword.bot.Main : --Initing ticking Thread--
22:55:38:486 [DiamsBot-Main] INFO : diamssword.bot.Main : ...Done!
22:55:38:487 [DiamsBot-Main] INFO : diamssword.bot.Main : --PostInit Plugins--
