SLF4J: Failed to load class "org.slf4j.impl.StaticLoggerBinder".
SLF4J: Defaulting to no-operation (NOP) logger implementation
SLF4J: See http://www.slf4j.org/codes.html#StaticLoggerBinder for further details.
SLF4J: Failed to load class "org.slf4j.impl.StaticMDCBinder".
SLF4J: Defaulting to no-operation MDCAdapter implementation.
SLF4J: See http://www.slf4j.org/codes.html#no_static_mdc_binder for further details.
[main] INFO JDA - Login Successful!
[JDA MainWS-ReadThread] INFO WebSocketClient - Connected to WebSocket
[JDA MainWS-ReadThread] INFO JDA - Finished Loading!
oved!!)--
14:39:4:246 [DiamsBot-Main] INFO : diamssword.bot.Main : ...Done!
14:39:4:248 [DiamsBot-Main] INFO : diamssword.bot.Main : --Building and loading DiamsBot--
14:39:6:211 [DiamsBot-Main] INFO : diamssword.bot.Main : --Creating Storage and audioManager instance--
14:39:6:274 [DiamsBot-Main] INFO : diamssword.bot.Main : ...DONE!!
14:39:6:275 [DiamsBot-Main] INFO : diamssword.bot.Main : --Init Plugins--
14:39:6:288 [DiamsBot-Main] INFO : diamssword.bot.Main : --Loading Commands--
14:39:6:324 [DiamsBot-Main] INFO : diamssword.bot.Main : ...Done!
14:39:6:325 [DiamsBot-Main] INFO : diamssword.bot.Main : --Loading Stored Datas for each guilds--
14:39:6:370 [DiamsBot-Main] INFO : diamssword.bot.Main : ...Done!
14:39:6:371 [DiamsBot-Main] INFO : diamssword.bot.Main : --Clearing Caches--
14:39:6:377 [DiamsBot-Main] INFO : diamssword.bot.audio.TTS.TextToSpeechBot : Cleared TTSCache
14:39:6:378 [DiamsBot-Main] INFO : diamssword.bot.Main : ...Done!
14:39:6:379 [DiamsBot-Main] INFO : diamssword.bot.Main : --Initing ticking Thread--
14:39:6:381 [DiamsBot-Main] INFO : diamssword.bot.Main : ...Done!
14:39:6:382 [DiamsBot-Main] INFO : diamssword.bot.Main : --PostInit Plugins--
